{"/Users/charles/Desktop/projects/Node/react-app-express-proxy/api/src/index.ts": {"path":"/Users/charles/Desktop/projects/Node/react-app-express-proxy/api/src/index.ts","statementMap":{"0":{"start":{"line":1,"column":0},"end":{"line":1,"column":37}},"1":{"start":{"line":2,"column":0},"end":{"line":2,"column":48}},"2":{"start":{"line":4,"column":15},"end":{"line":4,"column":47}},"3":{"start":{"line":5,"column":0},"end":{"line":13,"column":5}},"4":{"start":{"line":6,"column":2},"end":{"line":12,"column":null}},"5":{"start":{"line":7,"column":16},"end":{"line":7,"column":37}},"6":{"start":{"line":8,"column":4},"end":{"line":8,"column":27}},"7":{"start":{"line":10,"column":4},"end":{"line":10,"column":62}},"8":{"start":{"line":11,"column":4},"end":{"line":11,"column":20}}},"fnMap":{"0":{"name":"(anonymous_1)","decl":{"start":{"line":5,"column":1},"end":{"line":5,"column":6}},"loc":{"start":{"line":5,"column":12},"end":{"line":13,"column":1}}}},"branchMap":{},"s":{"0":0,"1":0,"2":0,"3":0,"4":0,"5":0,"6":0,"7":0,"8":0},"f":{"0":0},"b":{}}
,"/Users/charles/Desktop/projects/Node/react-app-express-proxy/api/src/routes.ts": {"path":"/Users/charles/Desktop/projects/Node/react-app-express-proxy/api/src/routes.ts","statementMap":{"0":{"start":{"line":4,"column":0},"end":{"line":4,"column":156}},"1":{"start":{"line":6,"column":0},"end":{"line":6,"column":64}},"2":{"start":{"line":7,"column":0},"end":{"line":7,"column":44}},"3":{"start":{"line":14,"column":33},"end":{"line":50,"column":2}},"4":{"start":{"line":51,"column":26},"end":{"line":51,"column":55}},"5":{"start":{"line":60,"column":8},"end":{"line":88,"column":11}},"6":{"start":{"line":65,"column":25},"end":{"line":67,"column":14}},"7":{"start":{"line":71,"column":39},"end":{"line":71,"column":41}},"8":{"start":{"line":72,"column":12},"end":{"line":87,"column":null}},"9":{"start":{"line":73,"column":16},"end":{"line":73,"column":74}},"10":{"start":{"line":75,"column":48},"end":{"line":75,"column":146}},"11":{"start":{"line":77,"column":40},"end":{"line":77,"column":91}},"12":{"start":{"line":78,"column":16},"end":{"line":80,"column":null}},"13":{"start":{"line":79,"column":16},"end":{"line":79,"column":48}},"14":{"start":{"line":83,"column":30},"end":{"line":83,"column":88}},"15":{"start":{"line":84,"column":14},"end":{"line":84,"column":77}},"16":{"start":{"line":86,"column":16},"end":{"line":86,"column":33}},"17":{"start":{"line":90,"column":8},"end":{"line":122,"column":11}},"18":{"start":{"line":95,"column":25},"end":{"line":101,"column":14}},"19":{"start":{"line":105,"column":39},"end":{"line":105,"column":41}},"20":{"start":{"line":106,"column":12},"end":{"line":121,"column":null}},"21":{"start":{"line":107,"column":16},"end":{"line":107,"column":74}},"22":{"start":{"line":109,"column":48},"end":{"line":109,"column":146}},"23":{"start":{"line":111,"column":40},"end":{"line":111,"column":91}},"24":{"start":{"line":112,"column":16},"end":{"line":114,"column":null}},"25":{"start":{"line":113,"column":16},"end":{"line":113,"column":48}},"26":{"start":{"line":117,"column":30},"end":{"line":117,"column":89}},"27":{"start":{"line":118,"column":14},"end":{"line":118,"column":77}},"28":{"start":{"line":120,"column":16},"end":{"line":120,"column":33}},"29":{"start":{"line":124,"column":8},"end":{"line":152,"column":11}},"30":{"start":{"line":129,"column":25},"end":{"line":131,"column":14}},"31":{"start":{"line":135,"column":39},"end":{"line":135,"column":41}},"32":{"start":{"line":136,"column":12},"end":{"line":151,"column":null}},"33":{"start":{"line":137,"column":16},"end":{"line":137,"column":74}},"34":{"start":{"line":139,"column":48},"end":{"line":139,"column":146}},"35":{"start":{"line":141,"column":40},"end":{"line":141,"column":91}},"36":{"start":{"line":142,"column":16},"end":{"line":144,"column":null}},"37":{"start":{"line":143,"column":16},"end":{"line":143,"column":48}},"38":{"start":{"line":147,"column":30},"end":{"line":147,"column":91}},"39":{"start":{"line":148,"column":14},"end":{"line":148,"column":77}},"40":{"start":{"line":150,"column":16},"end":{"line":150,"column":33}},"41":{"start":{"line":154,"column":8},"end":{"line":182,"column":11}},"42":{"start":{"line":159,"column":25},"end":{"line":161,"column":14}},"43":{"start":{"line":165,"column":39},"end":{"line":165,"column":41}},"44":{"start":{"line":166,"column":12},"end":{"line":181,"column":null}},"45":{"start":{"line":167,"column":16},"end":{"line":167,"column":74}},"46":{"start":{"line":169,"column":48},"end":{"line":169,"column":146}},"47":{"start":{"line":171,"column":40},"end":{"line":171,"column":91}},"48":{"start":{"line":172,"column":16},"end":{"line":174,"column":null}},"49":{"start":{"line":173,"column":16},"end":{"line":173,"column":48}},"50":{"start":{"line":177,"column":30},"end":{"line":177,"column":91}},"51":{"start":{"line":178,"column":14},"end":{"line":178,"column":77}},"52":{"start":{"line":180,"column":16},"end":{"line":180,"column":33}},"53":{"start":{"line":184,"column":8},"end":{"line":212,"column":11}},"54":{"start":{"line":189,"column":25},"end":{"line":191,"column":14}},"55":{"start":{"line":195,"column":39},"end":{"line":195,"column":41}},"56":{"start":{"line":196,"column":12},"end":{"line":211,"column":null}},"57":{"start":{"line":197,"column":16},"end":{"line":197,"column":74}},"58":{"start":{"line":199,"column":48},"end":{"line":199,"column":146}},"59":{"start":{"line":201,"column":40},"end":{"line":201,"column":91}},"60":{"start":{"line":202,"column":16},"end":{"line":204,"column":null}},"61":{"start":{"line":203,"column":16},"end":{"line":203,"column":48}},"62":{"start":{"line":207,"column":30},"end":{"line":207,"column":91}},"63":{"start":{"line":208,"column":14},"end":{"line":208,"column":77}},"64":{"start":{"line":210,"column":16},"end":{"line":210,"column":33}},"65":{"start":{"line":221,"column":8},"end":{"line":221,"column":88}},"66":{"start":{"line":225,"column":8},"end":{"line":238,"column":48}},"67":{"start":{"line":227,"column":33},"end":{"line":227,"column":46}},"68":{"start":{"line":229,"column":16},"end":{"line":232,"column":null}},"69":{"start":{"line":230,"column":20},"end":{"line":230,"column":57}},"70":{"start":{"line":231,"column":20},"end":{"line":231,"column":73}},"71":{"start":{"line":236,"column":16},"end":{"line":236,"column":null}},"72":{"start":{"line":238,"column":35},"end":{"line":238,"column":46}},"73":{"start":{"line":244,"column":8},"end":{"line":246,"column":null}},"74":{"start":{"line":245,"column":12},"end":{"line":245,"column":19}},"75":{"start":{"line":247,"column":8},"end":{"line":249,"column":11}},"76":{"start":{"line":248,"column":12},"end":{"line":248,"column":46}},"77":{"start":{"line":250,"column":8},"end":{"line":256,"column":null}},"78":{"start":{"line":251,"column":12},"end":{"line":251,"column":32}},"79":{"start":{"line":252,"column":15},"end":{"line":256,"column":null}},"80":{"start":{"line":253,"column":12},"end":{"line":253,"column":58}},"81":{"start":{"line":255,"column":12},"end":{"line":255,"column":53}},"82":{"start":{"line":262,"column":8},"end":{"line":264,"column":10}},"83":{"start":{"line":263,"column":12},"end":{"line":263,"column":59}},"84":{"start":{"line":270,"column":42},"end":{"line":270,"column":44}},"85":{"start":{"line":271,"column":23},"end":{"line":297,"column":10}},"86":{"start":{"line":272,"column":25},"end":{"line":272,"column":39}},"87":{"start":{"line":273,"column":12},"end":{"line":296,"column":null}},"88":{"start":{"line":275,"column":20},"end":{"line":275,"column":35}},"89":{"start":{"line":277,"column":20},"end":{"line":277,"column":175}},"90":{"start":{"line":279,"column":20},"end":{"line":279,"column":176}},"91":{"start":{"line":281,"column":20},"end":{"line":281,"column":176}},"92":{"start":{"line":283,"column":20},"end":{"line":283,"column":168}},"93":{"start":{"line":285,"column":20},"end":{"line":285,"column":172}},"94":{"start":{"line":287,"column":20},"end":{"line":293,"column":null}},"95":{"start":{"line":288,"column":24},"end":{"line":288,"column":172}},"96":{"start":{"line":289,"column":27},"end":{"line":293,"column":null}},"97":{"start":{"line":290,"column":24},"end":{"line":290,"column":173}},"98":{"start":{"line":292,"column":24},"end":{"line":292,"column":178}},"99":{"start":{"line":295,"column":20},"end":{"line":295,"column":47}},"100":{"start":{"line":299,"column":8},"end":{"line":301,"column":null}},"101":{"start":{"line":300,"column":12},"end":{"line":300,"column":53}},"102":{"start":{"line":302,"column":8},"end":{"line":302,"column":22}},"103":{"start":{"line":55,"column":0},"end":{"line":55,"column":16}}},"fnMap":{"0":{"name":"RegisterRoutes","decl":{"start":{"line":55,"column":16},"end":{"line":55,"column":30}},"loc":{"start":{"line":55,"column":50},"end":{"line":306,"column":1}}},"1":{"name":"UserController_getUser","decl":{"start":{"line":64,"column":27},"end":{"line":64,"column":49}},"loc":{"start":{"line":64,"column":88},"end":{"line":88,"column":9}}},"2":{"name":"UserController_getUsers","decl":{"start":{"line":94,"column":27},"end":{"line":94,"column":50}},"loc":{"start":{"line":94,"column":89},"end":{"line":122,"column":9}}},"3":{"name":"UserController_createUser","decl":{"start":{"line":128,"column":27},"end":{"line":128,"column":52}},"loc":{"start":{"line":128,"column":91},"end":{"line":152,"column":9}}},"4":{"name":"UserController_updateUser","decl":{"start":{"line":158,"column":27},"end":{"line":158,"column":52}},"loc":{"start":{"line":158,"column":91},"end":{"line":182,"column":9}}},"5":{"name":"UserController_deleteUser","decl":{"start":{"line":188,"column":27},"end":{"line":188,"column":52}},"loc":{"start":{"line":188,"column":91},"end":{"line":212,"column":9}}},"6":{"name":"isController","decl":{"start":{"line":220,"column":13},"end":{"line":220,"column":25}},"loc":{"start":{"line":220,"column":37},"end":{"line":222,"column":5}}},"7":{"name":"promiseHandler","decl":{"start":{"line":224,"column":13},"end":{"line":224,"column":27}},"loc":{"start":{"line":224,"column":106},"end":{"line":239,"column":5}}},"8":{"name":"(anonymous_8)","decl":{"start":{"line":226,"column":18},"end":{"line":226,"column":19}},"loc":{"start":{"line":226,"column":32},"end":{"line":237,"column":13}}},"9":{"name":"(anonymous_9)","decl":{"start":{"line":238,"column":19},"end":{"line":238,"column":20}},"loc":{"start":{"line":238,"column":35},"end":{"line":238,"column":46}}},"10":{"name":"returnHandler","decl":{"start":{"line":243,"column":13},"end":{"line":243,"column":26}},"loc":{"start":{"line":243,"column":92},"end":{"line":257,"column":5}}},"11":{"name":"(anonymous_11)","decl":{"start":{"line":247,"column":37},"end":{"line":247,"column":38}},"loc":{"start":{"line":247,"column":54},"end":{"line":249,"column":9}}},"12":{"name":"responder","decl":{"start":{"line":261,"column":13},"end":{"line":261,"column":22}},"loc":{"start":{"line":261,"column":36},"end":{"line":265,"column":5}}},"13":{"name":"(anonymous_13)","decl":{"start":{"line":262,"column":15},"end":{"line":262,"column":24}},"loc":{"start":{"line":262,"column":45},"end":{"line":264,"column":9}}},"14":{"name":"getValidatedArgs","decl":{"start":{"line":269,"column":13},"end":{"line":269,"column":29}},"loc":{"start":{"line":269,"column":68},"end":{"line":303,"column":5}}},"15":{"name":"(anonymous_15)","decl":{"start":{"line":271,"column":45},"end":{"line":271,"column":46}},"loc":{"start":{"line":271,"column":53},"end":{"line":297,"column":9}}}},"branchMap":{"0":{"loc":{"start":{"line":75,"column":86},"end":{"line":75,"column":131}},"type":"cond-expr","locations":[{"start":{"line":75,"column":86},"end":{"line":75,"column":131}},{"start":{"line":75,"column":134},"end":{"line":75,"column":146}}]},"1":{"loc":{"start":{"line":78,"column":16},"end":{"line":80,"column":null}},"type":"if","locations":[{"start":{"line":78,"column":16},"end":{"line":80,"column":null}}]},"2":{"loc":{"start":{"line":109,"column":86},"end":{"line":109,"column":131}},"type":"cond-expr","locations":[{"start":{"line":109,"column":86},"end":{"line":109,"column":131}},{"start":{"line":109,"column":134},"end":{"line":109,"column":146}}]},"3":{"loc":{"start":{"line":112,"column":16},"end":{"line":114,"column":null}},"type":"if","locations":[{"start":{"line":112,"column":16},"end":{"line":114,"column":null}}]},"4":{"loc":{"start":{"line":139,"column":86},"end":{"line":139,"column":131}},"type":"cond-expr","locations":[{"start":{"line":139,"column":86},"end":{"line":139,"column":131}},{"start":{"line":139,"column":134},"end":{"line":139,"column":146}}]},"5":{"loc":{"start":{"line":142,"column":16},"end":{"line":144,"column":null}},"type":"if","locations":[{"start":{"line":142,"column":16},"end":{"line":144,"column":null}}]},"6":{"loc":{"start":{"line":169,"column":86},"end":{"line":169,"column":131}},"type":"cond-expr","locations":[{"start":{"line":169,"column":86},"end":{"line":169,"column":131}},{"start":{"line":169,"column":134},"end":{"line":169,"column":146}}]},"7":{"loc":{"start":{"line":172,"column":16},"end":{"line":174,"column":null}},"type":"if","locations":[{"start":{"line":172,"column":16},"end":{"line":174,"column":null}}]},"8":{"loc":{"start":{"line":199,"column":86},"end":{"line":199,"column":131}},"type":"cond-expr","locations":[{"start":{"line":199,"column":86},"end":{"line":199,"column":131}},{"start":{"line":199,"column":134},"end":{"line":199,"column":146}}]},"9":{"loc":{"start":{"line":202,"column":16},"end":{"line":204,"column":null}},"type":"if","locations":[{"start":{"line":202,"column":16},"end":{"line":204,"column":null}}]},"10":{"loc":{"start":{"line":221,"column":15},"end":{"line":221,"column":37}},"type":"binary-expr","locations":[{"start":{"line":221,"column":15},"end":{"line":221,"column":37}},{"start":{"line":221,"column":41},"end":{"line":221,"column":62}},{"start":{"line":221,"column":66},"end":{"line":221,"column":87}}]},"11":{"loc":{"start":{"line":229,"column":16},"end":{"line":232,"column":null}},"type":"if","locations":[{"start":{"line":229,"column":16},"end":{"line":232,"column":null}}]},"12":{"loc":{"start":{"line":231,"column":33},"end":{"line":231,"column":58}},"type":"binary-expr","locations":[{"start":{"line":231,"column":33},"end":{"line":231,"column":58}},{"start":{"line":231,"column":62},"end":{"line":231,"column":72}}]},"13":{"loc":{"start":{"line":243,"column":90},"end":{"line":243,"column":92}},"type":"default-arg","locations":[{"start":{"line":243,"column":90},"end":{"line":243,"column":92}}]},"14":{"loc":{"start":{"line":244,"column":8},"end":{"line":246,"column":null}},"type":"if","locations":[{"start":{"line":244,"column":8},"end":{"line":246,"column":null}}]},"15":{"loc":{"start":{"line":250,"column":8},"end":{"line":256,"column":null}},"type":"if","locations":[{"start":{"line":250,"column":8},"end":{"line":256,"column":null}},{"start":{"line":252,"column":15},"end":{"line":256,"column":null}}]},"16":{"loc":{"start":{"line":250,"column":12},"end":{"line":250,"column":16}},"type":"binary-expr","locations":[{"start":{"line":250,"column":12},"end":{"line":250,"column":16}},{"start":{"line":250,"column":20},"end":{"line":250,"column":51}},{"start":{"line":250,"column":55},"end":{"line":250,"column":68}},{"start":{"line":250,"column":72},"end":{"line":250,"column":104}}]},"17":{"loc":{"start":{"line":252,"column":15},"end":{"line":256,"column":null}},"type":"if","locations":[{"start":{"line":252,"column":15},"end":{"line":256,"column":null}},{"start":{"line":254,"column":15},"end":{"line":256,"column":null}}]},"18":{"loc":{"start":{"line":252,"column":19},"end":{"line":252,"column":32}},"type":"binary-expr","locations":[{"start":{"line":252,"column":19},"end":{"line":252,"column":32}},{"start":{"line":252,"column":36},"end":{"line":252,"column":54}}]},"19":{"loc":{"start":{"line":253,"column":28},"end":{"line":253,"column":38}},"type":"binary-expr","locations":[{"start":{"line":253,"column":28},"end":{"line":253,"column":38}},{"start":{"line":253,"column":42},"end":{"line":253,"column":45}}]},"20":{"loc":{"start":{"line":255,"column":28},"end":{"line":255,"column":38}},"type":"binary-expr","locations":[{"start":{"line":255,"column":28},"end":{"line":255,"column":38}},{"start":{"line":255,"column":42},"end":{"line":255,"column":45}}]},"21":{"loc":{"start":{"line":274,"column":16},"end":{"line":275,"column":35}},"type":"switch","locations":[{"start":{"line":274,"column":16},"end":{"line":275,"column":35}},{"start":{"line":276,"column":16},"end":{"line":277,"column":175}},{"start":{"line":278,"column":16},"end":{"line":279,"column":176}},{"start":{"line":280,"column":16},"end":{"line":281,"column":176}},{"start":{"line":282,"column":16},"end":{"line":283,"column":168}},{"start":{"line":284,"column":16},"end":{"line":285,"column":172}},{"start":{"line":286,"column":16},"end":{"line":293,"column":null}},{"start":{"line":294,"column":16},"end":{"line":295,"column":47}}]},"22":{"loc":{"start":{"line":287,"column":20},"end":{"line":293,"column":null}},"type":"if","locations":[{"start":{"line":287,"column":20},"end":{"line":293,"column":null}},{"start":{"line":289,"column":27},"end":{"line":293,"column":null}}]},"23":{"loc":{"start":{"line":289,"column":27},"end":{"line":293,"column":null}},"type":"if","locations":[{"start":{"line":289,"column":27},"end":{"line":293,"column":null}},{"start":{"line":291,"column":27},"end":{"line":293,"column":null}}]},"24":{"loc":{"start":{"line":289,"column":31},"end":{"line":289,"column":61}},"type":"binary-expr","locations":[{"start":{"line":289,"column":31},"end":{"line":289,"column":61}},{"start":{"line":289,"column":65},"end":{"line":289,"column":100}}]},"25":{"loc":{"start":{"line":299,"column":8},"end":{"line":301,"column":null}},"type":"if","locations":[{"start":{"line":299,"column":8},"end":{"line":301,"column":null}}]}},"s":{"0":0,"1":0,"2":0,"3":0,"4":0,"5":0,"6":0,"7":0,"8":0,"9":0,"10":0,"11":0,"12":0,"13":0,"14":0,"15":0,"16":0,"17":0,"18":0,"19":0,"20":0,"21":0,"22":0,"23":0,"24":0,"25":0,"26":0,"27":0,"28":0,"29":0,"30":0,"31":0,"32":0,"33":0,"34":0,"35":0,"36":0,"37":0,"38":0,"39":0,"40":0,"41":0,"42":0,"43":0,"44":0,"45":0,"46":0,"47":0,"48":0,"49":0,"50":0,"51":0,"52":0,"53":0,"54":0,"55":0,"56":0,"57":0,"58":0,"59":0,"60":0,"61":0,"62":0,"63":0,"64":0,"65":0,"66":0,"67":0,"68":0,"69":0,"70":0,"71":0,"72":0,"73":0,"74":0,"75":0,"76":0,"77":0,"78":0,"79":0,"80":0,"81":0,"82":0,"83":0,"84":0,"85":0,"86":0,"87":0,"88":0,"89":0,"90":0,"91":0,"92":0,"93":0,"94":0,"95":0,"96":0,"97":0,"98":0,"99":0,"100":0,"101":0,"102":0,"103":0},"f":{"0":0,"1":0,"2":0,"3":0,"4":0,"5":0,"6":0,"7":0,"8":0,"9":0,"10":0,"11":0,"12":0,"13":0,"14":0,"15":0},"b":{"0":[0,0],"1":[0],"2":[0,0],"3":[0],"4":[0,0],"5":[0],"6":[0,0],"7":[0],"8":[0,0],"9":[0],"10":[0,0,0],"11":[0],"12":[0,0],"13":[0],"14":[0],"15":[0,0],"16":[0,0,0,0],"17":[0,0],"18":[0,0],"19":[0,0],"20":[0,0],"21":[0,0,0,0,0,0,0,0],"22":[0,0],"23":[0,0],"24":[0,0],"25":[0]}}
,"/Users/charles/Desktop/projects/Node/react-app-express-proxy/api/src/common/configuration.ts": {"path":"/Users/charles/Desktop/projects/Node/react-app-express-proxy/api/src/common/configuration.ts","statementMap":{"0":{"start":{"line":1,"column":0},"end":{"line":1,"column":23}},"1":{"start":{"line":16,"column":15},"end":{"line":28,"column":2}},"2":{"start":{"line":30,"column":0},"end":{"line":34,"column":3}},"3":{"start":{"line":31,"column":2},"end":{"line":33,"column":null}},"4":{"start":{"line":32,"column":4},"end":{"line":32,"column":60}},"5":{"start":{"line":36,"column":0},"end":{"line":36,"column":22}}},"fnMap":{"0":{"name":"(anonymous_0)","decl":{"start":{"line":30,"column":31},"end":{"line":30,"column":32}},"loc":{"start":{"line":30,"column":48},"end":{"line":34,"column":1}}}},"branchMap":{"0":{"loc":{"start":{"line":18,"column":17},"end":{"line":18,"column":33}},"type":"binary-expr","locations":[{"start":{"line":18,"column":17},"end":{"line":18,"column":33}},{"start":{"line":18,"column":37},"end":{"line":18,"column":39}}]},"1":{"loc":{"start":{"line":21,"column":19},"end":{"line":21,"column":41}},"type":"binary-expr","locations":[{"start":{"line":21,"column":19},"end":{"line":21,"column":41}},{"start":{"line":21,"column":45},"end":{"line":21,"column":47}}]},"2":{"loc":{"start":{"line":25,"column":21},"end":{"line":25,"column":58}},"type":"binary-expr","locations":[{"start":{"line":25,"column":21},"end":{"line":25,"column":58}},{"start":{"line":25,"column":62},"end":{"line":25,"column":67}}]},"3":{"loc":{"start":{"line":31,"column":2},"end":{"line":33,"column":null}},"type":"if","locations":[{"start":{"line":31,"column":2},"end":{"line":33,"column":null}}]},"4":{"loc":{"start":{"line":31,"column":6},"end":{"line":31,"column":19}},"type":"binary-expr","locations":[{"start":{"line":31,"column":6},"end":{"line":31,"column":19}},{"start":{"line":31,"column":23},"end":{"line":31,"column":35}}]}},"s":{"0":0,"1":0,"2":0,"3":0,"4":0,"5":0},"f":{"0":0},"b":{"0":[0,0],"1":[0,0],"2":[0,0],"3":[0],"4":[0,0]}}
,"/Users/charles/Desktop/projects/Node/react-app-express-proxy/api/src/common/controller.ts": {"path":"/Users/charles/Desktop/projects/Node/react-app-express-proxy/api/src/common/controller.ts","statementMap":{"0":{"start":{"line":1,"column":0},"end":{"line":1,"column":48}}},"fnMap":{},"branchMap":{},"s":{"0":0},"f":{},"b":{}}
,"/Users/charles/Desktop/projects/Node/react-app-express-proxy/api/src/common/ioc.ts": {"path":"/Users/charles/Desktop/projects/Node/react-app-express-proxy/api/src/common/ioc.ts","statementMap":{"0":{"start":{"line":1,"column":0},"end":{"line":1,"column":20}},"1":{"start":{"line":28,"column":2},"end":{"line":1,"column":30}},"2":{"start":{"line":25,"column":2},"end":{"line":1,"column":38}},"3":{"start":{"line":24,"column":2},"end":{"line":1,"column":80}},"4":{"start":{"line":2,"column":0},"end":{"line":2,"column":null}},"5":{"start":{"line":27,"column":2},"end":{"line":3,"column":null}},"6":{"start":{"line":26,"column":2},"end":{"line":5,"column":null}},"7":{"start":{"line":7,"column":0},"end":{"line":7,"column":34}},"8":{"start":{"line":10,"column":21},"end":{"line":10,"column":36}},"9":{"start":{"line":22,"column":2},"end":{"line":22,"column":14}},"10":{"start":{"line":12,"column":0},"end":{"line":12,"column":35}},"11":{"start":{"line":14,"column":25},"end":{"line":18,"column":1}},"12":{"start":{"line":17,"column":2},"end":{"line":17,"column":65}},"13":{"start":{"line":23,"column":2},"end":{"line":23,"column":18}}},"fnMap":{"0":{"name":"(anonymous_0)","decl":{"start":{"line":28,"column":2},"end":{"line":28,"column":10}},"loc":{"start":{"line":28,"column":2},"end":{"line":1,"column":30}}},"1":{"name":"(anonymous_1)","decl":{"start":{"line":25,"column":2},"end":{"line":25,"column":8}},"loc":{"start":{"line":25,"column":2},"end":{"line":1,"column":38}}},"2":{"name":"(anonymous_2)","decl":{"start":{"line":24,"column":2},"end":{"line":24,"column":12}},"loc":{"start":{"line":24,"column":2},"end":{"line":1,"column":80}}},"3":{"name":"(anonymous_3)","decl":{"start":{"line":27,"column":2},"end":{"line":27,"column":13}},"loc":{"start":{"line":27,"column":2},"end":{"line":3,"column":null}}},"4":{"name":"(anonymous_4)","decl":{"start":{"line":26,"column":2},"end":{"line":26,"column":9}},"loc":{"start":{"line":26,"column":2},"end":{"line":5,"column":null}}},"5":{"name":"(anonymous_5)","decl":{"start":{"line":14,"column":25},"end":{"line":14,"column":null}},"loc":{"start":{"line":15,"column":45},"end":{"line":18,"column":1}}}},"branchMap":{},"s":{"0":0,"1":0,"2":0,"3":0,"4":0,"5":0,"6":0,"7":0,"8":0,"9":0,"10":0,"11":0,"12":0,"13":0},"f":{"0":0,"1":0,"2":0,"3":0,"4":0,"5":0},"b":{}}
,"/Users/charles/Desktop/projects/Node/react-app-express-proxy/api/src/common/logger.ts": {"path":"/Users/charles/Desktop/projects/Node/react-app-express-proxy/api/src/common/logger.ts","statementMap":{"0":{"start":{"line":1,"column":0},"end":{"line":1,"column":54}},"1":{"start":{"line":2,"column":0},"end":{"line":2,"column":37}},"2":{"start":{"line":4,"column":15},"end":{"line":12,"column":2}},"3":{"start":{"line":14,"column":0},"end":{"line":14,"column":22}}},"fnMap":{},"branchMap":{},"s":{"0":0,"1":0,"2":0,"3":0},"f":{},"b":{}}
,"/Users/charles/Desktop/projects/Node/react-app-express-proxy/api/src/common/response.ts": {"path":"/Users/charles/Desktop/projects/Node/react-app-express-proxy/api/src/common/response.ts","statementMap":{"0":{"start":{"line":2,"column":21},"end":{"line":2,"column":38}},"1":{"start":{"line":2,"column":50},"end":{"line":2,"column":60}},"2":{"start":{"line":1,"column":0},"end":{"line":1,"column":13}},"3":{"start":{"line":5,"column":21},"end":{"line":5,"column":38}},"4":{"start":{"line":5,"column":50},"end":{"line":5,"column":60}},"5":{"start":{"line":4,"column":0},"end":{"line":4,"column":13}},"6":{"start":{"line":14,"column":4},"end":{"line":14,"column":26}},"7":{"start":{"line":12,"column":0},"end":{"line":12,"column":13}},"8":{"start":{"line":20,"column":4},"end":{"line":20,"column":24}},"9":{"start":{"line":18,"column":0},"end":{"line":18,"column":13}},"10":{"start":{"line":26,"column":4},"end":{"line":26,"column":24}},"11":{"start":{"line":24,"column":0},"end":{"line":24,"column":13}},"12":{"start":{"line":32,"column":4},"end":{"line":32,"column":24}},"13":{"start":{"line":30,"column":0},"end":{"line":30,"column":13}},"14":{"start":{"line":38,"column":4},"end":{"line":38,"column":24}},"15":{"start":{"line":36,"column":0},"end":{"line":36,"column":13}}},"fnMap":{"0":{"name":"(anonymous_0)","decl":{"start":{"line":2,"column":2},"end":{"line":2,"column":21}},"loc":{"start":{"line":2,"column":60},"end":{"line":2,"column":64}}},"1":{"name":"(anonymous_1)","decl":{"start":{"line":5,"column":2},"end":{"line":5,"column":21}},"loc":{"start":{"line":5,"column":60},"end":{"line":5,"column":64}}},"2":{"name":"(anonymous_2)","decl":{"start":{"line":13,"column":2},"end":{"line":13,"column":null}},"loc":{"start":{"line":13,"column":2},"end":{"line":15,"column":3}}},"3":{"name":"(anonymous_3)","decl":{"start":{"line":19,"column":2},"end":{"line":19,"column":14}},"loc":{"start":{"line":19,"column":24},"end":{"line":21,"column":3}}},"4":{"name":"(anonymous_4)","decl":{"start":{"line":25,"column":2},"end":{"line":25,"column":14}},"loc":{"start":{"line":25,"column":24},"end":{"line":27,"column":3}}},"5":{"name":"(anonymous_5)","decl":{"start":{"line":31,"column":2},"end":{"line":31,"column":14}},"loc":{"start":{"line":31,"column":24},"end":{"line":33,"column":3}}},"6":{"name":"(anonymous_6)","decl":{"start":{"line":37,"column":2},"end":{"line":37,"column":14}},"loc":{"start":{"line":37,"column":24},"end":{"line":39,"column":3}}}},"branchMap":{"0":{"loc":{"start":{"line":2,"column":38},"end":{"line":2,"column":41}},"type":"default-arg","locations":[{"start":{"line":2,"column":38},"end":{"line":2,"column":41}}]},"1":{"loc":{"start":{"line":5,"column":38},"end":{"line":5,"column":41}},"type":"default-arg","locations":[{"start":{"line":5,"column":38},"end":{"line":5,"column":41}}]}},"s":{"0":0,"1":0,"2":0,"3":0,"4":0,"5":0,"6":0,"7":0,"8":0,"9":0,"10":0,"11":0,"12":0,"13":0,"14":0,"15":0},"f":{"0":0,"1":0,"2":0,"3":0,"4":0,"5":0,"6":0},"b":{"0":[0],"1":[0]}}
,"/Users/charles/Desktop/projects/Node/react-app-express-proxy/api/src/common/service.ts": {"path":"/Users/charles/Desktop/projects/Node/react-app-express-proxy/api/src/common/service.ts","statementMap":{"0":{"start":{"line":1,"column":0},"end":{"line":1,"column":53}},"1":{"start":{"line":2,"column":0},"end":{"line":2,"column":38}},"2":{"start":{"line":4,"column":0},"end":{"line":4,"column":59}},"3":{"start":{"line":9,"column":12},"end":{"line":9,"column":63}},"4":{"start":{"line":11,"column":4},"end":{"line":11,"column":49}},"5":{"start":{"line":12,"column":4},"end":{"line":12,"column":39}},"6":{"start":{"line":16,"column":27},"end":{"line":16,"column":64}},"7":{"start":{"line":17,"column":4},"end":{"line":17,"column":37}},"8":{"start":{"line":18,"column":4},"end":{"line":18,"column":57}},"9":{"start":{"line":22,"column":4},"end":{"line":22,"column":42}},"10":{"start":{"line":26,"column":4},"end":{"line":26,"column":52}},"11":{"start":{"line":7,"column":0},"end":{"line":7,"column":22}},"12":{"start":{"line":30,"column":0},"end":{"line":30,"column":36}}},"fnMap":{"0":{"name":"(anonymous_1)","decl":{"start":{"line":7,"column":0},"end":{"line":7,"column":22}},"loc":{"start":{"line":7,"column":0},"end":{"line":28,"column":1}}},"1":{"name":"(anonymous_2)","decl":{"start":{"line":10,"column":9},"end":{"line":10,"column":17}},"loc":{"start":{"line":10,"column":47},"end":{"line":13,"column":3}}},"2":{"name":"(anonymous_3)","decl":{"start":{"line":15,"column":9},"end":{"line":15,"column":13}},"loc":{"start":{"line":15,"column":58},"end":{"line":19,"column":3}}},"3":{"name":"(anonymous_4)","decl":{"start":{"line":21,"column":9},"end":{"line":21,"column":15}},"loc":{"start":{"line":21,"column":30},"end":{"line":23,"column":3}}},"4":{"name":"(anonymous_5)","decl":{"start":{"line":25,"column":9},"end":{"line":25,"column":15}},"loc":{"start":{"line":25,"column":32},"end":{"line":27,"column":3}}}},"branchMap":{},"s":{"0":0,"1":0,"2":0,"3":0,"4":0,"5":0,"6":0,"7":0,"8":0,"9":0,"10":0,"11":0,"12":0},"f":{"0":0,"1":0,"2":0,"3":0,"4":0},"b":{}}
,"/Users/charles/Desktop/projects/Node/react-app-express-proxy/api/src/db/Repository.ts": {"path":"/Users/charles/Desktop/projects/Node/react-app-express-proxy/api/src/db/Repository.ts","statementMap":{"0":{"start":{"line":25,"column":0},"end":{"line":25,"column":22}}},"fnMap":{},"branchMap":{},"s":{"0":0},"f":{},"b":{}}
,"/Users/charles/Desktop/projects/Node/react-app-express-proxy/api/src/db/mongo/mongo-db.ts": {"path":"/Users/charles/Desktop/projects/Node/react-app-express-proxy/api/src/db/mongo/mongo-db.ts","statementMap":{"0":{"start":{"line":1,"column":0},"end":{"line":1,"column":56}},"1":{"start":{"line":2,"column":0},"end":{"line":2,"column":48}},"2":{"start":{"line":3,"column":0},"end":{"line":3,"column":41}},"3":{"start":{"line":4,"column":0},"end":{"line":4,"column":49}},"4":{"start":{"line":18,"column":4},"end":{"line":18,"column":12}},"5":{"start":{"line":9,"column":10},"end":{"line":9,"column":53}},"6":{"start":{"line":12,"column":4},"end":{"line":14,"column":null}},"7":{"start":{"line":13,"column":6},"end":{"line":13,"column":36}},"8":{"start":{"line":22,"column":4},"end":{"line":41,"column":null}},"9":{"start":{"line":23,"column":31},"end":{"line":23,"column":88}},"10":{"start":{"line":24,"column":6},"end":{"line":24,"column":71}},"11":{"start":{"line":26,"column":6},"end":{"line":37,"column":9}},"12":{"start":{"line":39,"column":6},"end":{"line":39,"column":58}},"13":{"start":{"line":40,"column":6},"end":{"line":40,"column":65}},"14":{"start":{"line":6,"column":0},"end":{"line":6,"column":13}}},"fnMap":{"0":{"name":"(anonymous_1)","decl":{"start":{"line":17,"column":2},"end":{"line":17,"column":null}},"loc":{"start":{"line":17,"column":2},"end":{"line":19,"column":3}}},"1":{"name":"(anonymous_2)","decl":{"start":{"line":11,"column":2},"end":{"line":11,"column":7}},"loc":{"start":{"line":11,"column":13},"end":{"line":15,"column":3}}},"2":{"name":"(anonymous_3)","decl":{"start":{"line":21,"column":2},"end":{"line":21,"column":7}},"loc":{"start":{"line":21,"column":21},"end":{"line":42,"column":3}}}},"branchMap":{"0":{"loc":{"start":{"line":12,"column":4},"end":{"line":14,"column":null}},"type":"if","locations":[{"start":{"line":12,"column":4},"end":{"line":14,"column":null}}]},"1":{"loc":{"start":{"line":29,"column":12},"end":{"line":35,"column":null}},"type":"cond-expr","locations":[{"start":{"line":29,"column":12},"end":{"line":35,"column":null}},{"start":{"line":36,"column":12},"end":{"line":36,"column":14}}]},"2":{"loc":{"start":{"line":28,"column":12},"end":{"line":28,"column":33}},"type":"binary-expr","locations":[{"start":{"line":28,"column":12},"end":{"line":28,"column":33}},{"start":{"line":28,"column":37},"end":{"line":28,"column":58}}]}},"s":{"0":0,"1":0,"2":0,"3":0,"4":0,"5":0,"6":0,"7":0,"8":0,"9":0,"10":0,"11":0,"12":0,"13":0,"14":0},"f":{"0":0,"1":0,"2":0},"b":{"0":[0],"1":[0,0],"2":[0,0]}}
,"/Users/charles/Desktop/projects/Node/react-app-express-proxy/api/src/db/mongo/mongo.repository.ts": {"path":"/Users/charles/Desktop/projects/Node/react-app-express-proxy/api/src/db/mongo/mongo.repository.ts","statementMap":{"0":{"start":{"line":1,"column":0},"end":{"line":1,"column":50}},"1":{"start":{"line":2,"column":0},"end":{"line":2,"column":63}},"2":{"start":{"line":4,"column":0},"end":{"line":4,"column":41}},"3":{"start":{"line":8,"column":0},"end":{"line":87,"column":null}},"4":{"start":{"line":15,"column":14},"end":{"line":15,"column":26}},"5":{"start":{"line":16,"column":27},"end":{"line":16,"column":44}},"6":{"start":{"line":17,"column":27},"end":{"line":17,"column":35}},"7":{"start":{"line":19,"column":4},"end":{"line":19,"column":63}},"8":{"start":{"line":20,"column":4},"end":{"line":20,"column":74}},"9":{"start":{"line":21,"column":4},"end":{"line":21,"column":68}},"10":{"start":{"line":22,"column":4},"end":{"line":24,"column":6}},"11":{"start":{"line":28,"column":4},"end":{"line":37,"column":null}},"12":{"start":{"line":29,"column":18},"end":{"line":29,"column":65}},"13":{"start":{"line":30,"column":6},"end":{"line":30,"column":47}},"14":{"start":{"line":32,"column":6},"end":{"line":35,"column":8}},"15":{"start":{"line":36,"column":6},"end":{"line":36,"column":62}},"16":{"start":{"line":40,"column":4},"end":{"line":40,"column":47}},"17":{"start":{"line":43,"column":4},"end":{"line":43,"column":47}},"18":{"start":{"line":50,"column":34},"end":{"line":54,"column":6}},"19":{"start":{"line":56,"column":4},"end":{"line":67,"column":null}},"20":{"start":{"line":57,"column":6},"end":{"line":57,"column":73}},"21":{"start":{"line":58,"column":6},"end":{"line":64,"column":39}},"22":{"start":{"line":66,"column":6},"end":{"line":66,"column":16}},"23":{"start":{"line":71,"column":4},"end":{"line":85,"column":null}},"24":{"start":{"line":72,"column":6},"end":{"line":72,"column":64}},"25":{"start":{"line":73,"column":22},"end":{"line":76,"column":15}},"26":{"start":{"line":77,"column":6},"end":{"line":77,"column":60}},"27":{"start":{"line":78,"column":6},"end":{"line":78,"column":20}},"28":{"start":{"line":80,"column":6},"end":{"line":83,"column":8}},"29":{"start":{"line":84,"column":6},"end":{"line":84,"column":62}},"30":{"start":{"line":8,"column":22},"end":{"line":87,"column":null}},"31":{"start":{"line":8,"column":22},"end":{"line":8,"column":36}}},"fnMap":{"0":{"name":"(anonymous_5)","decl":{"start":{"line":14,"column":2},"end":{"line":14,"column":null}},"loc":{"start":{"line":17,"column":41},"end":{"line":25,"column":3}}},"1":{"name":"(anonymous_6)","decl":{"start":{"line":27,"column":2},"end":{"line":27,"column":7}},"loc":{"start":{"line":27,"column":29},"end":{"line":38,"column":3}}},"2":{"name":"(anonymous_7)","decl":{"start":{"line":39,"column":2},"end":{"line":39,"column":8}},"loc":{"start":{"line":39,"column":34},"end":{"line":41,"column":3}}},"3":{"name":"(anonymous_8)","decl":{"start":{"line":42,"column":2},"end":{"line":42,"column":8}},"loc":{"start":{"line":42,"column":19},"end":{"line":44,"column":3}}},"4":{"name":"(anonymous_9)","decl":{"start":{"line":46,"column":9},"end":{"line":46,"column":14}},"loc":{"start":{"line":48,"column":34},"end":{"line":68,"column":3}}},"5":{"name":"(anonymous_10)","decl":{"start":{"line":70,"column":9},"end":{"line":70,"column":14}},"loc":{"start":{"line":70,"column":33},"end":{"line":86,"column":3}}}},"branchMap":{},"s":{"0":0,"1":0,"2":0,"3":0,"4":0,"5":0,"6":0,"7":0,"8":0,"9":0,"10":0,"11":0,"12":0,"13":0,"14":0,"15":0,"16":0,"17":0,"18":0,"19":0,"20":0,"21":0,"22":0,"23":0,"24":0,"25":0,"26":0,"27":0,"28":0,"29":0,"30":0,"31":0},"f":{"0":0,"1":0,"2":0,"3":0,"4":0,"5":0},"b":{}}
,"/Users/charles/Desktop/projects/Node/react-app-express-proxy/api/src/db/mongo/sanitize.ts": {"path":"/Users/charles/Desktop/projects/Node/react-app-express-proxy/api/src/db/mongo/sanitize.ts","statementMap":{"0":{"start":{"line":1,"column":0},"end":{"line":1,"column":35}},"1":{"start":{"line":4,"column":25},"end":{"line":10,"column":null}},"2":{"start":{"line":6,"column":6},"end":{"line":7,"column":21}},"3":{"start":{"line":7,"column":8},"end":{"line":7,"column":21}},"4":{"start":{"line":8,"column":6},"end":{"line":8,"column":67}},"5":{"start":{"line":13,"column":2},"end":{"line":18,"column":null}},"6":{"start":{"line":14,"column":4},"end":{"line":17,"column":7}},"7":{"start":{"line":19,"column":2},"end":{"line":19,"column":24}},"8":{"start":{"line":3,"column":0},"end":{"line":3,"column":16}}},"fnMap":{"0":{"name":"sanitizeSearchQuery","decl":{"start":{"line":3,"column":16},"end":{"line":3,"column":35}},"loc":{"start":{"line":3,"column":68},"end":{"line":20,"column":1}}},"1":{"name":"(anonymous_1)","decl":{"start":{"line":5,"column":4},"end":{"line":5,"column":5}},"loc":{"start":{"line":5,"column":59},"end":{"line":9,"column":5}}}},"branchMap":{"0":{"loc":{"start":{"line":6,"column":6},"end":{"line":7,"column":21}},"type":"if","locations":[{"start":{"line":6,"column":6},"end":{"line":7,"column":21}}]},"1":{"loc":{"start":{"line":6,"column":10},"end":{"line":6,"column":35}},"type":"binary-expr","locations":[{"start":{"line":6,"column":10},"end":{"line":6,"column":35}},{"start":{"line":6,"column":39},"end":{"line":6,"column":58}},{"start":{"line":6,"column":62},"end":{"line":6,"column":75}}]},"2":{"loc":{"start":{"line":13,"column":2},"end":{"line":18,"column":null}},"type":"if","locations":[{"start":{"line":13,"column":2},"end":{"line":18,"column":null}}]}},"s":{"0":0,"1":0,"2":0,"3":0,"4":0,"5":0,"6":0,"7":0,"8":0},"f":{"0":0,"1":0},"b":{"0":[0],"1":[0,0,0],"2":[0]}}
,"/Users/charles/Desktop/projects/Node/react-app-express-proxy/api/src/feature/user/user.controller.ts": {"path":"/Users/charles/Desktop/projects/Node/react-app-express-proxy/api/src/feature/user/user.controller.ts","statementMap":{"0":{"start":{"line":1,"column":0},"end":{"line":1,"column":null}},"1":{"start":{"line":12,"column":0},"end":{"line":12,"column":60}},"2":{"start":{"line":13,"column":0},"end":{"line":13,"column":41}},"3":{"start":{"line":16,"column":0},"end":{"line":16,"column":45}},"4":{"start":{"line":20,"column":27},"end":{"line":64,"column":null}},"5":{"start":{"line":23,"column":4},"end":{"line":23,"column":12}},"6":{"start":{"line":22,"column":43},"end":{"line":22,"column":52}},"7":{"start":{"line":21,"column":10},"end":{"line":21,"column":67}},"8":{"start":{"line":24,"column":4},"end":{"line":24,"column":49}},"9":{"start":{"line":28,"column":4},"end":{"line":28,"column":50}},"10":{"start":{"line":29,"column":4},"end":{"line":29,"column":45}},"11":{"start":{"line":40,"column":4},"end":{"line":45,"column":7}},"12":{"start":{"line":46,"column":4},"end":{"line":46,"column":76}},"13":{"start":{"line":51,"column":4},"end":{"line":51,"column":48}},"14":{"start":{"line":52,"column":4},"end":{"line":52,"column":37}},"15":{"start":{"line":56,"column":4},"end":{"line":56,"column":59}},"16":{"start":{"line":57,"column":4},"end":{"line":57,"column":46}},"17":{"start":{"line":62,"column":4},"end":{"line":62,"column":39}},"18":{"start":{"line":27,"column":2},"end":{"line":30,"column":null}},"19":{"start":{"line":33,"column":2},"end":{"line":47,"column":null}},"20":{"start":{"line":50,"column":2},"end":{"line":53,"column":null}},"21":{"start":{"line":55,"column":2},"end":{"line":59,"column":null}},"22":{"start":{"line":61,"column":2},"end":{"line":63,"column":null}},"23":{"start":{"line":20,"column":13},"end":{"line":64,"column":null}},"24":{"start":{"line":20,"column":13},"end":{"line":20,"column":27}}},"fnMap":{"0":{"name":"(anonymous_5)","decl":{"start":{"line":22,"column":2},"end":{"line":22,"column":15}},"loc":{"start":{"line":22,"column":63},"end":{"line":25,"column":3}}},"1":{"name":"(anonymous_6)","decl":{"start":{"line":27,"column":2},"end":{"line":27,"column":7}},"loc":{"start":{"line":27,"column":42},"end":{"line":30,"column":3}}},"2":{"name":"(anonymous_7)","decl":{"start":{"line":33,"column":2},"end":{"line":33,"column":7}},"loc":{"start":{"line":38,"column":37},"end":{"line":47,"column":3}}},"3":{"name":"(anonymous_8)","decl":{"start":{"line":50,"column":2},"end":{"line":50,"column":7}},"loc":{"start":{"line":50,"column":46},"end":{"line":53,"column":3}}},"4":{"name":"(anonymous_9)","decl":{"start":{"line":55,"column":2},"end":{"line":55,"column":7}},"loc":{"start":{"line":55,"column":60},"end":{"line":59,"column":3}}},"5":{"name":"(anonymous_10)","decl":{"start":{"line":61,"column":2},"end":{"line":61,"column":7}},"loc":{"start":{"line":61,"column":49},"end":{"line":63,"column":3}}}},"branchMap":{},"s":{"0":0,"1":0,"2":0,"3":0,"4":0,"5":0,"6":0,"7":0,"8":0,"9":0,"10":0,"11":0,"12":0,"13":0,"14":0,"15":0,"16":0,"17":0,"18":0,"19":0,"20":0,"21":0,"22":0,"23":0,"24":0},"f":{"0":0,"1":0,"2":0,"3":0,"4":0,"5":0},"b":{}}
,"/Users/charles/Desktop/projects/Node/react-app-express-proxy/api/src/feature/user/user.model.d.ts": {"path":"/Users/charles/Desktop/projects/Node/react-app-express-proxy/api/src/feature/user/user.model.d.ts","statementMap":{},"fnMap":{},"branchMap":{},"s":{},"f":{},"b":{}}
,"/Users/charles/Desktop/projects/Node/react-app-express-proxy/api/src/feature/user/user.repository.ts": {"path":"/Users/charles/Desktop/projects/Node/react-app-express-proxy/api/src/feature/user/user.repository.ts","statementMap":{"0":{"start":{"line":1,"column":0},"end":{"line":1,"column":46}},"1":{"start":{"line":2,"column":0},"end":{"line":2,"column":60}},"2":{"start":{"line":3,"column":0},"end":{"line":3,"column":65}},"3":{"start":{"line":7,"column":27},"end":{"line":22,"column":null}},"4":{"start":{"line":9,"column":4},"end":{"line":20,"column":6}},"5":{"start":{"line":7,"column":13},"end":{"line":22,"column":null}},"6":{"start":{"line":7,"column":13},"end":{"line":7,"column":27}}},"fnMap":{"0":{"name":"(anonymous_4)","decl":{"start":{"line":8,"column":2},"end":{"line":8,"column":15}},"loc":{"start":{"line":8,"column":56},"end":{"line":21,"column":3}}}},"branchMap":{},"s":{"0":0,"1":0,"2":0,"3":0,"4":0,"5":0,"6":0},"f":{"0":0},"b":{}}
,"/Users/charles/Desktop/projects/Node/react-app-express-proxy/api/src/feature/user/user.service.ts": {"path":"/Users/charles/Desktop/projects/Node/react-app-express-proxy/api/src/feature/user/user.service.ts","statementMap":{"0":{"start":{"line":1,"column":0},"end":{"line":1,"column":26}},"1":{"start":{"line":2,"column":0},"end":{"line":2,"column":60}},"2":{"start":{"line":3,"column":0},"end":{"line":3,"column":41}},"3":{"start":{"line":4,"column":0},"end":{"line":4,"column":51}},"4":{"start":{"line":6,"column":0},"end":{"line":6,"column":51}},"5":{"start":{"line":9,"column":24},"end":{"line":18,"column":null}},"6":{"start":{"line":12,"column":4},"end":{"line":12,"column":12}},"7":{"start":{"line":11,"column":48},"end":{"line":11,"column":60}},"8":{"start":{"line":10,"column":12},"end":{"line":10,"column":56}},"9":{"start":{"line":16,"column":4},"end":{"line":16,"column":51}},"10":{"start":{"line":9,"column":13},"end":{"line":18,"column":null}},"11":{"start":{"line":9,"column":13},"end":{"line":9,"column":24}}},"fnMap":{"0":{"name":"(anonymous_5)","decl":{"start":{"line":11,"column":2},"end":{"line":11,"column":15}},"loc":{"start":{"line":11,"column":74},"end":{"line":13,"column":3}}},"1":{"name":"(anonymous_6)","decl":{"start":{"line":15,"column":9},"end":{"line":15,"column":14}},"loc":{"start":{"line":15,"column":41},"end":{"line":17,"column":3}}}},"branchMap":{},"s":{"0":0,"1":0,"2":0,"3":0,"4":0,"5":0,"6":0,"7":0,"8":0,"9":0,"10":0,"11":0},"f":{"0":0,"1":0},"b":{}}
,"/Users/charles/Desktop/projects/Node/react-app-express-proxy/api/src/interfaces/mapped-types.d.ts": {"path":"/Users/charles/Desktop/projects/Node/react-app-express-proxy/api/src/interfaces/mapped-types.d.ts","statementMap":{},"fnMap":{},"branchMap":{},"s":{},"f":{},"b":{}}
,"/Users/charles/Desktop/projects/Node/react-app-express-proxy/api/src/middleware/400.mw.ts": {"path":"/Users/charles/Desktop/projects/Node/react-app-express-proxy/api/src/middleware/400.mw.ts","statementMap":{"0":{"start":{"line":2,"column":0},"end":{"line":2,"column":37}},"1":{"start":{"line":3,"column":0},"end":{"line":3,"column":38}},"2":{"start":{"line":5,"column":15},"end":{"line":5,"column":67}},"3":{"start":{"line":13,"column":2},"end":{"line":21,"column":null}},"4":{"start":{"line":14,"column":4},"end":{"line":16,"column":7}},"5":{"start":{"line":17,"column":4},"end":{"line":20,"column":7}},"6":{"start":{"line":22,"column":2},"end":{"line":22,"column":12}},"7":{"start":{"line":7,"column":0},"end":{"line":7,"column":null}}},"fnMap":{"0":{"name":"default_1","decl":{"start":{"line":7,"column":0},"end":{"line":7,"column":null}},"loc":{"start":{"line":11,"column":20},"end":{"line":23,"column":1}}}},"branchMap":{"0":{"loc":{"start":{"line":13,"column":2},"end":{"line":21,"column":null}},"type":"if","locations":[{"start":{"line":13,"column":2},"end":{"line":21,"column":null}}]}},"s":{"0":0,"1":0,"2":0,"3":0,"4":0,"5":0,"6":0,"7":0},"f":{"0":0},"b":{"0":[0]}}
,"/Users/charles/Desktop/projects/Node/react-app-express-proxy/api/src/middleware/404.mw.ts": {"path":"/Users/charles/Desktop/projects/Node/react-app-express-proxy/api/src/middleware/404.mw.ts","statementMap":{"0":{"start":{"line":2,"column":0},"end":{"line":2,"column":38}},"1":{"start":{"line":4,"column":15},"end":{"line":4,"column":57}},"2":{"start":{"line":6,"column":2},"end":{"line":6,"column":59}},"3":{"start":{"line":7,"column":2},"end":{"line":7,"column":62}},"4":{"start":{"line":5,"column":0},"end":{"line":5,"column":25}}},"fnMap":{"0":{"name":"default_1","decl":{"start":{"line":5,"column":0},"end":{"line":5,"column":25}},"loc":{"start":{"line":5,"column":52},"end":{"line":8,"column":1}}}},"branchMap":{},"s":{"0":0,"1":0,"2":0,"3":0,"4":0},"f":{"0":0},"b":{}}
,"/Users/charles/Desktop/projects/Node/react-app-express-proxy/api/src/middleware/500.mw.ts": {"path":"/Users/charles/Desktop/projects/Node/react-app-express-proxy/api/src/middleware/500.mw.ts","statementMap":{"0":{"start":{"line":2,"column":0},"end":{"line":2,"column":38}},"1":{"start":{"line":4,"column":15},"end":{"line":4,"column":62}},"2":{"start":{"line":12,"column":2},"end":{"line":17,"column":null}},"3":{"start":{"line":13,"column":4},"end":{"line":13,"column":22}},"4":{"start":{"line":14,"column":4},"end":{"line":16,"column":7}},"5":{"start":{"line":6,"column":0},"end":{"line":6,"column":null}}},"fnMap":{"0":{"name":"default_1","decl":{"start":{"line":6,"column":0},"end":{"line":6,"column":null}},"loc":{"start":{"line":10,"column":21},"end":{"line":18,"column":1}}}},"branchMap":{"0":{"loc":{"start":{"line":12,"column":2},"end":{"line":17,"column":null}},"type":"if","locations":[{"start":{"line":12,"column":2},"end":{"line":17,"column":null}}]}},"s":{"0":0,"1":0,"2":0,"3":0,"4":0,"5":0},"f":{"0":0},"b":{"0":[0]}}
,"/Users/charles/Desktop/projects/Node/react-app-express-proxy/api/src/server/server.ts": {"path":"/Users/charles/Desktop/projects/Node/react-app-express-proxy/api/src/server/server.ts","statementMap":{"0":{"start":{"line":1,"column":0},"end":{"line":1,"column":37}},"1":{"start":{"line":2,"column":0},"end":{"line":2,"column":41}},"2":{"start":{"line":3,"column":0},"end":{"line":3,"column":30}},"3":{"start":{"line":4,"column":0},"end":{"line":4,"column":67}},"4":{"start":{"line":5,"column":0},"end":{"line":5,"column":31}},"5":{"start":{"line":6,"column":0},"end":{"line":6,"column":38}},"6":{"start":{"line":7,"column":0},"end":{"line":7,"column":28}},"7":{"start":{"line":8,"column":0},"end":{"line":8,"column":26}},"8":{"start":{"line":9,"column":0},"end":{"line":9,"column":45}},"9":{"start":{"line":10,"column":0},"end":{"line":10,"column":45}},"10":{"start":{"line":11,"column":0},"end":{"line":11,"column":38}},"11":{"start":{"line":12,"column":0},"end":{"line":12,"column":55}},"12":{"start":{"line":14,"column":0},"end":{"line":14,"column":54}},"13":{"start":{"line":15,"column":0},"end":{"line":15,"column":54}},"14":{"start":{"line":16,"column":0},"end":{"line":16,"column":54}},"15":{"start":{"line":17,"column":0},"end":{"line":17,"column":43}},"16":{"start":{"line":19,"column":15},"end":{"line":19,"column":47}},"17":{"start":{"line":22,"column":2},"end":{"line":80,"column":null}},"18":{"start":{"line":23,"column":36},"end":{"line":23,"column":57}},"19":{"start":{"line":25,"column":4},"end":{"line":25,"column":48}},"20":{"start":{"line":26,"column":31},"end":{"line":26,"column":58}},"21":{"start":{"line":27,"column":4},"end":{"line":27,"column":60}},"22":{"start":{"line":29,"column":4},"end":{"line":30,"column":52}},"23":{"start":{"line":30,"column":6},"end":{"line":30,"column":52}},"24":{"start":{"line":32,"column":4},"end":{"line":32,"column":64}},"25":{"start":{"line":33,"column":4},"end":{"line":35,"column":43}},"26":{"start":{"line":37,"column":4},"end":{"line":37,"column":45}},"27":{"start":{"line":39,"column":16},"end":{"line":39,"column":25}},"28":{"start":{"line":41,"column":4},"end":{"line":41,"column":55}},"29":{"start":{"line":42,"column":4},"end":{"line":42,"column":31}},"30":{"start":{"line":43,"column":4},"end":{"line":43,"column":47}},"31":{"start":{"line":44,"column":4},"end":{"line":46,"column":6}},"32":{"start":{"line":45,"column":53},"end":{"line":45,"column":73}},"33":{"start":{"line":48,"column":4},"end":{"line":48,"column":24}},"34":{"start":{"line":50,"column":4},"end":{"line":50,"column":32}},"35":{"start":{"line":51,"column":4},"end":{"line":51,"column":32}},"36":{"start":{"line":53,"column":4},"end":{"line":53,"column":32}},"37":{"start":{"line":56,"column":6},"end":{"line":56,"column":46}},"38":{"start":{"line":57,"column":6},"end":{"line":57,"column":26}},"39":{"start":{"line":59,"column":6},"end":{"line":62,"column":20}},"40":{"start":{"line":60,"column":8},"end":{"line":60,"column":80}},"41":{"start":{"line":61,"column":8},"end":{"line":61,"column":24}},"42":{"start":{"line":64,"column":6},"end":{"line":64,"column":21}},"43":{"start":{"line":67,"column":4},"end":{"line":70,"column":7}},"44":{"start":{"line":68,"column":6},"end":{"line":68,"column":44}},"45":{"start":{"line":69,"column":6},"end":{"line":69,"column":20}},"46":{"start":{"line":71,"column":4},"end":{"line":74,"column":7}},"47":{"start":{"line":72,"column":6},"end":{"line":72,"column":45}},"48":{"start":{"line":73,"column":6},"end":{"line":73,"column":20}},"49":{"start":{"line":75,"column":4},"end":{"line":75,"column":48}},"50":{"start":{"line":76,"column":4},"end":{"line":76,"column":15}},"51":{"start":{"line":78,"column":4},"end":{"line":78,"column":72}},"52":{"start":{"line":79,"column":4},"end":{"line":79,"column":16}},"53":{"start":{"line":21,"column":0},"end":{"line":21,"column":7}}},"fnMap":{"0":{"name":"initializeApp","decl":{"start":{"line":21,"column":22},"end":{"line":21,"column":35}},"loc":{"start":{"line":21,"column":35},"end":{"line":81,"column":1}}},"1":{"name":"(anonymous_2)","decl":{"start":{"line":45,"column":40},"end":{"line":45,"column":41}},"loc":{"start":{"line":45,"column":53},"end":{"line":45,"column":73}}},"2":{"name":"close","decl":{"start":{"line":55,"column":19},"end":{"line":55,"column":24}},"loc":{"start":{"line":55,"column":24},"end":{"line":65,"column":5}}},"3":{"name":"(anonymous_4)","decl":{"start":{"line":59,"column":17},"end":{"line":59,"column":null}},"loc":{"start":{"line":59,"column":17},"end":{"line":62,"column":7}}},"4":{"name":"(anonymous_5)","decl":{"start":{"line":67,"column":25},"end":{"line":67,"column":30}},"loc":{"start":{"line":67,"column":36},"end":{"line":70,"column":5}}},"5":{"name":"(anonymous_6)","decl":{"start":{"line":71,"column":26},"end":{"line":71,"column":31}},"loc":{"start":{"line":71,"column":37},"end":{"line":74,"column":5}}}},"branchMap":{"0":{"loc":{"start":{"line":29,"column":4},"end":{"line":30,"column":52}},"type":"if","locations":[{"start":{"line":29,"column":4},"end":{"line":30,"column":52}}]}},"s":{"0":0,"1":0,"2":0,"3":0,"4":0,"5":0,"6":0,"7":0,"8":0,"9":0,"10":0,"11":0,"12":0,"13":0,"14":0,"15":0,"16":0,"17":0,"18":0,"19":0,"20":0,"21":0,"22":0,"23":0,"24":0,"25":0,"26":0,"27":0,"28":0,"29":0,"30":0,"31":0,"32":0,"33":0,"34":0,"35":0,"36":0,"37":0,"38":0,"39":0,"40":0,"41":0,"42":0,"43":0,"44":0,"45":0,"46":0,"47":0,"48":0,"49":0,"50":0,"51":0,"52":0,"53":0},"f":{"0":0,"1":0,"2":0,"3":0,"4":0,"5":0},"b":{"0":[0]}}
}
