TN:
SF:src/index.ts
FN:5,(anonymous_1)
FNF:1
FNH:0
FNDA:0,(anonymous_1)
DA:1,0
DA:2,0
DA:4,0
DA:5,0
DA:6,0
DA:7,0
DA:8,0
DA:10,0
DA:11,0
LF:9
LH:0
BRF:0
BRH:0
end_of_record
TN:
SF:src/routes.ts
FN:55,RegisterRoutes
FN:64,UserController_getUser
FN:94,UserController_getUsers
FN:128,UserController_createUser
FN:158,UserController_updateUser
FN:188,UserController_deleteUser
FN:220,isController
FN:224,promiseHandler
FN:226,(anonymous_8)
FN:238,(anonymous_9)
FN:243,returnHandler
FN:247,(anonymous_11)
FN:261,responder
FN:262,(anonymous_13)
FN:269,getValidatedArgs
FN:271,(anonymous_15)
FNF:16
FNH:0
FNDA:0,RegisterRoutes
FNDA:0,UserController_getUser
FNDA:0,UserController_getUsers
FNDA:0,UserController_createUser
FNDA:0,UserController_updateUser
FNDA:0,UserController_deleteUser
FNDA:0,isController
FNDA:0,promiseHandler
FNDA:0,(anonymous_8)
FNDA:0,(anonymous_9)
FNDA:0,returnHandler
FNDA:0,(anonymous_11)
FNDA:0,responder
FNDA:0,(anonymous_13)
FNDA:0,getValidatedArgs
FNDA:0,(anonymous_15)
DA:4,0
DA:6,0
DA:7,0
DA:14,0
DA:51,0
DA:55,0
DA:60,0
DA:65,0
DA:71,0
DA:72,0
DA:73,0
DA:75,0
DA:77,0
DA:78,0
DA:79,0
DA:83,0
DA:84,0
DA:86,0
DA:90,0
DA:95,0
DA:105,0
DA:106,0
DA:107,0
DA:109,0
DA:111,0
DA:112,0
DA:113,0
DA:117,0
DA:118,0
DA:120,0
DA:124,0
DA:129,0
DA:135,0
DA:136,0
DA:137,0
DA:139,0
DA:141,0
DA:142,0
DA:143,0
DA:147,0
DA:148,0
DA:150,0
DA:154,0
DA:159,0
DA:165,0
DA:166,0
DA:167,0
DA:169,0
DA:171,0
DA:172,0
DA:173,0
DA:177,0
DA:178,0
DA:180,0
DA:184,0
DA:189,0
DA:195,0
DA:196,0
DA:197,0
DA:199,0
DA:201,0
DA:202,0
DA:203,0
DA:207,0
DA:208,0
DA:210,0
DA:221,0
DA:225,0
DA:227,0
DA:229,0
DA:230,0
DA:231,0
DA:236,0
DA:238,0
DA:244,0
DA:245,0
DA:247,0
DA:248,0
DA:250,0
DA:251,0
DA:252,0
DA:253,0
DA:255,0
DA:262,0
DA:263,0
DA:270,0
DA:271,0
DA:272,0
DA:273,0
DA:275,0
DA:277,0
DA:279,0
DA:281,0
DA:283,0
DA:285,0
DA:287,0
DA:288,0
DA:289,0
DA:290,0
DA:292,0
DA:295,0
DA:299,0
DA:300,0
DA:302,0
LF:104
LH:0
BRDA:75,0,0,0
BRDA:75,0,1,0
BRDA:78,1,0,0
BRDA:109,2,0,0
BRDA:109,2,1,0
BRDA:112,3,0,0
BRDA:139,4,0,0
BRDA:139,4,1,0
BRDA:142,5,0,0
BRDA:169,6,0,0
BRDA:169,6,1,0
BRDA:172,7,0,0
BRDA:199,8,0,0
BRDA:199,8,1,0
BRDA:202,9,0,0
BRDA:221,10,0,0
BRDA:221,10,1,0
BRDA:221,10,2,0
BRDA:229,11,0,0
BRDA:231,12,0,0
BRDA:231,12,1,0
BRDA:243,13,0,0
BRDA:244,14,0,0
BRDA:250,15,0,0
BRDA:250,15,1,0
BRDA:250,16,0,0
BRDA:250,16,1,0
BRDA:250,16,2,0
BRDA:250,16,3,0
BRDA:252,17,0,0
BRDA:252,17,1,0
BRDA:252,18,0,0
BRDA:252,18,1,0
BRDA:253,19,0,0
BRDA:253,19,1,0
BRDA:255,20,0,0
BRDA:255,20,1,0
BRDA:274,21,0,0
BRDA:274,21,1,0
BRDA:274,21,2,0
BRDA:274,21,3,0
BRDA:274,21,4,0
BRDA:274,21,5,0
BRDA:274,21,6,0
BRDA:274,21,7,0
BRDA:287,22,0,0
BRDA:287,22,1,0
BRDA:289,23,0,0
BRDA:289,23,1,0
BRDA:289,24,0,0
BRDA:289,24,1,0
BRDA:299,25,0,0
BRF:52
BRH:0
end_of_record
TN:
SF:src/common/configuration.ts
FN:30,(anonymous_0)
FNF:1
FNH:0
FNDA:0,(anonymous_0)
DA:1,0
DA:16,0
DA:30,0
DA:31,0
DA:32,0
DA:36,0
LF:6
LH:0
BRDA:18,0,0,0
BRDA:18,0,1,0
BRDA:21,1,0,0
BRDA:21,1,1,0
BRDA:25,2,0,0
BRDA:25,2,1,0
BRDA:31,3,0,0
BRDA:31,4,0,0
BRDA:31,4,1,0
BRF:9
BRH:0
end_of_record
TN:
SF:src/common/controller.ts
FNF:0
FNH:0
DA:1,0
LF:1
LH:0
BRF:0
BRH:0
end_of_record
TN:
SF:src/common/ioc.ts
FN:28,(anonymous_0)
FN:25,(anonymous_1)
FN:24,(anonymous_2)
FN:27,(anonymous_3)
FN:26,(anonymous_4)
FN:14,(anonymous_5)
FNF:6
FNH:0
FNDA:0,(anonymous_0)
FNDA:0,(anonymous_1)
FNDA:0,(anonymous_2)
FNDA:0,(anonymous_3)
FNDA:0,(anonymous_4)
FNDA:0,(anonymous_5)
DA:1,0
DA:2,0
DA:7,0
DA:10,0
DA:12,0
DA:14,0
DA:17,0
DA:22,0
DA:23,0
DA:24,0
DA:25,0
DA:26,0
DA:27,0
DA:28,0
LF:14
LH:0
BRF:0
BRH:0
end_of_record
TN:
SF:src/common/logger.ts
FNF:0
FNH:0
DA:1,0
DA:2,0
DA:4,0
DA:14,0
LF:4
LH:0
BRF:0
BRH:0
end_of_record
TN:
SF:src/common/response.ts
FN:2,(anonymous_0)
FN:5,(anonymous_1)
FN:13,(anonymous_2)
FN:19,(anonymous_3)
FN:25,(anonymous_4)
FN:31,(anonymous_5)
FN:37,(anonymous_6)
FNF:7
FNH:0
FNDA:0,(anonymous_0)
FNDA:0,(anonymous_1)
FNDA:0,(anonymous_2)
FNDA:0,(anonymous_3)
FNDA:0,(anonymous_4)
FNDA:0,(anonymous_5)
FNDA:0,(anonymous_6)
DA:1,0
DA:2,0
DA:4,0
DA:5,0
DA:12,0
DA:14,0
DA:18,0
DA:20,0
DA:24,0
DA:26,0
DA:30,0
DA:32,0
DA:36,0
DA:38,0
LF:14
LH:0
BRDA:2,0,0,0
BRDA:5,1,0,0
BRF:2
BRH:0
end_of_record
TN:
SF:src/common/service.ts
FN:7,(anonymous_1)
FN:10,(anonymous_2)
FN:15,(anonymous_3)
FN:21,(anonymous_4)
FN:25,(anonymous_5)
FNF:5
FNH:0
FNDA:0,(anonymous_1)
FNDA:0,(anonymous_2)
FNDA:0,(anonymous_3)
FNDA:0,(anonymous_4)
FNDA:0,(anonymous_5)
DA:1,0
DA:2,0
DA:4,0
DA:7,0
DA:9,0
DA:11,0
DA:12,0
DA:16,0
DA:17,0
DA:18,0
DA:22,0
DA:26,0
DA:30,0
LF:13
LH:0
BRF:0
BRH:0
end_of_record
TN:
SF:src/db/Repository.ts
FNF:0
FNH:0
DA:25,0
LF:1
LH:0
BRF:0
BRH:0
end_of_record
TN:
SF:src/db/mongo/mongo-db.ts
FN:17,(anonymous_1)
FN:11,(anonymous_2)
FN:21,(anonymous_3)
FNF:3
FNH:0
FNDA:0,(anonymous_1)
FNDA:0,(anonymous_2)
FNDA:0,(anonymous_3)
DA:1,0
DA:2,0
DA:3,0
DA:4,0
DA:6,0
DA:9,0
DA:12,0
DA:13,0
DA:18,0
DA:22,0
DA:23,0
DA:24,0
DA:26,0
DA:39,0
DA:40,0
LF:15
LH:0
BRDA:12,0,0,0
BRDA:29,1,0,0
BRDA:29,1,1,0
BRDA:28,2,0,0
BRDA:28,2,1,0
BRF:5
BRH:0
end_of_record
TN:
SF:src/db/mongo/mongo.repository.ts
FN:14,(anonymous_5)
FN:27,(anonymous_6)
FN:39,(anonymous_7)
FN:42,(anonymous_8)
FN:46,(anonymous_9)
FN:70,(anonymous_10)
FNF:6
FNH:0
FNDA:0,(anonymous_5)
FNDA:0,(anonymous_6)
FNDA:0,(anonymous_7)
FNDA:0,(anonymous_8)
FNDA:0,(anonymous_9)
FNDA:0,(anonymous_10)
DA:1,0
DA:2,0
DA:4,0
DA:8,0
DA:15,0
DA:16,0
DA:17,0
DA:19,0
DA:20,0
DA:21,0
DA:22,0
DA:28,0
DA:29,0
DA:30,0
DA:32,0
DA:36,0
DA:40,0
DA:43,0
DA:50,0
DA:56,0
DA:57,0
DA:58,0
DA:66,0
DA:71,0
DA:72,0
DA:73,0
DA:77,0
DA:78,0
DA:80,0
DA:84,0
LF:30
LH:0
BRF:0
BRH:0
end_of_record
TN:
SF:src/db/mongo/sanitize.ts
FN:3,sanitizeSearchQuery
FN:5,(anonymous_1)
FNF:2
FNH:0
FNDA:0,sanitizeSearchQuery
FNDA:0,(anonymous_1)
DA:1,0
DA:3,0
DA:4,0
DA:6,0
DA:7,0
DA:8,0
DA:13,0
DA:14,0
DA:19,0
LF:9
LH:0
BRDA:6,0,0,0
BRDA:6,1,0,0
BRDA:6,1,1,0
BRDA:6,1,2,0
BRDA:13,2,0,0
BRF:5
BRH:0
end_of_record
TN:
SF:src/feature/user/user.controller.ts
FN:22,(anonymous_5)
FN:27,(anonymous_6)
FN:33,(anonymous_7)
FN:50,(anonymous_8)
FN:55,(anonymous_9)
FN:61,(anonymous_10)
FNF:6
FNH:0
FNDA:0,(anonymous_5)
FNDA:0,(anonymous_6)
FNDA:0,(anonymous_7)
FNDA:0,(anonymous_8)
FNDA:0,(anonymous_9)
FNDA:0,(anonymous_10)
DA:1,0
DA:12,0
DA:13,0
DA:16,0
DA:20,0
DA:21,0
DA:22,0
DA:23,0
DA:24,0
DA:27,0
DA:28,0
DA:29,0
DA:33,0
DA:40,0
DA:46,0
DA:50,0
DA:51,0
DA:52,0
DA:55,0
DA:56,0
DA:57,0
DA:61,0
DA:62,0
LF:23
LH:0
BRF:0
BRH:0
end_of_record
TN:
SF:src/feature/user/user.model.d.ts
FNF:0
FNH:0
LF:0
LH:0
BRF:0
BRH:0
end_of_record
TN:
SF:src/feature/user/user.repository.ts
FN:8,(anonymous_4)
FNF:1
FNH:0
FNDA:0,(anonymous_4)
DA:1,0
DA:2,0
DA:3,0
DA:7,0
DA:9,0
LF:5
LH:0
BRF:0
BRH:0
end_of_record
TN:
SF:src/feature/user/user.service.ts
FN:11,(anonymous_5)
FN:15,(anonymous_6)
FNF:2
FNH:0
FNDA:0,(anonymous_5)
FNDA:0,(anonymous_6)
DA:1,0
DA:2,0
DA:3,0
DA:4,0
DA:6,0
DA:9,0
DA:10,0
DA:11,0
DA:12,0
DA:16,0
LF:10
LH:0
BRF:0
BRH:0
end_of_record
TN:
SF:src/interfaces/mapped-types.d.ts
FNF:0
FNH:0
LF:0
LH:0
BRF:0
BRH:0
end_of_record
TN:
SF:src/middleware/400.mw.ts
FN:7,default_1
FNF:1
FNH:0
FNDA:0,default_1
DA:2,0
DA:3,0
DA:5,0
DA:7,0
DA:13,0
DA:14,0
DA:17,0
DA:22,0
LF:8
LH:0
BRDA:13,0,0,0
BRF:1
BRH:0
end_of_record
TN:
SF:src/middleware/404.mw.ts
FN:5,default_1
FNF:1
FNH:0
FNDA:0,default_1
DA:2,0
DA:4,0
DA:5,0
DA:6,0
DA:7,0
LF:5
LH:0
BRF:0
BRH:0
end_of_record
TN:
SF:src/middleware/500.mw.ts
FN:6,default_1
FNF:1
FNH:0
FNDA:0,default_1
DA:2,0
DA:4,0
DA:6,0
DA:12,0
DA:13,0
DA:14,0
LF:6
LH:0
BRDA:12,0,0,0
BRF:1
BRH:0
end_of_record
TN:
SF:src/server/server.ts
FN:21,initializeApp
FN:45,(anonymous_2)
FN:55,close
FN:59,(anonymous_4)
FN:67,(anonymous_5)
FN:71,(anonymous_6)
FNF:6
FNH:0
FNDA:0,initializeApp
FNDA:0,(anonymous_2)
FNDA:0,close
FNDA:0,(anonymous_4)
FNDA:0,(anonymous_5)
FNDA:0,(anonymous_6)
DA:1,0
DA:2,0
DA:3,0
DA:4,0
DA:5,0
DA:6,0
DA:7,0
DA:8,0
DA:9,0
DA:10,0
DA:11,0
DA:12,0
DA:14,0
DA:15,0
DA:16,0
DA:17,0
DA:19,0
DA:21,0
DA:22,0
DA:23,0
DA:25,0
DA:26,0
DA:27,0
DA:29,0
DA:30,0
DA:32,0
DA:33,0
DA:37,0
DA:39,0
DA:41,0
DA:42,0
DA:43,0
DA:44,0
DA:45,0
DA:48,0
DA:50,0
DA:51,0
DA:53,0
DA:56,0
DA:57,0
DA:59,0
DA:60,0
DA:61,0
DA:64,0
DA:67,0
DA:68,0
DA:69,0
DA:71,0
DA:72,0
DA:73,0
DA:75,0
DA:76,0
DA:78,0
DA:79,0
LF:54
LH:0
BRDA:29,0,0,0
BRF:1
BRH:0
end_of_record
