{"/Users/charles/Desktop/projects/Node/react-app-express-proxy/api/src/test/mocha.setup.ts":{"path":"/Users/charles/Desktop/projects/Node/react-app-express-proxy/api/src/test/mocha.setup.ts","statementMap":{"0":{"start":{"line":2,"column":0},"end":{"line":2,"column":62}},"1":{"start":{"line":3,"column":0},"end":{"line":3,"column":34}},"2":{"start":{"line":4,"column":0},"end":{"line":4,"column":25}},"3":{"start":{"line":5,"column":32},"end":{"line":5,"column":64}},"4":{"start":{"line":6,"column":17},"end":{"line":6,"column":44}},"5":{"start":{"line":8,"column":4},"end":{"line":26,"column":5}},"6":{"start":{"line":9,"column":8},"end":{"line":16,"column":11}},"7":{"start":{"line":17,"column":29},"end":{"line":17,"column":64}},"8":{"start":{"line":18,"column":23},"end":{"line":18,"column":45}},"9":{"start":{"line":19,"column":8},"end":{"line":22,"column":10}},"10":{"start":{"line":20,"column":12},"end":{"line":20,"column":26}},"11":{"start":{"line":21,"column":12},"end":{"line":21,"column":33}},"12":{"start":{"line":25,"column":8},"end":{"line":25,"column":27}},"13":{"start":{"line":28,"column":0},"end":{"line":28,"column":44}}},"fnMap":{"0":{"name":"mochaGlobalSetup","decl":{"start":{"line":7,"column":15},"end":{"line":7,"column":31}},"loc":{"start":{"line":7,"column":34},"end":{"line":27,"column":1}},"line":7},"1":{"name":"(anonymous_1)","decl":{"start":{"line":19,"column":21},"end":{"line":19,"column":22}},"loc":{"start":{"line":19,"column":33},"end":{"line":22,"column":9}},"line":19}},"branchMap":{"0":{"loc":{"start":{"line":11,"column":31},"end":{"line":11,"column":64}},"type":"binary-expr","locations":[{"start":{"line":11,"column":31},"end":{"line":11,"column":53}},{"start":{"line":11,"column":57},"end":{"line":11,"column":64}}],"line":11}},"s":{"0":1,"1":1,"2":1,"3":1,"4":1,"5":1,"6":1,"7":1,"8":1,"9":1,"10":1,"11":0,"12":0,"13":1},"f":{"0":1,"1":1},"b":{"0":[1,0]},"inputSourceMap":{"version":3,"file":"/Users/charles/Desktop/projects/Node/react-app-express-proxy/api/src/test/mocha.setup.ts","sources":["/Users/charles/Desktop/projects/Node/react-app-express-proxy/api/src/test/mocha.setup.ts"],"names":[],"mappings":";;;AAAA,yBAAuB;AACvB,iEAA0D;AAC1D,6CAAiD;AAE1C,KAAK,UAAU,gBAAgB;IAIpC,IAAI;QACF,IAAI,CAAC,MAAM,GAAG,MAAM,yCAAiB,CAAC,MAAM,CAAC;YAC3C,QAAQ,EAAE;gBACR,IAAI,EAAE,QAAQ,CAAC,OAAO,CAAC,GAAG,CAAC,UAAU,IAAI,OAAO,EAAE,EAAE,CAAC;gBACrD,EAAE,EAAE,OAAO,CAAC,GAAG,CAAC,cAAc;gBAC9B,MAAM,EAAE,OAAO,CAAC,GAAG,CAAC,cAAc;aACnC;YACD,MAAM,EAAE,EAAE;SACX,CAAC,CAAC;QACH,MAAM,CAAC,GAAG,EAAE,KAAK,CAAC,GAAG,MAAM,IAAA,sBAAa,GAAE,CAAC;QAC3C,MAAM,MAAM,GAAG,MAAM,GAAG,CAAC,MAAM,CAAC,IAAI,CAAC,CAAC;QACtC,IAAI,CAAC,KAAK,GAAG,KAAK,IAAI,EAAE;YACtB,MAAM,KAAK,EAAE,CAAC;YACd,MAAM,MAAM,CAAC,KAAK,EAAE,CAAC;QACvB,CAAC,CAAC;KACH;IAAC,OAAO,GAAG,EAAE;QACZ,OAAO,CAAC,KAAK,CAAC,GAAG,CAAC,CAAC;KACpB;AACH,CAAC;AAtBD,4CAsBC","sourcesContent":["import 'dotenv/config';\nimport { MongoMemoryServer } from 'mongodb-memory-server';\nimport { initializeApp } from '../server/server';\n\nexport async function mochaGlobalSetup(this: {\n  close: () => Promise<void>;\n  mongod: MongoMemoryServer;\n}) {\n  try {\n    this.mongod = await MongoMemoryServer.create({\n      instance: {\n        port: parseInt(process.env.MONGO_PORT ?? '27017', 10),\n        ip: process.env.MONGO_HOSTNAME,\n        dbName: process.env.MONGO_DATABASE,\n      },\n      binary: {},\n    });\n    const [app, close] = await initializeApp();\n    const server = await app.listen(8888);\n    this.close = async () => {\n      await close();\n      await server.close();\n    };\n  } catch (err) {\n    console.error(err);\n  }\n}\n"]},"_coverageSchema":"1a1c01bbd47fc00a2c39e90264f33305004495a9","hash":"91fe8b54277d338313d53a7f457326814f8e9dcb","contentHash":"5f071842ac758fac7a85151c0f0c89011f8173bbe48473e664fc342a5b61d727"},"/Users/charles/Desktop/projects/Node/react-app-express-proxy/api/src/server/server.ts":{"path":"/Users/charles/Desktop/projects/Node/react-app-express-proxy/api/src/server/server.ts","statementMap":{"0":{"start":{"line":2,"column":22},"end":{"line":4,"column":1}},"1":{"start":{"line":3,"column":4},"end":{"line":3,"column":62}},"2":{"start":{"line":5,"column":0},"end":{"line":5,"column":62}},"3":{"start":{"line":6,"column":0},"end":{"line":6,"column":31}},"4":{"start":{"line":7,"column":22},"end":{"line":7,"column":61}},"5":{"start":{"line":8,"column":24},"end":{"line":8,"column":65}},"6":{"start":{"line":9,"column":18},"end":{"line":9,"column":53}},"7":{"start":{"line":10,"column":39},"end":{"line":10,"column":78}},"8":{"start":{"line":11,"column":17},"end":{"line":11,"column":34}},"9":{"start":{"line":12,"column":19},"end":{"line":12,"column":38}},"10":{"start":{"line":13,"column":17},"end":{"line":13,"column":51}},"11":{"start":{"line":14,"column":0},"end":{"line":14,"column":28}},"12":{"start":{"line":15,"column":24},"end":{"line":15,"column":75}},"13":{"start":{"line":16,"column":14},"end":{"line":16,"column":38}},"14":{"start":{"line":17,"column":17},"end":{"line":17,"column":61}},"15":{"start":{"line":18,"column":19},"end":{"line":18,"column":50}},"16":{"start":{"line":19,"column":18},"end":{"line":19,"column":66}},"17":{"start":{"line":20,"column":18},"end":{"line":20,"column":66}},"18":{"start":{"line":21,"column":18},"end":{"line":21,"column":66}},"19":{"start":{"line":22,"column":17},"end":{"line":22,"column":37}},"20":{"start":{"line":23,"column":15},"end":{"line":23,"column":57}},"21":{"start":{"line":25,"column":4},"end":{"line":69,"column":5}},"22":{"start":{"line":26,"column":22},"end":{"line":26,"column":54}},"23":{"start":{"line":27,"column":8},"end":{"line":27,"column":52}},"24":{"start":{"line":28,"column":35},"end":{"line":28,"column":62}},"25":{"start":{"line":29,"column":8},"end":{"line":29,"column":64}},"26":{"start":{"line":30,"column":8},"end":{"line":31,"column":58}},"27":{"start":{"line":31,"column":12},"end":{"line":31,"column":58}},"28":{"start":{"line":32,"column":8},"end":{"line":32,"column":68}},"29":{"start":{"line":33,"column":8},"end":{"line":35,"column":49}},"30":{"start":{"line":36,"column":8},"end":{"line":36,"column":91}},"31":{"start":{"line":37,"column":20},"end":{"line":37,"column":44}},"32":{"start":{"line":38,"column":8},"end":{"line":38,"column":70}},"33":{"start":{"line":39,"column":8},"end":{"line":39,"column":46}},"34":{"start":{"line":40,"column":8},"end":{"line":40,"column":84}},"35":{"start":{"line":41,"column":8},"end":{"line":41,"column":105}},"36":{"start":{"line":41,"column":78},"end":{"line":41,"column":98}},"37":{"start":{"line":42,"column":8},"end":{"line":42,"column":42}},"38":{"start":{"line":43,"column":8},"end":{"line":43,"column":35}},"39":{"start":{"line":44,"column":8},"end":{"line":44,"column":35}},"40":{"start":{"line":45,"column":8},"end":{"line":45,"column":35}},"41":{"start":{"line":47,"column":12},"end":{"line":47,"column":52}},"42":{"start":{"line":48,"column":12},"end":{"line":48,"column":32}},"43":{"start":{"line":49,"column":12},"end":{"line":52,"column":26}},"44":{"start":{"line":50,"column":16},"end":{"line":50,"column":88}},"45":{"start":{"line":51,"column":16},"end":{"line":51,"column":32}},"46":{"start":{"line":53,"column":12},"end":{"line":53,"column":27}},"47":{"start":{"line":55,"column":8},"end":{"line":58,"column":11}},"48":{"start":{"line":56,"column":12},"end":{"line":56,"column":50}},"49":{"start":{"line":57,"column":12},"end":{"line":57,"column":26}},"50":{"start":{"line":59,"column":8},"end":{"line":62,"column":11}},"51":{"start":{"line":60,"column":12},"end":{"line":60,"column":51}},"52":{"start":{"line":61,"column":12},"end":{"line":61,"column":26}},"53":{"start":{"line":63,"column":8},"end":{"line":63,"column":52}},"54":{"start":{"line":64,"column":8},"end":{"line":64,"column":28}},"55":{"start":{"line":67,"column":8},"end":{"line":67,"column":76}},"56":{"start":{"line":68,"column":8},"end":{"line":68,"column":20}},"57":{"start":{"line":71,"column":0},"end":{"line":71,"column":38}}},"fnMap":{"0":{"name":"(anonymous_0)","decl":{"start":{"line":2,"column":56},"end":{"line":2,"column":57}},"loc":{"start":{"line":2,"column":71},"end":{"line":4,"column":1}},"line":2},"1":{"name":"initializeApp","decl":{"start":{"line":24,"column":15},"end":{"line":24,"column":28}},"loc":{"start":{"line":24,"column":31},"end":{"line":70,"column":1}},"line":24},"2":{"name":"(anonymous_2)","decl":{"start":{"line":41,"column":65},"end":{"line":41,"column":66}},"loc":{"start":{"line":41,"column":78},"end":{"line":41,"column":98}},"line":41},"3":{"name":"close","decl":{"start":{"line":46,"column":23},"end":{"line":46,"column":28}},"loc":{"start":{"line":46,"column":31},"end":{"line":54,"column":9}},"line":46},"4":{"name":"(anonymous_4)","decl":{"start":{"line":49,"column":23},"end":{"line":49,"column":24}},"loc":{"start":{"line":49,"column":35},"end":{"line":52,"column":13}},"line":49},"5":{"name":"(anonymous_5)","decl":{"start":{"line":55,"column":29},"end":{"line":55,"column":30}},"loc":{"start":{"line":55,"column":41},"end":{"line":58,"column":9}},"line":55},"6":{"name":"(anonymous_6)","decl":{"start":{"line":59,"column":30},"end":{"line":59,"column":31}},"loc":{"start":{"line":59,"column":42},"end":{"line":62,"column":9}},"line":59}},"branchMap":{"0":{"loc":{"start":{"line":2,"column":22},"end":{"line":4,"column":1}},"type":"binary-expr","locations":[{"start":{"line":2,"column":23},"end":{"line":2,"column":27}},{"start":{"line":2,"column":31},"end":{"line":2,"column":51}},{"start":{"line":2,"column":56},"end":{"line":4,"column":1}}],"line":2},"1":{"loc":{"start":{"line":3,"column":11},"end":{"line":3,"column":61}},"type":"cond-expr","locations":[{"start":{"line":3,"column":37},"end":{"line":3,"column":40}},{"start":{"line":3,"column":43},"end":{"line":3,"column":61}}],"line":3},"2":{"loc":{"start":{"line":3,"column":12},"end":{"line":3,"column":33}},"type":"binary-expr","locations":[{"start":{"line":3,"column":12},"end":{"line":3,"column":15}},{"start":{"line":3,"column":19},"end":{"line":3,"column":33}}],"line":3},"3":{"loc":{"start":{"line":30,"column":8},"end":{"line":31,"column":58}},"type":"if","locations":[{"start":{"line":30,"column":8},"end":{"line":31,"column":58}},{"start":{"line":30,"column":8},"end":{"line":31,"column":58}}],"line":30}},"s":{"0":1,"1":9,"2":1,"3":1,"4":1,"5":1,"6":1,"7":1,"8":1,"9":1,"10":1,"11":1,"12":1,"13":1,"14":1,"15":1,"16":1,"17":1,"18":1,"19":1,"20":1,"21":1,"22":1,"23":1,"24":1,"25":1,"26":1,"27":0,"28":1,"29":1,"30":1,"31":1,"32":1,"33":1,"34":1,"35":1,"36":1,"37":1,"38":1,"39":1,"40":1,"41":1,"42":1,"43":1,"44":0,"45":0,"46":1,"47":1,"48":0,"49":0,"50":1,"51":0,"52":0,"53":1,"54":1,"55":0,"56":0,"57":1},"f":{"0":9,"1":1,"2":1,"3":1,"4":0,"5":0,"6":0},"b":{"0":[1,1,1],"1":[5,4],"2":[9,9],"3":[0,1]},"inputSourceMap":{"version":3,"file":"/Users/charles/Desktop/projects/Node/react-app-express-proxy/api/src/server/server.ts","sources":["/Users/charles/Desktop/projects/Node/react-app-express-proxy/api/src/server/server.ts"],"names":[],"mappings":";;;;;;AAAA,8DAAqC;AACrC,kEAAyC;AACzC,sDAA8B;AAC9B,+EAAmE;AACnE,mCAA+B;AAC/B,uCAAsC;AACtC,oDAA4B;AAC5B,4BAA0B;AAC1B,4EAA6C;AAC7C,uCAA6C;AAC7C,8DAAsC;AACtC,mDAAuD;AAEvD,mEAAsD;AACtD,mEAAsD;AACtD,mEAAsD;AACtD,sCAA2C;AAE3C,MAAM,MAAM,GAAG,gBAAM,CAAC,KAAK,CAAC,EAAE,OAAO,EAAE,KAAK,EAAE,CAAC,CAAC;AAEzC,KAAK,UAAU,aAAa;IACjC,IAAI;QACF,MAAM,KAAK,GAAqB,IAAI,0BAAe,EAAE,CAAC;QAEtD,MAAM,CAAC,IAAI,CAAC,8BAA8B,CAAC,CAAC;QAC5C,MAAM,kBAAkB,GAAG,MAAM,KAAK,CAAC,aAAa,EAAE,CAAC;QACvD,MAAM,CAAC,IAAI,CAAC,0CAA0C,CAAC,CAAC;QAExD,IAAI,IAAA,cAAK,EAAC,kBAAkB,CAAC;YAC3B,MAAM,IAAI,KAAK,CAAC,4BAA4B,CAAC,CAAC;QAEhD,MAAM,CAAC,IAAI,CAAC,8CAA8C,CAAC,CAAC;QAC5D,kBAAY;aACT,IAAI,CAAa,qBAAU,CAAC;aAC5B,eAAe,CAAC,kBAAkB,CAAC,CAAC;QAEvC,kBAAY,CAAC,IAAI,CAAC,IAAA,kDAAmB,GAAE,CAAC,CAAC;QAEzC,MAAM,GAAG,GAAG,IAAA,iBAAO,GAAE,CAAC;QAEtB,GAAG,CAAC,GAAG,CAAC,qBAAU,CAAC,UAAU,CAAC,EAAE,QAAQ,EAAE,IAAI,EAAE,CAAC,CAAC,CAAC;QACnD,GAAG,CAAC,GAAG,CAAC,qBAAU,CAAC,IAAI,EAAE,CAAC,CAAC;QAC3B,GAAG,CAAC,GAAG,CAAC,IAAA,uBAAY,EAAC,uBAAM,CAAC,YAAY,CAAC,CAAC,CAAC;QAC3C,GAAG,CAAC,GAAG,CACL,IAAA,gBAAM,EAAC,MAAM,EAAE,EAAE,MAAM,EAAE,EAAE,KAAK,EAAE,CAAC,OAAO,EAAE,EAAE,CAAC,MAAM,CAAC,IAAI,CAAC,OAAO,CAAC,EAAE,EAAE,CAAC,CACzE,CAAC;QAEF,IAAA,uBAAc,EAAC,GAAG,CAAC,CAAC;QAEpB,GAAG,CAAC,GAAG,CAAC,iBAAkB,CAAC,CAAC;QAC5B,GAAG,CAAC,GAAG,CAAC,iBAAkB,CAAC,CAAC;QAE5B,GAAG,CAAC,GAAG,CAAC,iBAAkB,CAAC,CAAC;QAE5B,KAAK,UAAU,KAAK;YAClB,MAAM,CAAC,IAAI,CAAC,0BAA0B,CAAC,CAAC;YACxC,MAAM,KAAK,CAAC,KAAK,EAAE,CAAC;YAEpB,UAAU,CAAC;gBACT,OAAO,CAAC,KAAK,CAAC,wDAAwD,CAAC,CAAC;gBACxE,OAAO,CAAC,IAAI,CAAC,CAAC,CAAC,CAAC;YAClB,CAAC,EAAE,EAAE,GAAG,IAAI,CAAC,CAAC;YAEd,OAAO,CAAC,IAAI,EAAE,CAAC;QACjB,CAAC;QAED,OAAO,CAAC,EAAE,CAAC,QAAQ,EAAE,KAAK,IAAI,EAAE;YAC9B,MAAM,CAAC,IAAI,CAAC,wBAAwB,CAAC,CAAC;YACtC,MAAM,KAAK,EAAE,CAAC;QAChB,CAAC,CAAC,CAAC;QACH,OAAO,CAAC,EAAE,CAAC,SAAS,EAAE,KAAK,IAAI,EAAE;YAC/B,MAAM,CAAC,IAAI,CAAC,yBAAyB,CAAC,CAAC;YACvC,MAAM,KAAK,EAAE,CAAC;QAChB,CAAC,CAAC,CAAC;QACH,MAAM,CAAC,IAAI,CAAC,8BAA8B,CAAC,CAAC;QAE5C,OAAO,CAAC,GAAG,EAAE,KAAK,CAAU,CAAC;KAC9B;IAAC,OAAO,KAAK,EAAE;QACd,MAAM,CAAC,KAAK,CAAC,0CAA0C,EAAE,EAAE,KAAK,EAAE,CAAC,CAAC;QACpE,MAAM,KAAK,CAAC;KACb;AACH,CAAC;AA7DD,sCA6DC","sourcesContent":["import bodyParser from 'body-parser';\nimport cookieParser from 'cookie-parser';\nimport Express from 'express';\nimport { buildProviderModule } from 'inversify-binding-decorators';\nimport { isNil } from 'lodash';\nimport { Connection } from 'mongoose';\nimport morgan from 'morgan';\nimport 'reflect-metadata';\nimport config from '../common/configuration';\nimport { iocContainer } from '../common/ioc';\nimport Logger from '../common/logger';\nimport { MongoRepository } from '../db/mongo/mongo-db';\nimport { MongoPersistence } from '../db/Repository';\nimport error400Middleware from '../middleware/400.mw';\nimport error404Middleware from '../middleware/404.mw';\nimport error500Middleware from '../middleware/500.mw';\nimport { RegisterRoutes } from '../routes';\n\nconst logger = Logger.child({ service: 'App' });\n\nexport async function initializeApp() {\n  try {\n    const mongo: MongoPersistence = new MongoRepository();\n\n    logger.info('Creating Mongoose connection');\n    const mongooseConnection = await mongo.getConnection();\n    logger.info('Mongoose connection successfully created');\n\n    if (isNil(mongooseConnection))\n      throw new Error('Unable to connect to mongo');\n\n    logger.info('Binding Mongoose connection to IoC Container');\n    iocContainer\n      .bind<Connection>(Connection)\n      .toConstantValue(mongooseConnection);\n\n    iocContainer.load(buildProviderModule());\n\n    const app = Express();\n\n    app.use(bodyParser.urlencoded({ extended: true }));\n    app.use(bodyParser.json());\n    app.use(cookieParser(config.cookieSecret));\n    app.use(\n      morgan('tiny', { stream: { write: (message) => logger.info(message) } })\n    );\n\n    RegisterRoutes(app);\n\n    app.use(error400Middleware);\n    app.use(error500Middleware);\n\n    app.use(error404Middleware);\n\n    async function close() {\n      logger.info('Closing Mongo connection');\n      await mongo.close();\n\n      setTimeout(function () {\n        console.error('Could not close connections in time, forcing shut down');\n        process.exit(1);\n      }, 30 * 1000);\n\n      process.exit();\n    }\n\n    process.on('SIGINT', async () => {\n      logger.info('Handling SIGINT Signal');\n      await close();\n    });\n    process.on('SIGTERM', async () => {\n      logger.info('Handling SIGTERM Signal');\n      await close();\n    });\n    logger.info('App successfully initialized');\n\n    return [app, close] as const;\n  } catch (error) {\n    logger.error('Unhandled error initializing application', { error });\n    throw error;\n  }\n}\n"]},"_coverageSchema":"1a1c01bbd47fc00a2c39e90264f33305004495a9","hash":"8f55319da1a5bd9c1e56d72f2c65f1eea5d3307d","contentHash":"deb92de02d437b6374ef326e34d78569adf988b271fe7d020b524e9a89e42228"},"/Users/charles/Desktop/projects/Node/react-app-express-proxy/api/src/common/configuration.ts":{"path":"/Users/charles/Desktop/projects/Node/react-app-express-proxy/api/src/common/configuration.ts","statementMap":{"0":{"start":{"line":2,"column":0},"end":{"line":2,"column":62}},"1":{"start":{"line":3,"column":0},"end":{"line":3,"column":25}},"2":{"start":{"line":4,"column":15},"end":{"line":16,"column":1}},"3":{"start":{"line":17,"column":0},"end":{"line":21,"column":3}},"4":{"start":{"line":18,"column":4},"end":{"line":20,"column":5}},"5":{"start":{"line":19,"column":8},"end":{"line":19,"column":64}},"6":{"start":{"line":22,"column":0},"end":{"line":22,"column":25}}},"fnMap":{"0":{"name":"(anonymous_0)","decl":{"start":{"line":17,"column":31},"end":{"line":17,"column":32}},"loc":{"start":{"line":17,"column":49},"end":{"line":21,"column":1}},"line":17}},"branchMap":{"0":{"loc":{"start":{"line":6,"column":19},"end":{"line":6,"column":41}},"type":"binary-expr","locations":[{"start":{"line":6,"column":19},"end":{"line":6,"column":35}},{"start":{"line":6,"column":39},"end":{"line":6,"column":41}}],"line":6},"1":{"loc":{"start":{"line":9,"column":23},"end":{"line":9,"column":51}},"type":"binary-expr","locations":[{"start":{"line":9,"column":23},"end":{"line":9,"column":45}},{"start":{"line":9,"column":49},"end":{"line":9,"column":51}}],"line":9},"2":{"loc":{"start":{"line":13,"column":25},"end":{"line":13,"column":71}},"type":"binary-expr","locations":[{"start":{"line":13,"column":25},"end":{"line":13,"column":62}},{"start":{"line":13,"column":66},"end":{"line":13,"column":71}}],"line":13},"3":{"loc":{"start":{"line":18,"column":4},"end":{"line":20,"column":5}},"type":"if","locations":[{"start":{"line":18,"column":4},"end":{"line":20,"column":5}},{"start":{"line":18,"column":4},"end":{"line":20,"column":5}}],"line":18},"4":{"loc":{"start":{"line":18,"column":8},"end":{"line":18,"column":37}},"type":"binary-expr","locations":[{"start":{"line":18,"column":8},"end":{"line":18,"column":21}},{"start":{"line":18,"column":25},"end":{"line":18,"column":37}}],"line":18}},"s":{"0":1,"1":1,"2":1,"3":1,"4":4,"5":0,"6":1},"f":{"0":4},"b":{"0":[1,0],"1":[1,0],"2":[1,1],"3":[0,4],"4":[4,4]},"inputSourceMap":{"version":3,"file":"/Users/charles/Desktop/projects/Node/react-app-express-proxy/api/src/common/configuration.ts","sources":["/Users/charles/Desktop/projects/Node/react-app-express-proxy/api/src/common/configuration.ts"],"names":[],"mappings":";;AAAA,yBAAuB;AAevB,MAAM,MAAM,GAAG;IACb,YAAY,EAAE,OAAO,CAAC,GAAG,CAAC,aAAa;IACvC,IAAI,EAAE,QAAQ,CAAC,OAAO,CAAC,GAAG,CAAC,IAAI,IAAI,EAAE,EAAE,EAAE,CAAC;IAC1C,KAAK,EAAE;QACL,QAAQ,EAAE,OAAO,CAAC,GAAG,CAAC,cAAc;QACpC,IAAI,EAAE,QAAQ,CAAC,OAAO,CAAC,GAAG,CAAC,UAAU,IAAI,EAAE,EAAE,EAAE,CAAC;QAChD,QAAQ,EAAE,OAAO,CAAC,GAAG,CAAC,cAAc;QACpC,QAAQ,EAAE,OAAO,CAAC,GAAG,CAAC,cAAc;QACpC,QAAQ,EAAE,OAAO,CAAC,GAAG,CAAC,cAAc;QACpC,eAAe,EAAE,OAAO,CAAC,GAAG,CAAC,yBAAyB,IAAI,KAAK;KAChE;IACD,WAAW,EAAE,OAAO,CAAC,GAAG,CAAC,YAAY;CACtC,CAAC;AAEF,MAAM,CAAC,OAAO,CAAC,MAAM,CAAC,CAAC,OAAO,CAAC,CAAC,CAAC,GAAG,EAAE,KAAK,CAAC,EAAE,EAAE;IAC9C,IAAI,KAAK,IAAI,IAAI,IAAI,KAAK,IAAI,GAAG,EAAE;QACjC,MAAM,IAAI,KAAK,CAAC,iCAAiC,GAAG,EAAE,CAAC,CAAC;KACzD;AACH,CAAC,CAAC,CAAC;AAEH,kBAAe,MAAM,CAAC","sourcesContent":["import 'dotenv/config';\n\nexport interface Configuration {\n  cookieSecret: string;\n  port: number;\n  mongo: {\n    hostname: string;\n    port: number;\n    username: string;\n    password: string;\n    database: string;\n  };\n  loggerLevel: string;\n}\n\nconst config = {\n  cookieSecret: process.env.COOKIE_SECRET,\n  port: parseInt(process.env.PORT ?? '', 10),\n  mongo: {\n    hostname: process.env.MONGO_HOSTNAME,\n    port: parseInt(process.env.MONGO_PORT || '', 10),\n    username: process.env.MONGO_USERNAME,\n    password: process.env.MONGO_PASSWORD,\n    database: process.env.MONGO_DATABASE,\n    useMemoryServer: process.env.MONGO_USE_MEMORY_DATABASE ?? false,\n  },\n  loggerLevel: process.env.LOGGER_LEVEL,\n};\n\nObject.entries(config).forEach(([key, value]) => {\n  if (value == null || value == NaN) {\n    throw new Error(`Configuration was missing for ${key}`);\n  }\n});\n\nexport default config;\n"]},"_coverageSchema":"1a1c01bbd47fc00a2c39e90264f33305004495a9","hash":"78bdc237ef0816431667b6b5860286fb82bad969","contentHash":"83d0d737aab5ad5ce87de64215bbcd33138402e43e624d2caa5c5732b002ad82"},"/Users/charles/Desktop/projects/Node/react-app-express-proxy/api/src/common/ioc.ts":{"path":"/Users/charles/Desktop/projects/Node/react-app-express-proxy/api/src/common/ioc.ts","statementMap":{"0":{"start":{"line":2,"column":0},"end":{"line":2,"column":62}},"1":{"start":{"line":3,"column":0},"end":{"line":3,"column":154}},"2":{"start":{"line":4,"column":20},"end":{"line":4,"column":40}},"3":{"start":{"line":5,"column":0},"end":{"line":5,"column":116}},"4":{"start":{"line":5,"column":82},"end":{"line":5,"column":110}},"5":{"start":{"line":6,"column":0},"end":{"line":6,"column":112}},"6":{"start":{"line":6,"column":80},"end":{"line":6,"column":106}},"7":{"start":{"line":7,"column":0},"end":{"line":7,"column":120}},"8":{"start":{"line":7,"column":84},"end":{"line":7,"column":114}},"9":{"start":{"line":8,"column":39},"end":{"line":8,"column":78}},"10":{"start":{"line":9,"column":0},"end":{"line":9,"column":141}},"11":{"start":{"line":9,"column":85},"end":{"line":9,"column":135}},"12":{"start":{"line":10,"column":0},"end":{"line":10,"column":133}},"13":{"start":{"line":10,"column":81},"end":{"line":10,"column":127}},"14":{"start":{"line":11,"column":15},"end":{"line":11,"column":30}},"15":{"start":{"line":12,"column":21},"end":{"line":12,"column":48}},"16":{"start":{"line":13,"column":0},"end":{"line":13,"column":36}},"17":{"start":{"line":14,"column":0},"end":{"line":14,"column":76}},"18":{"start":{"line":15,"column":25},"end":{"line":17,"column":1}},"19":{"start":{"line":16,"column":4},"end":{"line":16,"column":103}},"20":{"start":{"line":18,"column":0},"end":{"line":18,"column":44}}},"fnMap":{"0":{"name":"(anonymous_0)","decl":{"start":{"line":5,"column":68},"end":{"line":5,"column":69}},"loc":{"start":{"line":5,"column":80},"end":{"line":5,"column":112}},"line":5},"1":{"name":"(anonymous_1)","decl":{"start":{"line":6,"column":66},"end":{"line":6,"column":67}},"loc":{"start":{"line":6,"column":78},"end":{"line":6,"column":108}},"line":6},"2":{"name":"(anonymous_2)","decl":{"start":{"line":7,"column":70},"end":{"line":7,"column":71}},"loc":{"start":{"line":7,"column":82},"end":{"line":7,"column":116}},"line":7},"3":{"name":"(anonymous_3)","decl":{"start":{"line":9,"column":71},"end":{"line":9,"column":72}},"loc":{"start":{"line":9,"column":83},"end":{"line":9,"column":137}},"line":9},"4":{"name":"(anonymous_4)","decl":{"start":{"line":10,"column":67},"end":{"line":10,"column":68}},"loc":{"start":{"line":10,"column":79},"end":{"line":10,"column":129}},"line":10},"5":{"name":"(anonymous_5)","decl":{"start":{"line":15,"column":25},"end":{"line":15,"column":26}},"loc":{"start":{"line":15,"column":47},"end":{"line":17,"column":1}},"line":15}},"branchMap":{},"s":{"0":1,"1":1,"2":1,"3":1,"4":1,"5":1,"6":3,"7":1,"8":1,"9":1,"10":1,"11":0,"12":1,"13":0,"14":1,"15":1,"16":1,"17":1,"18":1,"19":3,"20":1},"f":{"0":1,"1":3,"2":1,"3":0,"4":0,"5":3},"b":{},"inputSourceMap":{"version":3,"file":"/Users/charles/Desktop/projects/Node/react-app-express-proxy/api/src/common/ioc.ts","sources":["/Users/charles/Desktop/projects/Node/react-app-express-proxy/api/src/common/ioc.ts"],"names":[],"mappings":";;;AAAA,yCAAgF;AA2B9E,yFA3BkB,oBAAQ,OA2BlB;AAHR,uFAxB4B,kBAAM,OAwB5B;AADN,2FAvBoC,sBAAU,OAuBpC;AAtBZ,+EAIsC;AAqBpC,4FAxBA,0CAAW,OAwBA;AADX,wFArBA,sCAAO,OAqBA;AAnBT,+BAAkC;AAGlC,MAAM,YAAY,GAAG,IAAI,qBAAS,EAAE,CAAC;AAYnC,oCAAY;AAVd,IAAA,oBAAQ,EAAC,IAAA,sBAAU,GAAE,EAAE,iBAAU,CAAC,CAAC;AAEnC,MAAM,gBAAgB,GAAG,UACvB,UAA2C;IAE3C,OAAO,IAAA,4CAAa,EAAC,UAAU,CAAC,CAAC,gBAAgB,EAAE,CAAC,IAAI,CAAC,IAAI,CAAC,CAAC;AACjE,CAAC,CAAC;AAKA,4CAAgB","sourcesContent":["import { Container, decorate, inject, injectable, interfaces } from 'inversify';\nimport {\n  autoProvide,\n  fluentProvide,\n  provide,\n} from 'inversify-binding-decorators';\nimport { Controller } from 'tsoa';\n\n// Assign a container to `iocContainer`.\nconst iocContainer = new Container();\n\ndecorate(injectable(), Controller);\n\nconst provideSingleton = function <T>(\n  identifier: interfaces.ServiceIdentifier<T>\n) {\n  return fluentProvide(identifier).inSingletonScope().done(true);\n};\n\n// export according to convention\nexport {\n  iocContainer,\n  provideSingleton,\n  injectable,\n  inject,\n  provide,\n  autoProvide,\n  decorate,\n};\n"]},"_coverageSchema":"1a1c01bbd47fc00a2c39e90264f33305004495a9","hash":"9c3d07d7e3f8ba0dd9b69fc11906390eec2dfff9","contentHash":"f12a5acb1f628b3959da9be3c9599b5bfdccf456cf83b341b259c422d3f08aba"},"/Users/charles/Desktop/projects/Node/react-app-express-proxy/api/src/common/logger.ts":{"path":"/Users/charles/Desktop/projects/Node/react-app-express-proxy/api/src/common/logger.ts","statementMap":{"0":{"start":{"line":2,"column":22},"end":{"line":12,"column":3}},"1":{"start":{"line":3,"column":4},"end":{"line":3,"column":33}},"2":{"start":{"line":3,"column":26},"end":{"line":3,"column":33}},"3":{"start":{"line":4,"column":15},"end":{"line":4,"column":52}},"4":{"start":{"line":5,"column":4},"end":{"line":7,"column":5}},"5":{"start":{"line":6,"column":6},"end":{"line":6,"column":68}},"6":{"start":{"line":6,"column":51},"end":{"line":6,"column":63}},"7":{"start":{"line":8,"column":4},"end":{"line":8,"column":39}},"8":{"start":{"line":10,"column":4},"end":{"line":10,"column":33}},"9":{"start":{"line":10,"column":26},"end":{"line":10,"column":33}},"10":{"start":{"line":11,"column":4},"end":{"line":11,"column":17}},"11":{"start":{"line":13,"column":25},"end":{"line":17,"column":2}},"12":{"start":{"line":14,"column":4},"end":{"line":14,"column":72}},"13":{"start":{"line":16,"column":4},"end":{"line":16,"column":21}},"14":{"start":{"line":18,"column":19},"end":{"line":24,"column":1}},"15":{"start":{"line":19,"column":4},"end":{"line":19,"column":42}},"16":{"start":{"line":19,"column":31},"end":{"line":19,"column":42}},"17":{"start":{"line":20,"column":17},"end":{"line":20,"column":19}},"18":{"start":{"line":21,"column":4},"end":{"line":21,"column":141}},"19":{"start":{"line":21,"column":21},"end":{"line":21,"column":141}},"20":{"start":{"line":21,"column":40},"end":{"line":21,"column":141}},"21":{"start":{"line":21,"column":109},"end":{"line":21,"column":141}},"22":{"start":{"line":22,"column":4},"end":{"line":22,"column":36}},"23":{"start":{"line":23,"column":4},"end":{"line":23,"column":18}},"24":{"start":{"line":25,"column":22},"end":{"line":27,"column":1}},"25":{"start":{"line":26,"column":4},"end":{"line":26,"column":62}},"26":{"start":{"line":28,"column":0},"end":{"line":28,"column":62}},"27":{"start":{"line":29,"column":18},"end":{"line":29,"column":50}},"28":{"start":{"line":30,"column":24},"end":{"line":30,"column":67}},"29":{"start":{"line":31,"column":15},"end":{"line":35,"column":2}},"30":{"start":{"line":36,"column":0},"end":{"line":36,"column":25}}},"fnMap":{"0":{"name":"(anonymous_0)","decl":{"start":{"line":2,"column":74},"end":{"line":2,"column":75}},"loc":{"start":{"line":2,"column":96},"end":{"line":9,"column":1}},"line":2},"1":{"name":"(anonymous_1)","decl":{"start":{"line":6,"column":38},"end":{"line":6,"column":39}},"loc":{"start":{"line":6,"column":49},"end":{"line":6,"column":65}},"line":6},"2":{"name":"(anonymous_2)","decl":{"start":{"line":9,"column":6},"end":{"line":9,"column":7}},"loc":{"start":{"line":9,"column":28},"end":{"line":12,"column":1}},"line":9},"3":{"name":"(anonymous_3)","decl":{"start":{"line":13,"column":80},"end":{"line":13,"column":81}},"loc":{"start":{"line":13,"column":95},"end":{"line":15,"column":1}},"line":13},"4":{"name":"(anonymous_4)","decl":{"start":{"line":15,"column":5},"end":{"line":15,"column":6}},"loc":{"start":{"line":15,"column":20},"end":{"line":17,"column":1}},"line":15},"5":{"name":"(anonymous_5)","decl":{"start":{"line":18,"column":50},"end":{"line":18,"column":51}},"loc":{"start":{"line":18,"column":65},"end":{"line":24,"column":1}},"line":18},"6":{"name":"(anonymous_6)","decl":{"start":{"line":25,"column":56},"end":{"line":25,"column":57}},"loc":{"start":{"line":25,"column":71},"end":{"line":27,"column":1}},"line":25}},"branchMap":{"0":{"loc":{"start":{"line":2,"column":22},"end":{"line":12,"column":3}},"type":"binary-expr","locations":[{"start":{"line":2,"column":23},"end":{"line":2,"column":27}},{"start":{"line":2,"column":31},"end":{"line":2,"column":51}},{"start":{"line":2,"column":57},"end":{"line":12,"column":2}}],"line":2},"1":{"loc":{"start":{"line":2,"column":57},"end":{"line":12,"column":2}},"type":"cond-expr","locations":[{"start":{"line":2,"column":74},"end":{"line":9,"column":1}},{"start":{"line":9,"column":6},"end":{"line":12,"column":1}}],"line":2},"2":{"loc":{"start":{"line":3,"column":4},"end":{"line":3,"column":33}},"type":"if","locations":[{"start":{"line":3,"column":4},"end":{"line":3,"column":33}},{"start":{"line":3,"column":4},"end":{"line":3,"column":33}}],"line":3},"3":{"loc":{"start":{"line":5,"column":4},"end":{"line":7,"column":5}},"type":"if","locations":[{"start":{"line":5,"column":4},"end":{"line":7,"column":5}},{"start":{"line":5,"column":4},"end":{"line":7,"column":5}}],"line":5},"4":{"loc":{"start":{"line":5,"column":8},"end":{"line":5,"column":85}},"type":"binary-expr","locations":[{"start":{"line":5,"column":8},"end":{"line":5,"column":13}},{"start":{"line":5,"column":18},"end":{"line":5,"column":84}}],"line":5},"5":{"loc":{"start":{"line":5,"column":18},"end":{"line":5,"column":84}},"type":"cond-expr","locations":[{"start":{"line":5,"column":34},"end":{"line":5,"column":47}},{"start":{"line":5,"column":50},"end":{"line":5,"column":84}}],"line":5},"6":{"loc":{"start":{"line":5,"column":50},"end":{"line":5,"column":84}},"type":"binary-expr","locations":[{"start":{"line":5,"column":50},"end":{"line":5,"column":63}},{"start":{"line":5,"column":67},"end":{"line":5,"column":84}}],"line":5},"7":{"loc":{"start":{"line":10,"column":4},"end":{"line":10,"column":33}},"type":"if","locations":[{"start":{"line":10,"column":4},"end":{"line":10,"column":33}},{"start":{"line":10,"column":4},"end":{"line":10,"column":33}}],"line":10},"8":{"loc":{"start":{"line":13,"column":25},"end":{"line":17,"column":2}},"type":"binary-expr","locations":[{"start":{"line":13,"column":26},"end":{"line":13,"column":30}},{"start":{"line":13,"column":34},"end":{"line":13,"column":57}},{"start":{"line":13,"column":63},"end":{"line":17,"column":1}}],"line":13},"9":{"loc":{"start":{"line":13,"column":63},"end":{"line":17,"column":1}},"type":"cond-expr","locations":[{"start":{"line":13,"column":80},"end":{"line":15,"column":1}},{"start":{"line":15,"column":5},"end":{"line":17,"column":1}}],"line":13},"10":{"loc":{"start":{"line":18,"column":19},"end":{"line":24,"column":1}},"type":"binary-expr","locations":[{"start":{"line":18,"column":20},"end":{"line":18,"column":24}},{"start":{"line":18,"column":28},"end":{"line":18,"column":45}},{"start":{"line":18,"column":50},"end":{"line":24,"column":1}}],"line":18},"11":{"loc":{"start":{"line":19,"column":4},"end":{"line":19,"column":42}},"type":"if","locations":[{"start":{"line":19,"column":4},"end":{"line":19,"column":42}},{"start":{"line":19,"column":4},"end":{"line":19,"column":42}}],"line":19},"12":{"loc":{"start":{"line":19,"column":8},"end":{"line":19,"column":29}},"type":"binary-expr","locations":[{"start":{"line":19,"column":8},"end":{"line":19,"column":11}},{"start":{"line":19,"column":15},"end":{"line":19,"column":29}}],"line":19},"13":{"loc":{"start":{"line":21,"column":4},"end":{"line":21,"column":141}},"type":"if","locations":[{"start":{"line":21,"column":4},"end":{"line":21,"column":141}},{"start":{"line":21,"column":4},"end":{"line":21,"column":141}}],"line":21},"14":{"loc":{"start":{"line":21,"column":40},"end":{"line":21,"column":141}},"type":"if","locations":[{"start":{"line":21,"column":40},"end":{"line":21,"column":141}},{"start":{"line":21,"column":40},"end":{"line":21,"column":141}}],"line":21},"15":{"loc":{"start":{"line":21,"column":44},"end":{"line":21,"column":107}},"type":"binary-expr","locations":[{"start":{"line":21,"column":44},"end":{"line":21,"column":59}},{"start":{"line":21,"column":63},"end":{"line":21,"column":107}}],"line":21},"16":{"loc":{"start":{"line":25,"column":22},"end":{"line":27,"column":1}},"type":"binary-expr","locations":[{"start":{"line":25,"column":23},"end":{"line":25,"column":27}},{"start":{"line":25,"column":31},"end":{"line":25,"column":51}},{"start":{"line":25,"column":56},"end":{"line":27,"column":1}}],"line":25},"17":{"loc":{"start":{"line":26,"column":11},"end":{"line":26,"column":61}},"type":"cond-expr","locations":[{"start":{"line":26,"column":37},"end":{"line":26,"column":40}},{"start":{"line":26,"column":43},"end":{"line":26,"column":61}}],"line":26},"18":{"loc":{"start":{"line":26,"column":12},"end":{"line":26,"column":33}},"type":"binary-expr","locations":[{"start":{"line":26,"column":12},"end":{"line":26,"column":15}},{"start":{"line":26,"column":19},"end":{"line":26,"column":33}}],"line":26}},"s":{"0":1,"1":37,"2":37,"3":37,"4":37,"5":37,"6":5,"7":37,"8":0,"9":0,"10":0,"11":1,"12":1,"13":0,"14":1,"15":1,"16":0,"17":1,"18":1,"19":1,"20":37,"21":37,"22":1,"23":1,"24":1,"25":1,"26":1,"27":1,"28":1,"29":1,"30":1},"f":{"0":37,"1":5,"2":0,"3":1,"4":0,"5":1,"6":1},"b":{"0":[1,1,1],"1":[1,0],"2":[37,0],"3":[37,0],"4":[37,37],"5":[0,37],"6":[37,0],"7":[0,0],"8":[1,1,1],"9":[1,0],"10":[1,1,1],"11":[0,1],"12":[1,1],"13":[1,0],"14":[37,0],"15":[37,37],"16":[1,1,1],"17":[1,0],"18":[1,1]},"inputSourceMap":{"version":3,"file":"/Users/charles/Desktop/projects/Node/react-app-express-proxy/api/src/common/logger.ts","sources":["/Users/charles/Desktop/projects/Node/react-app-express-proxy/api/src/common/logger.ts"],"names":[],"mappings":";;;;;;;;;;;;;;;;;;;;;;;;;;;;AAAA,mDAAsD;AACtD,oEAAqC;AAErC,MAAM,MAAM,GAAG,iBAAO,CAAC,YAAY,CAAC;IAClC,KAAK,EAAE,uBAAM,CAAC,WAAW;IACzB,MAAM,EAAE,gBAAM,CAAC,OAAO,CACpB,gBAAM,CAAC,WAAW,EAAE,EACpB,gBAAM,CAAC,SAAS,EAAE,EAClB,gBAAM,CAAC,QAAQ,EAAE,CAClB;IACD,UAAU,EAAE,CAAC,IAAI,oBAAU,CAAC,OAAO,EAAE,CAAC;CACvC,CAAC,CAAC;AAEH,kBAAe,MAAM,CAAC","sourcesContent":["import winston, { format, transports } from 'winston';\nimport config from './configuration';\n\nconst Logger = winston.createLogger({\n  level: config.loggerLevel,\n  format: format.combine(\n    format.prettyPrint(),\n    format.timestamp(),\n    format.colorize()\n  ),\n  transports: [new transports.Console()],\n});\n\nexport default Logger;\n"]},"_coverageSchema":"1a1c01bbd47fc00a2c39e90264f33305004495a9","hash":"8f8b407ef7c20d857acc10ef5ab05891246f538e","contentHash":"0c1cadf0b5a53284fd984aec3b4954d2e95be0d75d94cdf53376695e70b047b6"},"/Users/charles/Desktop/projects/Node/react-app-express-proxy/api/src/db/mongo/mongo-db.ts":{"path":"/Users/charles/Desktop/projects/Node/react-app-express-proxy/api/src/db/mongo/mongo-db.ts","statementMap":{"0":{"start":{"line":2,"column":22},"end":{"line":4,"column":1}},"1":{"start":{"line":3,"column":4},"end":{"line":3,"column":62}},"2":{"start":{"line":5,"column":0},"end":{"line":5,"column":62}},"3":{"start":{"line":6,"column":0},"end":{"line":6,"column":33}},"4":{"start":{"line":7,"column":19},"end":{"line":7,"column":38}},"5":{"start":{"line":8,"column":24},"end":{"line":8,"column":78}},"6":{"start":{"line":9,"column":17},"end":{"line":9,"column":64}},"7":{"start":{"line":10,"column":21},"end":{"line":10,"column":45}},"8":{"start":{"line":13,"column":8},"end":{"line":13,"column":16}},"9":{"start":{"line":14,"column":8},"end":{"line":14,"column":66}},"10":{"start":{"line":17,"column":8},"end":{"line":19,"column":9}},"11":{"start":{"line":18,"column":12},"end":{"line":18,"column":46}},"12":{"start":{"line":22,"column":8},"end":{"line":41,"column":9}},"13":{"start":{"line":23,"column":37},"end":{"line":23,"column":128}},"14":{"start":{"line":24,"column":12},"end":{"line":24,"column":77}},"15":{"start":{"line":25,"column":12},"end":{"line":36,"column":27}},"16":{"start":{"line":39,"column":12},"end":{"line":39,"column":64}},"17":{"start":{"line":40,"column":12},"end":{"line":40,"column":71}},"18":{"start":{"line":44,"column":0},"end":{"line":44,"column":42}}},"fnMap":{"0":{"name":"(anonymous_0)","decl":{"start":{"line":2,"column":56},"end":{"line":2,"column":57}},"loc":{"start":{"line":2,"column":71},"end":{"line":4,"column":1}},"line":2},"1":{"name":"(anonymous_1)","decl":{"start":{"line":12,"column":4},"end":{"line":12,"column":5}},"loc":{"start":{"line":12,"column":18},"end":{"line":15,"column":5}},"line":12},"2":{"name":"(anonymous_2)","decl":{"start":{"line":16,"column":4},"end":{"line":16,"column":5}},"loc":{"start":{"line":16,"column":18},"end":{"line":20,"column":5}},"line":16},"3":{"name":"(anonymous_3)","decl":{"start":{"line":21,"column":4},"end":{"line":21,"column":5}},"loc":{"start":{"line":21,"column":26},"end":{"line":42,"column":5}},"line":21}},"branchMap":{"0":{"loc":{"start":{"line":2,"column":22},"end":{"line":4,"column":1}},"type":"binary-expr","locations":[{"start":{"line":2,"column":23},"end":{"line":2,"column":27}},{"start":{"line":2,"column":31},"end":{"line":2,"column":51}},{"start":{"line":2,"column":56},"end":{"line":4,"column":1}}],"line":2},"1":{"loc":{"start":{"line":3,"column":11},"end":{"line":3,"column":61}},"type":"cond-expr","locations":[{"start":{"line":3,"column":37},"end":{"line":3,"column":40}},{"start":{"line":3,"column":43},"end":{"line":3,"column":61}}],"line":3},"2":{"loc":{"start":{"line":3,"column":12},"end":{"line":3,"column":33}},"type":"binary-expr","locations":[{"start":{"line":3,"column":12},"end":{"line":3,"column":15}},{"start":{"line":3,"column":19},"end":{"line":3,"column":33}}],"line":3},"3":{"loc":{"start":{"line":17,"column":8},"end":{"line":19,"column":9}},"type":"if","locations":[{"start":{"line":17,"column":8},"end":{"line":19,"column":9}},{"start":{"line":17,"column":8},"end":{"line":19,"column":9}}],"line":17},"4":{"loc":{"start":{"line":27,"column":20},"end":{"line":35,"column":24}},"type":"cond-expr","locations":[{"start":{"line":28,"column":22},"end":{"line":34,"column":21}},{"start":{"line":35,"column":22},"end":{"line":35,"column":24}}],"line":27},"5":{"loc":{"start":{"line":27,"column":20},"end":{"line":27,"column":100}},"type":"binary-expr","locations":[{"start":{"line":27,"column":20},"end":{"line":27,"column":58}},{"start":{"line":27,"column":62},"end":{"line":27,"column":100}}],"line":27}},"s":{"0":1,"1":2,"2":1,"3":1,"4":1,"5":1,"6":1,"7":1,"8":1,"9":1,"10":1,"11":0,"12":1,"13":1,"14":1,"15":1,"16":0,"17":0,"18":1},"f":{"0":2,"1":1,"2":1,"3":1},"b":{"0":[1,1,1],"1":[2,0],"2":[2,2],"3":[0,1],"4":[0,1],"5":[1,0]},"inputSourceMap":{"version":3,"file":"/Users/charles/Desktop/projects/Node/react-app-express-proxy/api/src/db/mongo/mongo-db.ts","sources":["/Users/charles/Desktop/projects/Node/react-app-express-proxy/api/src/db/mongo/mongo-db.ts"],"names":[],"mappings":";;;;;;AAAA,uCAAwD;AACxD,+EAAgD;AAChD,iEAAyC;AACzC,8CAAiD;AAEjD,MAAa,eAAgB,SAAQ,6BAAgB;IAWnD;QACE,KAAK,EAAE,CAAC;QATF,WAAM,GAAG,gBAAM,CAAC,KAAK,CAAC,EAAE,IAAI,EAAE,SAAS,EAAE,CAAC,CAAC;IAUnD,CAAC;IARD,KAAK,CAAC,KAAK;QACT,IAAI,IAAI,CAAC,UAAU,EAAE;YACnB,MAAM,IAAI,CAAC,UAAU,CAAC,KAAK,CAAC,IAAI,CAAC,CAAC;SACnC;IACH,CAAC;IAMD,KAAK,CAAC,aAAa;QACjB,IAAI;YACF,MAAM,gBAAgB,GAAG,aAAa,uBAAM,CAAC,KAAK,CAAC,QAAQ,IAAI,uBAAM,CAAC,KAAK,CAAC,IAAI,EAAE,CAAC;YACnF,IAAI,CAAC,MAAM,CAAC,IAAI,CAAC,2BAA2B,gBAAgB,GAAG,CAAC,CAAC;YAEjE,OAAO,MAAM,IAAA,2BAAgB,EAAC,gBAAgB,EAAE;gBAC9C,MAAM,EAAE,uBAAM,CAAC,KAAK,CAAC,QAAQ;gBAC7B,GAAG,CAAC,uBAAM,CAAC,KAAK,CAAC,QAAQ,IAAI,uBAAM,CAAC,KAAK,CAAC,QAAQ;oBAChD,CAAC,CAAC;wBACE,UAAU,EAAE,OAAO;wBACnB,IAAI,EAAE;4BACJ,QAAQ,EAAE,uBAAM,CAAC,KAAK,CAAC,QAAQ;4BAC/B,QAAQ,EAAE,uBAAM,CAAC,KAAK,CAAC,QAAQ;yBAChC;qBACF;oBACH,CAAC,CAAC,EAAE,CAAC;aACR,CAAC,CAAC,SAAS,EAAE,CAAC;SAChB;QAAC,OAAO,GAAG,EAAE;YACZ,IAAI,CAAC,MAAM,CAAC,KAAK,CAAC,2BAA2B,EAAE,GAAG,CAAC,CAAC;YACpD,MAAM,IAAI,KAAK,CAAC,yCAAyC,CAAC,CAAC;SAC5D;IACH,CAAC;CACF;AArCD,0CAqCC","sourcesContent":["import { Connection, createConnection } from 'mongoose';\nimport config from '../../common/configuration';\nimport Logger from '../../common/logger';\nimport { MongoPersistence } from '../Repository';\n\nexport class MongoRepository extends MongoPersistence {\n  private connection: Connection | undefined;\n\n  private logger = Logger.child({ name: 'MongoDB' });\n\n  async close() {\n    if (this.connection) {\n      await this.connection.close(true);\n    }\n  }\n\n  constructor() {\n    super();\n  }\n\n  async getConnection() {\n    try {\n      const connectionString = `mongodb://${config.mongo.hostname}:${config.mongo.port}`;\n      this.logger.info(`Connecting to MongoDb @ ${connectionString} `);\n\n      return await createConnection(connectionString, {\n        dbName: config.mongo.database,\n        ...(config.mongo.username && config.mongo.password\n          ? {\n              authSource: 'admin',\n              auth: {\n                username: config.mongo.username,\n                password: config.mongo.password,\n              },\n            }\n          : {}),\n      }).asPromise();\n    } catch (err) {\n      this.logger.error(`Error connecting to mongo`, err);\n      throw new Error('Failed to establish connection to Mongo');\n    }\n  }\n}\n"]},"_coverageSchema":"1a1c01bbd47fc00a2c39e90264f33305004495a9","hash":"705583ce82e14264ed26e1410ccac48b86bb3670","contentHash":"e4138efe1d95719e7079f249140d3c9eeb98ba31b10ffb566dc4c0c54b8f443d"},"/Users/charles/Desktop/projects/Node/react-app-express-proxy/api/src/db/Repository.ts":{"path":"/Users/charles/Desktop/projects/Node/react-app-express-proxy/api/src/db/Repository.ts","statementMap":{"0":{"start":{"line":2,"column":0},"end":{"line":2,"column":62}},"1":{"start":{"line":3,"column":0},"end":{"line":3,"column":34}},"2":{"start":{"line":6,"column":0},"end":{"line":6,"column":44}}},"fnMap":{},"branchMap":{},"s":{"0":1,"1":1,"2":1},"f":{},"b":{},"inputSourceMap":{"version":3,"file":"/Users/charles/Desktop/projects/Node/react-app-express-proxy/api/src/db/Repository.ts","sources":["/Users/charles/Desktop/projects/Node/react-app-express-proxy/api/src/db/Repository.ts"],"names":[],"mappings":";;;AAwBA,MAAsB,gBAAgB;CAGrC;AAHD,4CAGC","sourcesContent":["import { Connection } from 'mongoose';\n\nexport interface Repository<EntityType> {\n  create(model: EntityType): Promise<EntityType>;\n  update(query: any, model: EntityType): Promise<[number, ...EntityType[]]>;\n  delete(query: any): Promise<number>;\n  find(query: any, options: FindOptions): Promise<EntityType[]>;\n  findOne(query: any, options: FindOptions): Promise<EntityType | null>;\n}\n\nexport interface FindOptions {\n  skip?: number;\n  limit?: number;\n  sort?: SortOptions;\n}\n\nexport type SortOptions =\n  | 'asc'\n  | 'desc'\n  | 'ascending'\n  | 'descending'\n  | '1'\n  | '-1';\n\nexport abstract class MongoPersistence {\n  abstract getConnection(): Promise<Connection>;\n  abstract close(): Promise<void>;\n}\n"]},"_coverageSchema":"1a1c01bbd47fc00a2c39e90264f33305004495a9","hash":"db127c7c85260babe16c10f0656cf3483ff6d41d","contentHash":"f11bdeaed9a14104a29c4cc18667b76a6b5e320a0d9fa6c3512b4e78765c8680"},"/Users/charles/Desktop/projects/Node/react-app-express-proxy/api/src/middleware/400.mw.ts":{"path":"/Users/charles/Desktop/projects/Node/react-app-express-proxy/api/src/middleware/400.mw.ts","statementMap":{"0":{"start":{"line":2,"column":22},"end":{"line":4,"column":1}},"1":{"start":{"line":3,"column":4},"end":{"line":3,"column":62}},"2":{"start":{"line":5,"column":0},"end":{"line":5,"column":62}},"3":{"start":{"line":6,"column":15},"end":{"line":6,"column":30}},"4":{"start":{"line":7,"column":17},"end":{"line":7,"column":61}},"5":{"start":{"line":8,"column":15},"end":{"line":8,"column":77}},"6":{"start":{"line":10,"column":4},"end":{"line":18,"column":5}},"7":{"start":{"line":11,"column":8},"end":{"line":13,"column":11}},"8":{"start":{"line":14,"column":8},"end":{"line":17,"column":11}},"9":{"start":{"line":19,"column":4},"end":{"line":19,"column":14}},"10":{"start":{"line":21,"column":0},"end":{"line":21,"column":28}}},"fnMap":{"0":{"name":"(anonymous_0)","decl":{"start":{"line":2,"column":56},"end":{"line":2,"column":57}},"loc":{"start":{"line":2,"column":71},"end":{"line":4,"column":1}},"line":2},"1":{"name":"default_1","decl":{"start":{"line":9,"column":9},"end":{"line":9,"column":18}},"loc":{"start":{"line":9,"column":40},"end":{"line":20,"column":1}},"line":9}},"branchMap":{"0":{"loc":{"start":{"line":2,"column":22},"end":{"line":4,"column":1}},"type":"binary-expr","locations":[{"start":{"line":2,"column":23},"end":{"line":2,"column":27}},{"start":{"line":2,"column":31},"end":{"line":2,"column":51}},{"start":{"line":2,"column":56},"end":{"line":4,"column":1}}],"line":2},"1":{"loc":{"start":{"line":3,"column":11},"end":{"line":3,"column":61}},"type":"cond-expr","locations":[{"start":{"line":3,"column":37},"end":{"line":3,"column":40}},{"start":{"line":3,"column":43},"end":{"line":3,"column":61}}],"line":3},"2":{"loc":{"start":{"line":3,"column":12},"end":{"line":3,"column":33}},"type":"binary-expr","locations":[{"start":{"line":3,"column":12},"end":{"line":3,"column":15}},{"start":{"line":3,"column":19},"end":{"line":3,"column":33}}],"line":3},"3":{"loc":{"start":{"line":10,"column":4},"end":{"line":18,"column":5}},"type":"if","locations":[{"start":{"line":10,"column":4},"end":{"line":18,"column":5}},{"start":{"line":10,"column":4},"end":{"line":18,"column":5}}],"line":10}},"s":{"0":1,"1":1,"2":1,"3":1,"4":1,"5":1,"6":0,"7":0,"8":0,"9":0,"10":1},"f":{"0":1,"1":0},"b":{"0":[1,1,1],"1":[1,0],"2":[1,1],"3":[0,0]},"inputSourceMap":{"version":3,"file":"/Users/charles/Desktop/projects/Node/react-app-express-proxy/api/src/middleware/400.mw.ts","sources":["/Users/charles/Desktop/projects/Node/react-app-express-proxy/api/src/middleware/400.mw.ts"],"names":[],"mappings":";;;;;AACA,+BAAqC;AACrC,8DAAsC;AAEtC,MAAM,MAAM,GAAG,gBAAM,CAAC,KAAK,CAAC,EAAE,OAAO,EAAE,yBAAyB,EAAE,CAAC,CAAC;AAEpE,mBACE,GAAU,EACV,GAAY,EACZ,GAAa,EACb,IAAkB;IAElB,IAAI,GAAG,YAAY,oBAAa,EAAE;QAChC,MAAM,CAAC,IAAI,CAAC,GAAG,CAAC,OAAO,EAAE;YACvB,MAAM,EAAE,GAAG,CAAC,MAAM;SACnB,CAAC,CAAC;QACH,OAAO,GAAG,CAAC,MAAM,CAAC,GAAG,CAAC,MAAM,CAAC,CAAC,IAAI,CAAC;YACjC,OAAO,EAAE,mBAAmB;YAC5B,OAAO,EAAE,GAAG,EAAE,MAAM;SACrB,CAAC,CAAC;KACJ;IACD,IAAI,CAAC,GAAG,CAAC,CAAC;AACZ,CAAC;AAhBD,4BAgBC","sourcesContent":["import { NextFunction, Request, Response } from 'express';\nimport { ValidateError } from 'tsoa';\nimport Logger from '../common/logger';\n\nconst logger = Logger.child({ service: 'ValidateErrorMiddleware' });\n\nexport default function (\n  err: Error,\n  req: Request,\n  res: Response,\n  next: NextFunction\n) {\n  if (err instanceof ValidateError) {\n    logger.warn(err.message, {\n      fields: err.fields,\n    });\n    return res.status(err.status).json({\n      message: 'Validation Failed',\n      details: err?.fields,\n    });\n  }\n  next(err);\n}\n"]},"_coverageSchema":"1a1c01bbd47fc00a2c39e90264f33305004495a9","hash":"37f69f3b4328c650c9805aa8bdb508a76d578f85","contentHash":"e7149d78b2922b701515d39f382c2a6b3f726d910e2a996ff292ae30f98134e8"},"/Users/charles/Desktop/projects/Node/react-app-express-proxy/api/src/middleware/404.mw.ts":{"path":"/Users/charles/Desktop/projects/Node/react-app-express-proxy/api/src/middleware/404.mw.ts","statementMap":{"0":{"start":{"line":2,"column":22},"end":{"line":4,"column":1}},"1":{"start":{"line":3,"column":4},"end":{"line":3,"column":62}},"2":{"start":{"line":5,"column":0},"end":{"line":5,"column":62}},"3":{"start":{"line":6,"column":17},"end":{"line":6,"column":61}},"4":{"start":{"line":7,"column":15},"end":{"line":7,"column":67}},"5":{"start":{"line":9,"column":4},"end":{"line":9,"column":61}},"6":{"start":{"line":10,"column":4},"end":{"line":10,"column":64}},"7":{"start":{"line":12,"column":0},"end":{"line":12,"column":28}}},"fnMap":{"0":{"name":"(anonymous_0)","decl":{"start":{"line":2,"column":56},"end":{"line":2,"column":57}},"loc":{"start":{"line":2,"column":71},"end":{"line":4,"column":1}},"line":2},"1":{"name":"default_1","decl":{"start":{"line":8,"column":9},"end":{"line":8,"column":18}},"loc":{"start":{"line":8,"column":29},"end":{"line":11,"column":1}},"line":8}},"branchMap":{"0":{"loc":{"start":{"line":2,"column":22},"end":{"line":4,"column":1}},"type":"binary-expr","locations":[{"start":{"line":2,"column":23},"end":{"line":2,"column":27}},{"start":{"line":2,"column":31},"end":{"line":2,"column":51}},{"start":{"line":2,"column":56},"end":{"line":4,"column":1}}],"line":2},"1":{"loc":{"start":{"line":3,"column":11},"end":{"line":3,"column":61}},"type":"cond-expr","locations":[{"start":{"line":3,"column":37},"end":{"line":3,"column":40}},{"start":{"line":3,"column":43},"end":{"line":3,"column":61}}],"line":3},"2":{"loc":{"start":{"line":3,"column":12},"end":{"line":3,"column":33}},"type":"binary-expr","locations":[{"start":{"line":3,"column":12},"end":{"line":3,"column":15}},{"start":{"line":3,"column":19},"end":{"line":3,"column":33}}],"line":3}},"s":{"0":1,"1":1,"2":1,"3":1,"4":1,"5":0,"6":0,"7":1},"f":{"0":1,"1":0},"b":{"0":[1,1,1],"1":[1,0],"2":[1,1]},"inputSourceMap":{"version":3,"file":"/Users/charles/Desktop/projects/Node/react-app-express-proxy/api/src/middleware/404.mw.ts","sources":["/Users/charles/Desktop/projects/Node/react-app-express-proxy/api/src/middleware/404.mw.ts"],"names":[],"mappings":";;;;;AACA,8DAAsC;AAEtC,MAAM,MAAM,GAAG,gBAAM,CAAC,KAAK,CAAC,EAAE,OAAO,EAAE,eAAe,EAAE,CAAC,CAAC;AAC1D,mBAAyB,GAAY,EAAE,GAAa;IAClD,MAAM,CAAC,IAAI,CAAC,iBAAiB,EAAE,EAAE,GAAG,EAAE,GAAG,CAAC,WAAW,EAAE,CAAC,CAAC;IACzD,OAAO,GAAG,CAAC,MAAM,CAAC,GAAG,CAAC,CAAC,IAAI,CAAC,GAAG,GAAG,CAAC,WAAW,YAAY,CAAC,CAAC;AAC9D,CAAC;AAHD,4BAGC","sourcesContent":["import { Request, Response } from 'express';\nimport Logger from '../common/logger';\n\nconst logger = Logger.child({ service: '404Middleware' });\nexport default function (req: Request, res: Response) {\n  logger.info('Route not found', { url: req.originalUrl });\n  return res.status(404).send(`${req.originalUrl} not found`);\n}\n"]},"_coverageSchema":"1a1c01bbd47fc00a2c39e90264f33305004495a9","hash":"05885e48d6644a95e47a9fc5259cecfa0a61ff6f","contentHash":"31b5a73690abdcbc7dff8c723e39d27317925cae25888617f3bcbf2bf33bc940"},"/Users/charles/Desktop/projects/Node/react-app-express-proxy/api/src/middleware/500.mw.ts":{"path":"/Users/charles/Desktop/projects/Node/react-app-express-proxy/api/src/middleware/500.mw.ts","statementMap":{"0":{"start":{"line":2,"column":22},"end":{"line":4,"column":1}},"1":{"start":{"line":3,"column":4},"end":{"line":3,"column":62}},"2":{"start":{"line":5,"column":0},"end":{"line":5,"column":62}},"3":{"start":{"line":6,"column":17},"end":{"line":6,"column":61}},"4":{"start":{"line":7,"column":15},"end":{"line":7,"column":72}},"5":{"start":{"line":9,"column":4},"end":{"line":14,"column":5}},"6":{"start":{"line":10,"column":8},"end":{"line":10,"column":26}},"7":{"start":{"line":11,"column":8},"end":{"line":13,"column":11}},"8":{"start":{"line":16,"column":0},"end":{"line":16,"column":28}}},"fnMap":{"0":{"name":"(anonymous_0)","decl":{"start":{"line":2,"column":56},"end":{"line":2,"column":57}},"loc":{"start":{"line":2,"column":71},"end":{"line":4,"column":1}},"line":2},"1":{"name":"default_1","decl":{"start":{"line":8,"column":9},"end":{"line":8,"column":18}},"loc":{"start":{"line":8,"column":42},"end":{"line":15,"column":1}},"line":8}},"branchMap":{"0":{"loc":{"start":{"line":2,"column":22},"end":{"line":4,"column":1}},"type":"binary-expr","locations":[{"start":{"line":2,"column":23},"end":{"line":2,"column":27}},{"start":{"line":2,"column":31},"end":{"line":2,"column":51}},{"start":{"line":2,"column":56},"end":{"line":4,"column":1}}],"line":2},"1":{"loc":{"start":{"line":3,"column":11},"end":{"line":3,"column":61}},"type":"cond-expr","locations":[{"start":{"line":3,"column":37},"end":{"line":3,"column":40}},{"start":{"line":3,"column":43},"end":{"line":3,"column":61}}],"line":3},"2":{"loc":{"start":{"line":3,"column":12},"end":{"line":3,"column":33}},"type":"binary-expr","locations":[{"start":{"line":3,"column":12},"end":{"line":3,"column":15}},{"start":{"line":3,"column":19},"end":{"line":3,"column":33}}],"line":3},"3":{"loc":{"start":{"line":9,"column":4},"end":{"line":14,"column":5}},"type":"if","locations":[{"start":{"line":9,"column":4},"end":{"line":14,"column":5}},{"start":{"line":9,"column":4},"end":{"line":14,"column":5}}],"line":9}},"s":{"0":1,"1":1,"2":1,"3":1,"4":1,"5":0,"6":0,"7":0,"8":1},"f":{"0":1,"1":0},"b":{"0":[1,1,1],"1":[1,0],"2":[1,1],"3":[0,0]},"inputSourceMap":{"version":3,"file":"/Users/charles/Desktop/projects/Node/react-app-express-proxy/api/src/middleware/500.mw.ts","sources":["/Users/charles/Desktop/projects/Node/react-app-express-proxy/api/src/middleware/500.mw.ts"],"names":[],"mappings":";;;;;AACA,8DAAsC;AAEtC,MAAM,MAAM,GAAG,gBAAM,CAAC,KAAK,CAAC,EAAE,OAAO,EAAE,oBAAoB,EAAE,CAAC,CAAC;AAE/D,mBACE,GAAU,EACV,IAAa,EACb,GAAa,EACb,KAAmB;IAEnB,IAAI,GAAG,YAAY,KAAK,EAAE;QACxB,MAAM,CAAC,KAAK,CAAC,GAAG,CAAC,CAAC;QAClB,GAAG,CAAC,MAAM,CAAC,GAAG,CAAC,CAAC,IAAI,CAAC;YACnB,OAAO,EAAE,uBAAuB;SACjC,CAAC,CAAC;KACJ;AACH,CAAC;AAZD,4BAYC","sourcesContent":["import { NextFunction, Request, Response } from 'express';\nimport Logger from '../common/logger';\n\nconst logger = Logger.child({ service: '500ErrorMiddleware' });\n\nexport default function (\n  err: Error,\n  _req: Request,\n  res: Response,\n  _next: NextFunction\n) {\n  if (err instanceof Error) {\n    logger.error(err);\n    res.status(500).json({\n      message: 'Internal Server Error',\n    });\n  }\n}\n"]},"_coverageSchema":"1a1c01bbd47fc00a2c39e90264f33305004495a9","hash":"ef8416728708190b47efd3e71f68c49c12730141","contentHash":"751e53950755103e7e2e0a2d716c9b13829d654108aad742a733ec4a388f02f5"},"/Users/charles/Desktop/projects/Node/react-app-express-proxy/api/src/routes.ts":{"path":"/Users/charles/Desktop/projects/Node/react-app-express-proxy/api/src/routes.ts","statementMap":{"0":{"start":{"line":2,"column":0},"end":{"line":2,"column":62}},"1":{"start":{"line":3,"column":0},"end":{"line":3,"column":32}},"2":{"start":{"line":4,"column":18},"end":{"line":4,"column":42}},"3":{"start":{"line":5,"column":26},"end":{"line":5,"column":67}},"4":{"start":{"line":6,"column":14},"end":{"line":6,"column":37}},"5":{"start":{"line":7,"column":15},"end":{"line":39,"column":1}},"6":{"start":{"line":40,"column":26},"end":{"line":40,"column":65}},"7":{"start":{"line":42,"column":4},"end":{"line":60,"column":7}},"8":{"start":{"line":43,"column":21},"end":{"line":45,"column":9}},"9":{"start":{"line":46,"column":28},"end":{"line":46,"column":30}},"10":{"start":{"line":47,"column":8},"end":{"line":59,"column":9}},"11":{"start":{"line":48,"column":12},"end":{"line":48,"column":70}},"12":{"start":{"line":49,"column":30},"end":{"line":49,"column":121}},"13":{"start":{"line":50,"column":31},"end":{"line":50,"column":84}},"14":{"start":{"line":51,"column":12},"end":{"line":53,"column":13}},"15":{"start":{"line":52,"column":16},"end":{"line":52,"column":48}},"16":{"start":{"line":54,"column":28},"end":{"line":54,"column":79}},"17":{"start":{"line":55,"column":12},"end":{"line":55,"column":75}},"18":{"start":{"line":58,"column":12},"end":{"line":58,"column":29}},"19":{"start":{"line":61,"column":4},"end":{"line":83,"column":7}},"20":{"start":{"line":62,"column":21},"end":{"line":68,"column":9}},"21":{"start":{"line":69,"column":28},"end":{"line":69,"column":30}},"22":{"start":{"line":70,"column":8},"end":{"line":82,"column":9}},"23":{"start":{"line":71,"column":12},"end":{"line":71,"column":70}},"24":{"start":{"line":72,"column":30},"end":{"line":72,"column":121}},"25":{"start":{"line":73,"column":31},"end":{"line":73,"column":84}},"26":{"start":{"line":74,"column":12},"end":{"line":76,"column":13}},"27":{"start":{"line":75,"column":16},"end":{"line":75,"column":48}},"28":{"start":{"line":77,"column":28},"end":{"line":77,"column":80}},"29":{"start":{"line":78,"column":12},"end":{"line":78,"column":75}},"30":{"start":{"line":81,"column":12},"end":{"line":81,"column":29}},"31":{"start":{"line":84,"column":4},"end":{"line":102,"column":7}},"32":{"start":{"line":85,"column":21},"end":{"line":87,"column":9}},"33":{"start":{"line":88,"column":28},"end":{"line":88,"column":30}},"34":{"start":{"line":89,"column":8},"end":{"line":101,"column":9}},"35":{"start":{"line":90,"column":12},"end":{"line":90,"column":70}},"36":{"start":{"line":91,"column":30},"end":{"line":91,"column":121}},"37":{"start":{"line":92,"column":31},"end":{"line":92,"column":84}},"38":{"start":{"line":93,"column":12},"end":{"line":95,"column":13}},"39":{"start":{"line":94,"column":16},"end":{"line":94,"column":48}},"40":{"start":{"line":96,"column":28},"end":{"line":96,"column":82}},"41":{"start":{"line":97,"column":12},"end":{"line":97,"column":75}},"42":{"start":{"line":100,"column":12},"end":{"line":100,"column":29}},"43":{"start":{"line":103,"column":4},"end":{"line":121,"column":7}},"44":{"start":{"line":104,"column":21},"end":{"line":106,"column":9}},"45":{"start":{"line":107,"column":28},"end":{"line":107,"column":30}},"46":{"start":{"line":108,"column":8},"end":{"line":120,"column":9}},"47":{"start":{"line":109,"column":12},"end":{"line":109,"column":70}},"48":{"start":{"line":110,"column":30},"end":{"line":110,"column":121}},"49":{"start":{"line":111,"column":31},"end":{"line":111,"column":84}},"50":{"start":{"line":112,"column":12},"end":{"line":114,"column":13}},"51":{"start":{"line":113,"column":16},"end":{"line":113,"column":48}},"52":{"start":{"line":115,"column":28},"end":{"line":115,"column":82}},"53":{"start":{"line":116,"column":12},"end":{"line":116,"column":75}},"54":{"start":{"line":119,"column":12},"end":{"line":119,"column":29}},"55":{"start":{"line":122,"column":4},"end":{"line":140,"column":7}},"56":{"start":{"line":123,"column":21},"end":{"line":125,"column":9}},"57":{"start":{"line":126,"column":28},"end":{"line":126,"column":30}},"58":{"start":{"line":127,"column":8},"end":{"line":139,"column":9}},"59":{"start":{"line":128,"column":12},"end":{"line":128,"column":70}},"60":{"start":{"line":129,"column":30},"end":{"line":129,"column":121}},"61":{"start":{"line":130,"column":31},"end":{"line":130,"column":84}},"62":{"start":{"line":131,"column":12},"end":{"line":133,"column":13}},"63":{"start":{"line":132,"column":16},"end":{"line":132,"column":48}},"64":{"start":{"line":134,"column":28},"end":{"line":134,"column":82}},"65":{"start":{"line":135,"column":12},"end":{"line":135,"column":75}},"66":{"start":{"line":138,"column":12},"end":{"line":138,"column":29}},"67":{"start":{"line":142,"column":8},"end":{"line":142,"column":88}},"68":{"start":{"line":145,"column":8},"end":{"line":155,"column":43}},"69":{"start":{"line":147,"column":29},"end":{"line":147,"column":42}},"70":{"start":{"line":149,"column":12},"end":{"line":152,"column":13}},"71":{"start":{"line":150,"column":16},"end":{"line":150,"column":53}},"72":{"start":{"line":151,"column":16},"end":{"line":151,"column":69}},"73":{"start":{"line":153,"column":12},"end":{"line":153,"column":63}},"74":{"start":{"line":155,"column":30},"end":{"line":155,"column":41}},"75":{"start":{"line":158,"column":8},"end":{"line":160,"column":9}},"76":{"start":{"line":159,"column":12},"end":{"line":159,"column":19}},"77":{"start":{"line":161,"column":8},"end":{"line":163,"column":11}},"78":{"start":{"line":162,"column":12},"end":{"line":162,"column":46}},"79":{"start":{"line":164,"column":8},"end":{"line":172,"column":9}},"80":{"start":{"line":165,"column":12},"end":{"line":165,"column":32}},"81":{"start":{"line":167,"column":13},"end":{"line":172,"column":9}},"82":{"start":{"line":168,"column":12},"end":{"line":168,"column":58}},"83":{"start":{"line":171,"column":12},"end":{"line":171,"column":53}},"84":{"start":{"line":175,"column":8},"end":{"line":177,"column":10}},"85":{"start":{"line":176,"column":12},"end":{"line":176,"column":59}},"86":{"start":{"line":181,"column":28},"end":{"line":181,"column":30}},"87":{"start":{"line":182,"column":23},"end":{"line":210,"column":10}},"88":{"start":{"line":183,"column":25},"end":{"line":183,"column":39}},"89":{"start":{"line":184,"column":12},"end":{"line":209,"column":13}},"90":{"start":{"line":186,"column":20},"end":{"line":186,"column":35}},"91":{"start":{"line":188,"column":20},"end":{"line":188,"column":178}},"92":{"start":{"line":190,"column":20},"end":{"line":190,"column":179}},"93":{"start":{"line":192,"column":20},"end":{"line":192,"column":179}},"94":{"start":{"line":194,"column":20},"end":{"line":194,"column":171}},"95":{"start":{"line":196,"column":20},"end":{"line":196,"column":175}},"96":{"start":{"line":198,"column":20},"end":{"line":206,"column":21}},"97":{"start":{"line":199,"column":24},"end":{"line":199,"column":175}},"98":{"start":{"line":201,"column":25},"end":{"line":206,"column":21}},"99":{"start":{"line":202,"column":24},"end":{"line":202,"column":176}},"100":{"start":{"line":205,"column":24},"end":{"line":205,"column":181}},"101":{"start":{"line":208,"column":20},"end":{"line":208,"column":47}},"102":{"start":{"line":211,"column":8},"end":{"line":213,"column":9}},"103":{"start":{"line":212,"column":12},"end":{"line":212,"column":63}},"104":{"start":{"line":214,"column":8},"end":{"line":214,"column":22}},"105":{"start":{"line":217,"column":0},"end":{"line":217,"column":40}}},"fnMap":{"0":{"name":"RegisterRoutes","decl":{"start":{"line":41,"column":9},"end":{"line":41,"column":23}},"loc":{"start":{"line":41,"column":29},"end":{"line":216,"column":1}},"line":41},"1":{"name":"UserController_getUser","decl":{"start":{"line":42,"column":203},"end":{"line":42,"column":225}},"loc":{"start":{"line":42,"column":251},"end":{"line":60,"column":5}},"line":42},"2":{"name":"UserController_getUsers","decl":{"start":{"line":61,"column":218},"end":{"line":61,"column":241}},"loc":{"start":{"line":61,"column":267},"end":{"line":83,"column":5}},"line":61},"3":{"name":"UserController_createUser","decl":{"start":{"line":84,"column":203},"end":{"line":84,"column":228}},"loc":{"start":{"line":84,"column":254},"end":{"line":102,"column":5}},"line":84},"4":{"name":"UserController_updateUser","decl":{"start":{"line":103,"column":212},"end":{"line":103,"column":237}},"loc":{"start":{"line":103,"column":263},"end":{"line":121,"column":5}},"line":103},"5":{"name":"UserController_deleteUser","decl":{"start":{"line":122,"column":213},"end":{"line":122,"column":238}},"loc":{"start":{"line":122,"column":264},"end":{"line":140,"column":5}},"line":122},"6":{"name":"isController","decl":{"start":{"line":141,"column":13},"end":{"line":141,"column":25}},"loc":{"start":{"line":141,"column":34},"end":{"line":143,"column":5}},"line":141},"7":{"name":"promiseHandler","decl":{"start":{"line":144,"column":13},"end":{"line":144,"column":27}},"loc":{"start":{"line":144,"column":83},"end":{"line":156,"column":5}},"line":144},"8":{"name":"(anonymous_8)","decl":{"start":{"line":146,"column":18},"end":{"line":146,"column":19}},"loc":{"start":{"line":146,"column":28},"end":{"line":154,"column":9}},"line":146},"9":{"name":"(anonymous_9)","decl":{"start":{"line":155,"column":19},"end":{"line":155,"column":20}},"loc":{"start":{"line":155,"column":30},"end":{"line":155,"column":41}},"line":155},"10":{"name":"returnHandler","decl":{"start":{"line":157,"column":13},"end":{"line":157,"column":26}},"loc":{"start":{"line":157,"column":69},"end":{"line":173,"column":5}},"line":157},"11":{"name":"(anonymous_11)","decl":{"start":{"line":161,"column":37},"end":{"line":161,"column":38}},"loc":{"start":{"line":161,"column":47},"end":{"line":163,"column":9}},"line":161},"12":{"name":"responder","decl":{"start":{"line":174,"column":13},"end":{"line":174,"column":22}},"loc":{"start":{"line":174,"column":33},"end":{"line":178,"column":5}},"line":174},"13":{"name":"(anonymous_13)","decl":{"start":{"line":175,"column":15},"end":{"line":175,"column":16}},"loc":{"start":{"line":175,"column":48},"end":{"line":177,"column":9}},"line":175},"14":{"name":"getValidatedArgs","decl":{"start":{"line":180,"column":13},"end":{"line":180,"column":29}},"loc":{"start":{"line":180,"column":55},"end":{"line":215,"column":5}},"line":180},"15":{"name":"(anonymous_15)","decl":{"start":{"line":182,"column":45},"end":{"line":182,"column":46}},"loc":{"start":{"line":182,"column":54},"end":{"line":210,"column":9}},"line":182}},"branchMap":{"0":{"loc":{"start":{"line":49,"column":30},"end":{"line":49,"column":121}},"type":"cond-expr","locations":[{"start":{"line":49,"column":73},"end":{"line":49,"column":100}},{"start":{"line":49,"column":103},"end":{"line":49,"column":121}}],"line":49},"1":{"loc":{"start":{"line":51,"column":12},"end":{"line":53,"column":13}},"type":"if","locations":[{"start":{"line":51,"column":12},"end":{"line":53,"column":13}},{"start":{"line":51,"column":12},"end":{"line":53,"column":13}}],"line":51},"2":{"loc":{"start":{"line":72,"column":30},"end":{"line":72,"column":121}},"type":"cond-expr","locations":[{"start":{"line":72,"column":73},"end":{"line":72,"column":100}},{"start":{"line":72,"column":103},"end":{"line":72,"column":121}}],"line":72},"3":{"loc":{"start":{"line":74,"column":12},"end":{"line":76,"column":13}},"type":"if","locations":[{"start":{"line":74,"column":12},"end":{"line":76,"column":13}},{"start":{"line":74,"column":12},"end":{"line":76,"column":13}}],"line":74},"4":{"loc":{"start":{"line":91,"column":30},"end":{"line":91,"column":121}},"type":"cond-expr","locations":[{"start":{"line":91,"column":73},"end":{"line":91,"column":100}},{"start":{"line":91,"column":103},"end":{"line":91,"column":121}}],"line":91},"5":{"loc":{"start":{"line":93,"column":12},"end":{"line":95,"column":13}},"type":"if","locations":[{"start":{"line":93,"column":12},"end":{"line":95,"column":13}},{"start":{"line":93,"column":12},"end":{"line":95,"column":13}}],"line":93},"6":{"loc":{"start":{"line":110,"column":30},"end":{"line":110,"column":121}},"type":"cond-expr","locations":[{"start":{"line":110,"column":73},"end":{"line":110,"column":100}},{"start":{"line":110,"column":103},"end":{"line":110,"column":121}}],"line":110},"7":{"loc":{"start":{"line":112,"column":12},"end":{"line":114,"column":13}},"type":"if","locations":[{"start":{"line":112,"column":12},"end":{"line":114,"column":13}},{"start":{"line":112,"column":12},"end":{"line":114,"column":13}}],"line":112},"8":{"loc":{"start":{"line":129,"column":30},"end":{"line":129,"column":121}},"type":"cond-expr","locations":[{"start":{"line":129,"column":73},"end":{"line":129,"column":100}},{"start":{"line":129,"column":103},"end":{"line":129,"column":121}}],"line":129},"9":{"loc":{"start":{"line":131,"column":12},"end":{"line":133,"column":13}},"type":"if","locations":[{"start":{"line":131,"column":12},"end":{"line":133,"column":13}},{"start":{"line":131,"column":12},"end":{"line":133,"column":13}}],"line":131},"10":{"loc":{"start":{"line":142,"column":15},"end":{"line":142,"column":87}},"type":"binary-expr","locations":[{"start":{"line":142,"column":15},"end":{"line":142,"column":37}},{"start":{"line":142,"column":41},"end":{"line":142,"column":62}},{"start":{"line":142,"column":66},"end":{"line":142,"column":87}}],"line":142},"11":{"loc":{"start":{"line":149,"column":12},"end":{"line":152,"column":13}},"type":"if","locations":[{"start":{"line":149,"column":12},"end":{"line":152,"column":13}},{"start":{"line":149,"column":12},"end":{"line":152,"column":13}}],"line":149},"12":{"loc":{"start":{"line":151,"column":29},"end":{"line":151,"column":68}},"type":"binary-expr","locations":[{"start":{"line":151,"column":29},"end":{"line":151,"column":54}},{"start":{"line":151,"column":58},"end":{"line":151,"column":68}}],"line":151},"13":{"loc":{"start":{"line":157,"column":55},"end":{"line":157,"column":67}},"type":"default-arg","locations":[{"start":{"line":157,"column":65},"end":{"line":157,"column":67}}],"line":157},"14":{"loc":{"start":{"line":158,"column":8},"end":{"line":160,"column":9}},"type":"if","locations":[{"start":{"line":158,"column":8},"end":{"line":160,"column":9}},{"start":{"line":158,"column":8},"end":{"line":160,"column":9}}],"line":158},"15":{"loc":{"start":{"line":164,"column":8},"end":{"line":172,"column":9}},"type":"if","locations":[{"start":{"line":164,"column":8},"end":{"line":172,"column":9}},{"start":{"line":164,"column":8},"end":{"line":172,"column":9}}],"line":164},"16":{"loc":{"start":{"line":164,"column":12},"end":{"line":164,"column":104}},"type":"binary-expr","locations":[{"start":{"line":164,"column":12},"end":{"line":164,"column":16}},{"start":{"line":164,"column":20},"end":{"line":164,"column":51}},{"start":{"line":164,"column":55},"end":{"line":164,"column":68}},{"start":{"line":164,"column":72},"end":{"line":164,"column":104}}],"line":164},"17":{"loc":{"start":{"line":167,"column":13},"end":{"line":172,"column":9}},"type":"if","locations":[{"start":{"line":167,"column":13},"end":{"line":172,"column":9}},{"start":{"line":167,"column":13},"end":{"line":172,"column":9}}],"line":167},"18":{"loc":{"start":{"line":167,"column":17},"end":{"line":167,"column":52}},"type":"binary-expr","locations":[{"start":{"line":167,"column":17},"end":{"line":167,"column":30}},{"start":{"line":167,"column":34},"end":{"line":167,"column":52}}],"line":167},"19":{"loc":{"start":{"line":168,"column":28},"end":{"line":168,"column":45}},"type":"binary-expr","locations":[{"start":{"line":168,"column":28},"end":{"line":168,"column":38}},{"start":{"line":168,"column":42},"end":{"line":168,"column":45}}],"line":168},"20":{"loc":{"start":{"line":171,"column":28},"end":{"line":171,"column":45}},"type":"binary-expr","locations":[{"start":{"line":171,"column":28},"end":{"line":171,"column":38}},{"start":{"line":171,"column":42},"end":{"line":171,"column":45}}],"line":171},"21":{"loc":{"start":{"line":184,"column":12},"end":{"line":209,"column":13}},"type":"switch","locations":[{"start":{"line":185,"column":16},"end":{"line":186,"column":35}},{"start":{"line":187,"column":16},"end":{"line":188,"column":178}},{"start":{"line":189,"column":16},"end":{"line":190,"column":179}},{"start":{"line":191,"column":16},"end":{"line":192,"column":179}},{"start":{"line":193,"column":16},"end":{"line":194,"column":171}},{"start":{"line":195,"column":16},"end":{"line":196,"column":175}},{"start":{"line":197,"column":16},"end":{"line":206,"column":21}},{"start":{"line":207,"column":16},"end":{"line":208,"column":47}}],"line":184},"22":{"loc":{"start":{"line":198,"column":20},"end":{"line":206,"column":21}},"type":"if","locations":[{"start":{"line":198,"column":20},"end":{"line":206,"column":21}},{"start":{"line":198,"column":20},"end":{"line":206,"column":21}}],"line":198},"23":{"loc":{"start":{"line":201,"column":25},"end":{"line":206,"column":21}},"type":"if","locations":[{"start":{"line":201,"column":25},"end":{"line":206,"column":21}},{"start":{"line":201,"column":25},"end":{"line":206,"column":21}}],"line":201},"24":{"loc":{"start":{"line":201,"column":29},"end":{"line":201,"column":98}},"type":"binary-expr","locations":[{"start":{"line":201,"column":29},"end":{"line":201,"column":59}},{"start":{"line":201,"column":63},"end":{"line":201,"column":98}}],"line":201},"25":{"loc":{"start":{"line":211,"column":8},"end":{"line":213,"column":9}},"type":"if","locations":[{"start":{"line":211,"column":8},"end":{"line":213,"column":9}},{"start":{"line":211,"column":8},"end":{"line":213,"column":9}}],"line":211}},"s":{"0":1,"1":1,"2":1,"3":1,"4":1,"5":1,"6":1,"7":1,"8":1,"9":1,"10":1,"11":1,"12":1,"13":1,"14":1,"15":1,"16":1,"17":1,"18":0,"19":1,"20":0,"21":0,"22":0,"23":0,"24":0,"25":0,"26":0,"27":0,"28":0,"29":0,"30":0,"31":1,"32":0,"33":0,"34":0,"35":0,"36":0,"37":0,"38":0,"39":0,"40":0,"41":0,"42":0,"43":1,"44":0,"45":0,"46":0,"47":0,"48":0,"49":0,"50":0,"51":0,"52":0,"53":0,"54":0,"55":1,"56":0,"57":0,"58":0,"59":0,"60":0,"61":0,"62":0,"63":0,"64":0,"65":0,"66":0,"67":1,"68":1,"69":1,"70":1,"71":1,"72":1,"73":1,"74":0,"75":1,"76":0,"77":1,"78":0,"79":1,"80":0,"81":1,"82":1,"83":0,"84":0,"85":0,"86":1,"87":1,"88":1,"89":1,"90":0,"91":0,"92":1,"93":0,"94":0,"95":0,"96":0,"97":0,"98":0,"99":0,"100":0,"101":0,"102":1,"103":0,"104":1,"105":1},"f":{"0":1,"1":1,"2":0,"3":0,"4":0,"5":0,"6":1,"7":1,"8":1,"9":0,"10":1,"11":0,"12":0,"13":0,"14":1,"15":1},"b":{"0":[0,1],"1":[1,0],"2":[0,0],"3":[0,0],"4":[0,0],"5":[0,0],"6":[0,0],"7":[0,0],"8":[0,0],"9":[0,0],"10":[1,1,1],"11":[1,0],"12":[1,1],"13":[0],"14":[0,1],"15":[0,1],"16":[1,1,0,0],"17":[1,0],"18":[1,1],"19":[1,1],"20":[0,0],"21":[0,0,1,0,0,0,0,0],"22":[0,0],"23":[0,0],"24":[0,0],"25":[0,1]},"inputSourceMap":{"version":3,"file":"/Users/charles/Desktop/projects/Node/react-app-express-proxy/api/src/routes.ts","sources":["/Users/charles/Desktop/projects/Node/react-app-express-proxy/api/src/routes.ts"],"names":[],"mappings":";;;AAGA,2CAA4J;AAE5J,oEAAgE;AAChE,sCAA4C;AAO5C,MAAM,MAAM,GAAqB;IAC7B,MAAM,EAAE;QACJ,UAAU,EAAE,WAAW;QACvB,YAAY,EAAE;YACV,WAAW,EAAE,EAAC,UAAU,EAAC,QAAQ,EAAC,UAAU,EAAC,IAAI,EAAC;YAClD,YAAY,EAAE,EAAC,UAAU,EAAC,QAAQ,EAAC,UAAU,EAAC,IAAI,EAAC;YACnD,eAAe,EAAE,EAAC,UAAU,EAAC,QAAQ,EAAC,UAAU,EAAC,IAAI,EAAC;YACtD,cAAc,EAAE,EAAC,UAAU,EAAC,QAAQ,EAAC,UAAU,EAAC,IAAI,EAAC;YACrD,WAAW,EAAE,EAAC,UAAU,EAAC,QAAQ,EAAC,UAAU,EAAC,IAAI,EAAC;YAClD,QAAQ,EAAE,EAAC,UAAU,EAAC,QAAQ,EAAC,UAAU,EAAC,IAAI,EAAC;SAClD;QACD,sBAAsB,EAAE,KAAK;KAChC;IAED,aAAa,EAAE;QACX,UAAU,EAAE,UAAU;QACtB,MAAM,EAAE,EAAC,UAAU,EAAC,OAAO,EAAC,YAAY,EAAC,CAAC,EAAC,UAAU,EAAC,MAAM,EAAC,OAAO,EAAC,CAAC,KAAK,CAAC,EAAC,EAAC,EAAC,UAAU,EAAC,MAAM,EAAC,OAAO,EAAC,CAAC,MAAM,CAAC,EAAC,EAAC,EAAC,UAAU,EAAC,MAAM,EAAC,OAAO,EAAC,CAAC,WAAW,CAAC,EAAC,EAAC,EAAC,UAAU,EAAC,MAAM,EAAC,OAAO,EAAC,CAAC,YAAY,CAAC,EAAC,EAAC,EAAC,UAAU,EAAC,MAAM,EAAC,OAAO,EAAC,CAAC,GAAG,CAAC,EAAC,EAAC,EAAC,UAAU,EAAC,MAAM,EAAC,OAAO,EAAC,CAAC,IAAI,CAAC,EAAC,CAAC,EAAC,YAAY,EAAC,EAAE,EAAC;KACjS;IAED,eAAe,EAAE;QACb,UAAU,EAAE,WAAW;QACvB,YAAY,EAAE;YACV,WAAW,EAAE,EAAC,UAAU,EAAC,QAAQ,EAAC,UAAU,EAAC,IAAI,EAAC;YAClD,YAAY,EAAE,EAAC,UAAU,EAAC,QAAQ,EAAC,UAAU,EAAC,IAAI,EAAC;YACnD,eAAe,EAAE,EAAC,UAAU,EAAC,QAAQ,EAAC,UAAU,EAAC,IAAI,EAAC;YACtD,cAAc,EAAE,EAAC,UAAU,EAAC,QAAQ,EAAC,UAAU,EAAC,IAAI,EAAC;YACrD,WAAW,EAAE,EAAC,UAAU,EAAC,QAAQ,EAAC,UAAU,EAAC,IAAI,EAAC;SACrD;QACD,sBAAsB,EAAE,KAAK;KAChC;IAED,wBAAwB,EAAE;QACtB,UAAU,EAAE,UAAU;QACtB,MAAM,EAAE,EAAC,UAAU,EAAC,qBAAqB,EAAC,kBAAkB,EAAC,EAAC,WAAW,EAAC,EAAC,UAAU,EAAC,QAAQ,EAAC,EAAC,YAAY,EAAC,EAAC,UAAU,EAAC,QAAQ,EAAC,EAAC,eAAe,EAAC,EAAC,UAAU,EAAC,QAAQ,EAAC,EAAC,cAAc,EAAC,EAAC,UAAU,EAAC,QAAQ,EAAC,EAAC,WAAW,EAAC,EAAC,UAAU,EAAC,QAAQ,EAAC,EAAC,EAAC,YAAY,EAAC,EAAE,EAAC;KACpQ;CAEJ,CAAC;AACF,MAAM,iBAAiB,GAAG,IAAI,2BAAiB,CAAC,MAAM,CAAC,CAAC;AAIxD,SAAgB,cAAc,CAAC,GAAmB;IAK1C,GAAG,CAAC,GAAG,CAAC,YAAY,EAChB,GAAG,CAAC,IAAA,0BAAgB,EAAiB,gCAAc,CAAC,CAAC,EACrD,GAAG,CAAC,IAAA,0BAAgB,EAAiB,gCAAc,CAAC,SAAS,CAAC,OAAO,CAAC,CAAC,EAEvE,KAAK,UAAU,sBAAsB,CAAC,OAAY,EAAE,QAAa,EAAE,IAAS;QAC5E,MAAM,IAAI,GAAG;YACL,MAAM,EAAE,EAAC,IAAI,EAAC,MAAM,EAAC,MAAM,EAAC,IAAI,EAAC,UAAU,EAAC,IAAI,EAAC,UAAU,EAAC,QAAQ,EAAC;SAC5E,CAAC;QAIF,IAAI,aAAa,GAAU,EAAE,CAAC;QAC9B,IAAI;YACA,aAAa,GAAG,gBAAgB,CAAC,IAAI,EAAE,OAAO,EAAE,QAAQ,CAAC,CAAC;YAE1D,MAAM,SAAS,GAAiB,OAAO,kBAAY,KAAK,UAAU,CAAC,CAAC,CAAE,kBAAoC,CAAC,OAAO,CAAC,CAAC,CAAC,CAAC,kBAAY,CAAC;YAEnI,MAAM,UAAU,GAAQ,MAAM,SAAS,CAAC,GAAG,CAAiB,gCAAc,CAAC,CAAC;YAC5E,IAAI,OAAO,UAAU,CAAC,WAAW,CAAC,KAAK,UAAU,EAAE;gBACnD,UAAU,CAAC,SAAS,CAAC,SAAS,CAAC,CAAC;aAC/B;YAGH,MAAM,OAAO,GAAG,UAAU,CAAC,OAAO,CAAC,KAAK,CAAC,UAAU,EAAE,aAAoB,CAAC,CAAC;YAC3E,cAAc,CAAC,UAAU,EAAE,OAAO,EAAE,QAAQ,EAAE,SAAS,EAAE,IAAI,CAAC,CAAC;SAChE;QAAC,OAAO,GAAG,EAAE;YACV,OAAO,IAAI,CAAC,GAAG,CAAC,CAAC;SACpB;IACL,CAAC,CAAC,CAAC;IAEH,GAAG,CAAC,GAAG,CAAC,0BAA0B,EAC9B,GAAG,CAAC,IAAA,0BAAgB,EAAiB,gCAAc,CAAC,CAAC,EACrD,GAAG,CAAC,IAAA,0BAAgB,EAAiB,gCAAc,CAAC,SAAS,CAAC,QAAQ,CAAC,CAAC,EAExE,KAAK,UAAU,uBAAuB,CAAC,OAAY,EAAE,QAAa,EAAE,IAAS;QAC7E,MAAM,IAAI,GAAG;YACL,SAAS,EAAE,EAAC,IAAI,EAAC,MAAM,EAAC,MAAM,EAAC,WAAW,EAAC,UAAU,EAAC,IAAI,EAAC,UAAU,EAAC,QAAQ,EAAC;YAC/E,KAAK,EAAE,EAAC,IAAI,EAAC,MAAM,EAAC,MAAM,EAAC,OAAO,EAAC,UAAU,EAAC,IAAI,EAAC,UAAU,EAAC,KAAK,EAAC;YACpE,IAAI,EAAE,EAAC,IAAI,EAAC,OAAO,EAAC,MAAM,EAAC,MAAM,EAAC,UAAU,EAAC,QAAQ,EAAC;YACtD,KAAK,EAAE,EAAC,IAAI,EAAC,OAAO,EAAC,MAAM,EAAC,OAAO,EAAC,UAAU,EAAC,QAAQ,EAAC;YACxD,IAAI,EAAE,EAAC,IAAI,EAAC,OAAO,EAAC,MAAM,EAAC,MAAM,EAAC,KAAK,EAAC,aAAa,EAAC;SAC7D,CAAC;QAIF,IAAI,aAAa,GAAU,EAAE,CAAC;QAC9B,IAAI;YACA,aAAa,GAAG,gBAAgB,CAAC,IAAI,EAAE,OAAO,EAAE,QAAQ,CAAC,CAAC;YAE1D,MAAM,SAAS,GAAiB,OAAO,kBAAY,KAAK,UAAU,CAAC,CAAC,CAAE,kBAAoC,CAAC,OAAO,CAAC,CAAC,CAAC,CAAC,kBAAY,CAAC;YAEnI,MAAM,UAAU,GAAQ,MAAM,SAAS,CAAC,GAAG,CAAiB,gCAAc,CAAC,CAAC;YAC5E,IAAI,OAAO,UAAU,CAAC,WAAW,CAAC,KAAK,UAAU,EAAE;gBACnD,UAAU,CAAC,SAAS,CAAC,SAAS,CAAC,CAAC;aAC/B;YAGH,MAAM,OAAO,GAAG,UAAU,CAAC,QAAQ,CAAC,KAAK,CAAC,UAAU,EAAE,aAAoB,CAAC,CAAC;YAC5E,cAAc,CAAC,UAAU,EAAE,OAAO,EAAE,QAAQ,EAAE,SAAS,EAAE,IAAI,CAAC,CAAC;SAChE;QAAC,OAAO,GAAG,EAAE;YACV,OAAO,IAAI,CAAC,GAAG,CAAC,CAAC;SACpB;IACL,CAAC,CAAC,CAAC;IAEH,GAAG,CAAC,IAAI,CAAC,QAAQ,EACb,GAAG,CAAC,IAAA,0BAAgB,EAAiB,gCAAc,CAAC,CAAC,EACrD,GAAG,CAAC,IAAA,0BAAgB,EAAiB,gCAAc,CAAC,SAAS,CAAC,UAAU,CAAC,CAAC,EAE1E,KAAK,UAAU,yBAAyB,CAAC,OAAY,EAAE,QAAa,EAAE,IAAS;QAC/E,MAAM,IAAI,GAAG;YACL,IAAI,EAAE,EAAC,IAAI,EAAC,MAAM,EAAC,MAAM,EAAC,MAAM,EAAC,UAAU,EAAC,IAAI,EAAC,KAAK,EAAC,eAAe,EAAC;SAC9E,CAAC;QAIF,IAAI,aAAa,GAAU,EAAE,CAAC;QAC9B,IAAI;YACA,aAAa,GAAG,gBAAgB,CAAC,IAAI,EAAE,OAAO,EAAE,QAAQ,CAAC,CAAC;YAE1D,MAAM,SAAS,GAAiB,OAAO,kBAAY,KAAK,UAAU,CAAC,CAAC,CAAE,kBAAoC,CAAC,OAAO,CAAC,CAAC,CAAC,CAAC,kBAAY,CAAC;YAEnI,MAAM,UAAU,GAAQ,MAAM,SAAS,CAAC,GAAG,CAAiB,gCAAc,CAAC,CAAC;YAC5E,IAAI,OAAO,UAAU,CAAC,WAAW,CAAC,KAAK,UAAU,EAAE;gBACnD,UAAU,CAAC,SAAS,CAAC,SAAS,CAAC,CAAC;aAC/B;YAGH,MAAM,OAAO,GAAG,UAAU,CAAC,UAAU,CAAC,KAAK,CAAC,UAAU,EAAE,aAAoB,CAAC,CAAC;YAC9E,cAAc,CAAC,UAAU,EAAE,OAAO,EAAE,QAAQ,EAAE,SAAS,EAAE,IAAI,CAAC,CAAC;SAChE;QAAC,OAAO,GAAG,EAAE;YACV,OAAO,IAAI,CAAC,GAAG,CAAC,CAAC;SACpB;IACL,CAAC,CAAC,CAAC;IAEH,GAAG,CAAC,KAAK,CAAC,gBAAgB,EACtB,GAAG,CAAC,IAAA,0BAAgB,EAAiB,gCAAc,CAAC,CAAC,EACrD,GAAG,CAAC,IAAA,0BAAgB,EAAiB,gCAAc,CAAC,SAAS,CAAC,UAAU,CAAC,CAAC,EAE1E,KAAK,UAAU,yBAAyB,CAAC,OAAY,EAAE,QAAa,EAAE,IAAS;QAC/E,MAAM,IAAI,GAAG;YACL,SAAS,EAAE,EAAC,IAAI,EAAC,MAAM,EAAC,MAAM,EAAC,WAAW,EAAC,UAAU,EAAC,IAAI,EAAC,KAAK,EAAC,wBAAwB,EAAC;SACjG,CAAC;QAIF,IAAI,aAAa,GAAU,EAAE,CAAC;QAC9B,IAAI;YACA,aAAa,GAAG,gBAAgB,CAAC,IAAI,EAAE,OAAO,EAAE,QAAQ,CAAC,CAAC;YAE1D,MAAM,SAAS,GAAiB,OAAO,kBAAY,KAAK,UAAU,CAAC,CAAC,CAAE,kBAAoC,CAAC,OAAO,CAAC,CAAC,CAAC,CAAC,kBAAY,CAAC;YAEnI,MAAM,UAAU,GAAQ,MAAM,SAAS,CAAC,GAAG,CAAiB,gCAAc,CAAC,CAAC;YAC5E,IAAI,OAAO,UAAU,CAAC,WAAW,CAAC,KAAK,UAAU,EAAE;gBACnD,UAAU,CAAC,SAAS,CAAC,SAAS,CAAC,CAAC;aAC/B;YAGH,MAAM,OAAO,GAAG,UAAU,CAAC,UAAU,CAAC,KAAK,CAAC,UAAU,EAAE,aAAoB,CAAC,CAAC;YAC9E,cAAc,CAAC,UAAU,EAAE,OAAO,EAAE,QAAQ,EAAE,SAAS,EAAE,IAAI,CAAC,CAAC;SAChE;QAAC,OAAO,GAAG,EAAE;YACV,OAAO,IAAI,CAAC,GAAG,CAAC,CAAC;SACpB;IACL,CAAC,CAAC,CAAC;IAEH,GAAG,CAAC,MAAM,CAAC,gBAAgB,EACvB,GAAG,CAAC,IAAA,0BAAgB,EAAiB,gCAAc,CAAC,CAAC,EACrD,GAAG,CAAC,IAAA,0BAAgB,EAAiB,gCAAc,CAAC,SAAS,CAAC,UAAU,CAAC,CAAC,EAE1E,KAAK,UAAU,yBAAyB,CAAC,OAAY,EAAE,QAAa,EAAE,IAAS;QAC/E,MAAM,IAAI,GAAG;YACL,MAAM,EAAE,EAAC,IAAI,EAAC,MAAM,EAAC,MAAM,EAAC,QAAQ,EAAC,UAAU,EAAC,IAAI,EAAC,UAAU,EAAC,QAAQ,EAAC;SAChF,CAAC;QAIF,IAAI,aAAa,GAAU,EAAE,CAAC;QAC9B,IAAI;YACA,aAAa,GAAG,gBAAgB,CAAC,IAAI,EAAE,OAAO,EAAE,QAAQ,CAAC,CAAC;YAE1D,MAAM,SAAS,GAAiB,OAAO,kBAAY,KAAK,UAAU,CAAC,CAAC,CAAE,kBAAoC,CAAC,OAAO,CAAC,CAAC,CAAC,CAAC,kBAAY,CAAC;YAEnI,MAAM,UAAU,GAAQ,MAAM,SAAS,CAAC,GAAG,CAAiB,gCAAc,CAAC,CAAC;YAC5E,IAAI,OAAO,UAAU,CAAC,WAAW,CAAC,KAAK,UAAU,EAAE;gBACnD,UAAU,CAAC,SAAS,CAAC,SAAS,CAAC,CAAC;aAC/B;YAGH,MAAM,OAAO,GAAG,UAAU,CAAC,UAAU,CAAC,KAAK,CAAC,UAAU,EAAE,aAAoB,CAAC,CAAC;YAC9E,cAAc,CAAC,UAAU,EAAE,OAAO,EAAE,QAAQ,EAAE,SAAS,EAAE,IAAI,CAAC,CAAC;SAChE;QAAC,OAAO,GAAG,EAAE;YACV,OAAO,IAAI,CAAC,GAAG,CAAC,CAAC;SACpB;IACL,CAAC,CAAC,CAAC;IAQP,SAAS,YAAY,CAAC,MAAW;QAC7B,OAAO,YAAY,IAAI,MAAM,IAAI,WAAW,IAAI,MAAM,IAAI,WAAW,IAAI,MAAM,CAAC;IACpF,CAAC;IAED,SAAS,cAAc,CAAC,aAAkB,EAAE,OAAY,EAAE,QAAa,EAAE,aAAkB,EAAE,IAAS;QAClG,OAAO,OAAO,CAAC,OAAO,CAAC,OAAO,CAAC;aAC1B,IAAI,CAAC,CAAC,IAAS,EAAE,EA
[...]
e":42,"column":25},"end":{"line":44,"column":5}},"line":42},"8":{"name":"(anonymous_8)","decl":{"start":{"line":45,"column":4},"end":{"line":45,"column":5}},"loc":{"start":{"line":45,"column":18},"end":{"line":47,"column":5}},"line":45},"9":{"name":"(anonymous_9)","decl":{"start":{"line":48,"column":4},"end":{"line":48,"column":5}},"loc":{"start":{"line":48,"column":31},"end":{"line":67,"column":5}},"line":48},"10":{"name":"(anonymous_10)","decl":{"start":{"line":68,"column":4},"end":{"line":68,"column":5}},"loc":{"start":{"line":68,"column":25},"end":{"line":82,"column":5}},"line":68}},"branchMap":{"0":{"loc":{"start":{"line":2,"column":17},"end":{"line":7,"column":1}},"type":"binary-expr","locations":[{"start":{"line":2,"column":18},"end":{"line":2,"column":22}},{"start":{"line":2,"column":26},"end":{"line":2,"column":41}},{"start":{"line":2,"column":46},"end":{"line":7,"column":1}}],"line":2},"1":{"loc":{"start":{"line":3,"column":34},"end":{"line":3,"column":125}},"type":"cond-expr","locations":[{"start":{"line":3,"column":42},"end":{"line":3,"column":48}},{"start":{"line":3,"column":51},"end":{"line":3,"column":125}}],"line":3},"2":{"loc":{"start":{"line":3,"column":51},"end":{"line":3,"column":125}},"type":"cond-expr","locations":[{"start":{"line":3,"column":67},"end":{"line":3,"column":118}},{"start":{"line":3,"column":121},"end":{"line":3,"column":125}}],"line":3},"3":{"loc":{"start":{"line":4,"column":4},"end":{"line":5,"column":150}},"type":"if","locations":[{"start":{"line":4,"column":4},"end":{"line":5,"column":150}},{"start":{"line":4,"column":4},"end":{"line":5,"column":150}}],"line":4},"4":{"loc":{"start":{"line":4,"column":8},"end":{"line":4,"column":77}},"type":"binary-expr","locations":[{"start":{"line":4,"column":8},"end":{"line":4,"column":35}},{"start":{"line":4,"column":39},"end":{"line":4,"column":77}}],"line":4},"5":{"loc":{"start":{"line":5,"column":58},"end":{"line":5,"column":150}},"type":"if","locations":[{"start":{"line":5,"column":58},"end":{"line":5,"column":150}},{"start":{"line":5,"column":58},"end":{"line":5,"column":150}}],"line":5},"6":{"loc":{"start":{"line":5,"column":85},"end":{"line":5,"column":149}},"type":"binary-expr","locations":[{"start":{"line":5,"column":86},"end":{"line":5,"column":143}},{"start":{"line":5,"column":148},"end":{"line":5,"column":149}}],"line":5},"7":{"loc":{"start":{"line":5,"column":86},"end":{"line":5,"column":143}},"type":"cond-expr","locations":[{"start":{"line":5,"column":94},"end":{"line":5,"column":98}},{"start":{"line":5,"column":101},"end":{"line":5,"column":143}}],"line":5},"8":{"loc":{"start":{"line":5,"column":101},"end":{"line":5,"column":143}},"type":"cond-expr","locations":[{"start":{"line":5,"column":109},"end":{"line":5,"column":126}},{"start":{"line":5,"column":129},"end":{"line":5,"column":143}}],"line":5},"9":{"loc":{"start":{"line":6,"column":11},"end":{"line":6,"column":62}},"type":"binary-expr","locations":[{"start":{"line":6,"column":11},"end":{"line":6,"column":16}},{"start":{"line":6,"column":20},"end":{"line":6,"column":21}},{"start":{"line":6,"column":25},"end":{"line":6,"column":62}}],"line":6},"10":{"loc":{"start":{"line":8,"column":17},"end":{"line":10,"column":1}},"type":"binary-expr","locations":[{"start":{"line":8,"column":18},"end":{"line":8,"column":22}},{"start":{"line":8,"column":26},"end":{"line":8,"column":41}},{"start":{"line":8,"column":46},"end":{"line":10,"column":1}}],"line":8},"11":{"loc":{"start":{"line":9,"column":4},"end":{"line":9,"column":109}},"type":"if","locations":[{"start":{"line":9,"column":4},"end":{"line":9,"column":109}},{"start":{"line":9,"column":4},"end":{"line":9,"column":109}}],"line":9},"12":{"loc":{"start":{"line":9,"column":8},"end":{"line":9,"column":77}},"type":"binary-expr","locations":[{"start":{"line":9,"column":8},"end":{"line":9,"column":35}},{"start":{"line":9,"column":39},"end":{"line":9,"column":77}}],"line":9},"13":{"loc":{"start":{"line":11,"column":14},"end":{"line":13,"column":1}},"type":"binary-expr","locations":[{"start":{"line":11,"column":15},"end":{"line":11,"column":19}},{"start":{"line":11,"column":23},"end":{"line":11,"column":35}},{"start":{"line":11,"column":40},"end":{"line":13,"column":1}}],"line":11},"14":{"loc":{"start":{"line":14,"column":22},"end":{"line":16,"column":1}},"type":"binary-expr","locations":[{"start":{"line":14,"column":23},"end":{"line":14,"column":27}},{"start":{"line":14,"column":31},"end":{"line":14,"column":51}},{"start":{"line":14,"column":56},"end":{"line":16,"column":1}}],"line":14},"15":{"loc":{"start":{"line":15,"column":11},"end":{"line":15,"column":61}},"type":"cond-expr","locations":[{"start":{"line":15,"column":37},"end":{"line":15,"column":40}},{"start":{"line":15,"column":43},"end":{"line":15,"column":61}}],"line":15},"16":{"loc":{"start":{"line":15,"column":12},"end":{"line":15,"column":33}},"type":"binary-expr","locations":[{"start":{"line":15,"column":12},"end":{"line":15,"column":15}},{"start":{"line":15,"column":19},"end":{"line":15,"column":33}}],"line":15}},"s":{"0":1,"1":1,"2":1,"3":1,"4":1,"5":0,"6":0,"7":0,"8":0,"9":1,"10":1,"11":1,"12":1,"13":1,"14":2,"15":2,"16":1,"17":1,"18":1,"19":1,"20":1,"21":1,"22":1,"23":1,"24":1,"25":1,"26":1,"27":1,"28":1,"29":1,"30":1,"31":0,"32":0,"33":0,"34":0,"35":0,"36":0,"37":0,"38":0,"39":0,"40":0,"41":0,"42":0,"43":1,"44":1,"45":1,"46":1,"47":1,"48":0,"49":0,"50":1,"51":1},"f":{"0":1,"1":1,"2":2,"3":2,"4":1,"5":1,"6":0,"7":0,"8":0,"9":0,"10":1},"b":{"0":[1,1,1],"1":[1,0],"2":[0,0],"3":[1,0],"4":[1,1],"5":[0,0],"6":[0,0],"7":[0,0],"8":[0,0],"9":[1,0,0],"10":[1,1,1],"11":[1,0],"12":[1,1],"13":[1,1,1],"14":[1,1,1],"15":[1,0],"16":[1,1]},"inputSourceMap":{"version":3,"file":"/Users/charles/Desktop/projects/Node/react-app-express-proxy/api/src/db/mongo/mongo.repository.ts","sources":["/Users/charles/Desktop/projects/Node/react-app-express-proxy/api/src/db/mongo/mongo.repository.ts"],"names":[],"mappings":";;;;;;;;;;;;;;;;;;AAAA,yCAAkD;AAClD,uCAA+D;AAE/D,iEAAyC;AAIzC,IAAsB,cAAc,GAApC,MAAsB,cAAc;IAMlC,YACY,UAAsB,EACT,SAAiB,EACjB,MAAc;QAF3B,eAAU,GAAV,UAAU,CAAY;QACT,cAAS,GAAT,SAAS,CAAQ;QACjB,WAAM,GAAN,MAAM,CAAQ;QAErC,IAAI,CAAC,MAAM,GAAG,gBAAM,CAAC,KAAK,CAAC,EAAE,UAAU,EAAE,IAAI,CAAC,SAAS,EAAE,CAAC,CAAC;QAC3D,IAAI,CAAC,MAAM,CAAC,IAAI,CAAC,2BAA2B,IAAI,CAAC,SAAS,UAAU,CAAC,CAAC;QACtE,IAAI,CAAC,KAAK,GAAG,IAAI,CAAC,UAAU,CAAC,KAAK,CAAC,IAAI,CAAC,SAAS,EAAE,IAAI,CAAC,MAAM,CAAC,CAAC;QAChE,IAAI,CAAC,MAAM,CAAC,IAAI,CACd,qBAAqB,IAAI,CAAC,KAAK,CAAC,UAAU,CAAC,IAAI,aAAa,CAC7D,CAAC;IACJ,CAAC;IAED,KAAK,CAAC,MAAM,CAAC,MAAc;QACzB,IAAI;YACF,MAAM,GAAG,GAAG,MAAM,IAAI,CAAC,KAAK,CAAC,MAAM,CAAC,IAAI,IAAI,CAAC,KAAK,CAAC,MAAM,CAAC,CAAC,CAAC;YAC5D,OAAO,GAAG,CAAC,MAAM,EAAuB,CAAC;SAC1C;QAAC,OAAO,GAAG,EAAE;YACZ,IAAI,CAAC,MAAM,CAAC,KAAK,CACf,uBAAuB,IAAI,CAAC,KAAK,CAAC,UAAU,CAAC,IAAI,4BAA4B,EAC7E,GAAG,CACJ,CAAC;YACF,MAAM,IAAI,KAAK,CAAC,sCAAsC,CAAC,CAAC;SACzD;IACH,CAAC;IACD,MAAM,CAAC,KAAU,EAAE,KAAa;QAC9B,MAAM,IAAI,KAAK,CAAC,yBAAyB,CAAC,CAAC;IAC7C,CAAC;IACD,MAAM,CAAC,KAAU;QACf,MAAM,IAAI,KAAK,CAAC,yBAAyB,CAAC,CAAC;IAC7C,CAAC;IAEM,KAAK,CAAC,IAAI,CACf,KAAU,EACV,OAA8B;QAE9B,MAAM,EAAE,IAAI,EAAE,KAAK,EAAE,IAAI,EAAE,GAAG;YAC5B,IAAI,EAAE,CAAC;YACP,KAAK,EAAE,GAAG;YACV,GAAG,OAAO;SACX,CAAC;QAEF,IAAI;YACF,IAAI,CAAC,MAAM,CAAC,IAAI,CAAC,YAAY,IAAI,CAAC,SAAS,EAAE,EAAE,EAAE,KAAK,EAAE,OAAO,EAAE,CAAC,CAAC;YACnE,OAAO,IAAI,CAAC,KAAK;iBACd,IAAI,CAAC,KAAK,CAAC;iBACX,IAAI,CAAC,IAAI,CAAC;iBACV,KAAK,CAAC,KAAK,CAAC;iBACZ,IAAI,CAAC,IAAI,CAAC;iBACV,IAAI,EAAE;iBACN,IAAI,EAAyB,CAAC;SAClC;QAAC,OAAO,GAAG,EAAE;YACZ,MAAM,GAAG,CAAC;SACX;IACH,CAAC;IAEM,KAAK,CAAC,OAAO,CAAC,KAAU;QAC7B,IAAI;YACF,IAAI,CAAC,MAAM,CAAC,IAAI,CAAC,YAAY,IAAI,CAAC,SAAS,EAAE,EAAE,EAAE,KAAK,EAAE,CAAC,CAAC;YAC1D,MAAM,MAAM,GAAG,CAAC,MAAM,IAAI,CAAC,KAAK;iBAC7B,OAAO,CAAC,KAAK,CAAC;iBACd,IAAI,EAAE;iBACN,IAAI,EAAE,CAA6B,CAAC;YACvC,IAAI,CAAC,MAAM,CAAC,IAAI,CAAC,uBAAuB,EAAE,EAAE,MAAM,EAAE,CAAC,CAAC;YACtD,OAAO,MAAM,CAAC;SACf;QAAC,OAAO,GAAG,EAAE;YACZ,IAAI,CAAC,MAAM,CAAC,KAAK,CACf,uBAAuB,IAAI,CAAC,KAAK,CAAC,UAAU,CAAC,IAAI,6BAA6B,EAC9E,GAAG,CACJ,CAAC;YACF,MAAM,IAAI,KAAK,CAAC,sCAAsC,CAAC,CAAC;SACzD;IACH,CAAC;CACF,CAAA;AA/EqB,cAAc;IADnC,IAAA,sBAAU,GAAE;IASR,WAAA,IAAA,qBAAS,GAAE,CAAA;IACX,WAAA,IAAA,qBAAS,GAAE,CAAA;qCAFU,qBAAU,UAED,iBAAM;GATnB,cAAc,CA+EnC;AA/EqB,wCAAc","sourcesContent":["import { injectable, unmanaged } from 'inversify';\nimport { Connection, Document, Model, Schema } from 'mongoose';\nimport { Logger as WinstonLogger } from 'winston';\nimport Logger from '../../common/logger';\nimport { FindOptions, Repository } from '../Repository';\n\n@injectable()\nexport abstract class BaseRepository<Entity = Record<string, any>>\n  implements Repository<Entity>\n{\n  protected logger: WinstonLogger;\n  protected model: Model<Document<Entity>>;\n\n  constructor(\n    protected connection: Connection,\n    @unmanaged() protected modelName: string,\n    @unmanaged() protected schema: Schema\n  ) {\n    this.logger = Logger.child({ repository: this.modelName });\n    this.logger.info(`Creating repository for ${this.modelName} schema.`);\n    this.model = this.connection.model(this.modelName, this.schema);\n    this.logger.info(\n      `Created model for ${this.model.collection.name} collection`\n    );\n  }\n\n  async create(entity: Entity): Promise<Entity> {\n    try {\n      const doc = await this.model.create(new this.model(entity));\n      return doc.toJSON() as unknown as Entity;\n    } catch (err) {\n      this.logger.error(\n        `Error on collection:${this.model.collection.name} performing create() query`,\n        err\n      );\n      throw new Error('Error performing requested operation');\n    }\n  }\n  update(query: any, model: Entity): Promise<[number, ...Entity[]]> {\n    throw new Error('Method not implemented.');\n  }\n  delete(query: any): Promise<number> {\n    throw new Error('Method not implemented.');\n  }\n\n  public async find(\n    query: any,\n    options?: Partial<FindOptions>\n  ): Promise<Entity[]> {\n    const { skip, limit, sort } = {\n      skip: 0,\n      limit: 250,\n      ...options,\n    };\n\n    try {\n      this.logger.info(`Querying ${this.modelName}`, { query, options });\n      return this.model\n        .find(query)\n        .skip(skip)\n        .limit(limit)\n        .sort(sort)\n        .lean()\n        .exec() as unknown as Entity[];\n    } catch (err) {\n      throw err;\n    }\n  }\n\n  public async findOne(query: any): Promise<Entity | null> {\n    try {\n      this.logger.info(`Querying ${this.modelName}`, { query });\n      const result = (await this.model\n        .findOne(query)\n        .lean()\n        .exec()) as unknown as Entity | null;\n      this.logger.info('Got result from query', { result });\n      return result;\n    } catch (err) {\n      this.logger.error(\n        `Error on collection:${this.model.collection.name} performing findOne() query`,\n        err\n      );\n      throw new Error(`Error performing requested operation`);\n    }\n  }\n}\n"]},"_coverageSchema":"1a1c01bbd47fc00a2c39e90264f33305004495a9","hash":"8fafd42f8d4292f4d9c67f1a1c5fff0777c469f0","contentHash":"7649792632a791b4a86ae7b60557ed9b362edba3ea380b409454d9d8d5f9c4e2"},"/Users/charles/Desktop/projects/Node/react-app-express-proxy/api/src/test/mocha.teardown.ts":{"path":"/Users/charles/Desktop/projects/Node/react-app-express-proxy/api/src/test/mocha.teardown.ts","statementMap":{"0":{"start":{"line":2,"column":0},"end":{"line":2,"column":62}},"1":{"start":{"line":3,"column":0},"end":{"line":3,"column":37}},"2":{"start":{"line":5,"column":4},"end":{"line":11,"column":5}},"3":{"start":{"line":6,"column":8},"end":{"line":6,"column":27}},"4":{"start":{"line":7,"column":8},"end":{"line":7,"column":65}},"5":{"start":{"line":10,"column":8},"end":{"line":10,"column":27}},"6":{"start":{"line":13,"column":0},"end":{"line":13,"column":50}}},"fnMap":{"0":{"name":"mochaGlobalTeardown","decl":{"start":{"line":4,"column":15},"end":{"line":4,"column":34}},"loc":{"start":{"line":4,"column":37},"end":{"line":12,"column":1}},"line":4}},"branchMap":{},"s":{"0":1,"1":1,"2":1,"3":1,"4":0,"5":0,"6":1},"f":{"0":1},"b":{},"inputSourceMap":{"version":3,"file":"/Users/charles/Desktop/projects/Node/react-app-express-proxy/api/src/test/mocha.teardown.ts","sources":["/Users/charles/Desktop/projects/Node/react-app-express-proxy/api/src/test/mocha.teardown.ts"],"names":[],"mappings":";;;AAEO,KAAK,UAAU,mBAAmB;IAIvC,IAAI;QACF,MAAM,IAAI,CAAC,KAAK,EAAE,CAAC;QACnB,MAAM,IAAI,CAAC,MAAM,CAAC,IAAI,CAAC,EAAE,SAAS,EAAE,IAAI,EAAE,KAAK,EAAE,IAAI,EAAE,CAAC,CAAC;KAC1D;IAAC,OAAO,GAAG,EAAE;QACZ,OAAO,CAAC,KAAK,CAAC,GAAG,CAAC,CAAC;KACpB;AACH,CAAC;AAVD,kDAUC","sourcesContent":["import { MongoMemoryServer } from 'mongodb-memory-server';\n\nexport async function mochaGlobalTeardown(this: {\n  close: () => Promise<void>;\n  mongod: MongoMemoryServer;\n}) {\n  try {\n    await this.close();\n    await this.mongod.stop({ doCleanup: true, force: true });\n  } catch (err) {\n    console.error(err);\n  }\n}\n"]},"_coverageSchema":"1a1c01bbd47fc00a2c39e90264f33305004495a9","hash":"d50c4572545eafca1e44bfee524ccfa29828bb00","contentHash":"ea3a9086193062391228e04a8369f1fb1514aac900e9ad20f8e1b83a21a5a4ef"},"/Users/charles/Desktop/projects/Node/react-app-express-proxy/api/src/test/axios.ts":{"path":"/Users/charles/Desktop/projects/Node/react-app-express-proxy/api/src/test/axios.ts","statementMap":{"0":{"start":{"line":2,"column":22},"end":{"line":4,"column":1}},"1":{"start":{"line":3,"column":4},"end":{"line":3,"column":62}},"2":{"start":{"line":5,"column":0},"end":{"line":5,"column":62}},"3":{"start":{"line":6,"column":16},"end":{"line":6,"column":49}},"4":{"start":{"line":7,"column":0},"end":{"line":9,"column":3}}},"fnMap":{"0":{"name":"(anonymous_0)","decl":{"start":{"line":2,"column":56},"end":{"line":2,"column":57}},"loc":{"start":{"line":2,"column":71},"end":{"line":4,"column":1}},"line":2}},"branchMap":{"0":{"loc":{"start":{"line":2,"column":22},"end":{"line":4,"column":1}},"type":"binary-expr","locations":[{"start":{"line":2,"column":23},"end":{"line":2,"column":27}},{"start":{"line":2,"column":31},"end":{"line":2,"column":51}},{"start":{"line":2,"column":56},"end":{"line":4,"column":1}}],"line":2},"1":{"loc":{"start":{"line":3,"column":11},"end":{"line":3,"column":61}},"type":"cond-expr","locations":[{"start":{"line":3,"column":37},"end":{"line":3,"column":40}},{"start":{"line":3,"column":43},"end":{"line":3,"column":61}}],"line":3},"2":{"loc":{"start":{"line":3,"column":12},"end":{"line":3,"column":33}},"type":"binary-expr","locations":[{"start":{"line":3,"column":12},"end":{"line":3,"column":15}},{"start":{"line":3,"column":19},"end":{"line":3,"column":33}}],"line":3}},"s":{"0":1,"1":1,"2":1,"3":1,"4":1},"f":{"0":1},"b":{"0":[1,1,1],"1":[0,1],"2":[1,1]},"inputSourceMap":{"version":3,"file":"/Users/charles/Desktop/projects/Node/react-app-express-proxy/api/src/test/axios.ts","sources":["/Users/charles/Desktop/projects/Node/react-app-express-proxy/api/src/test/axios.ts"],"names":[],"mappings":";;;;;AAAA,kDAA0B;AAE1B,kBAAe,eAAK,CAAC,MAAM,CAAC;IAC1B,OAAO,EAAE,uBAAuB;CACjC,CAAC,CAAC","sourcesContent":["import axios from 'axios';\n\nexport default axios.create({\n  baseURL: 'http://localhost:8888',\n});\n"]},"_coverageSchema":"1a1c01bbd47fc00a2c39e90264f33305004495a9","hash":"333da65a9706dd2bf7be502997cf83c80890e2b4","contentHash":"d4a8375e9c730f9e601e245da76e3ee9447cbb2a1dd6ddf29fa60aea279545cc"},"/Users/charles/Desktop/projects/Node/react-app-express-proxy/api/src/test/seed-mongodb.ts":{"path":"/Users/charles/Desktop/projects/Node/react-app-express-proxy/api/src/test/seed-mongodb.ts","statementMap":{"0":{"start":{"line":2,"column":0},"end":{"line":2,"column":62}},"1":{"start":{"line":3,"column":0},"end":{"line":3,"column":32}},"2":{"start":{"line":4,"column":18},"end":{"line":4,"column":36}},"3":{"start":{"line":6,"column":25},"end":{"line":6,"column":92}},"4":{"start":{"line":8,"column":4},"end":{"line":12,"column":5}},"5":{"start":{"line":9,"column":20},"end":{"line":9,"column":73}},"6":{"start":{"line":10,"column":8},"end":{"line":10,"column":48}},"7":{"start":{"line":11,"column":8},"end":{"line":11,"column":21}},"8":{"start":{"line":13,"column":4},"end":{"line":13,"column":14}},"9":{"start":{"line":16,"column":4},"end":{"line":18,"column":5}},"10":{"start":{"line":17,"column":8},"end":{"line":17,"column":30}},"11":{"start":{"line":21,"column":21},"end":{"line":21,"column":34}},"12":{"start":{"line":22,"column":4},"end":{"line":26,"column":5}},"13":{"start":{"line":23,"column":8},"end":{"line":23,"column":53}},"14":{"start":{"line":27,"column":4},"end":{"line":27,"column":59}},"15":{"start":{"line":28,"column":4},"end":{"line":28,"column":30}},"16":{"start":{"line":30,"column":0},"end":{"line":30,"column":40}}},"fnMap":{"0":{"name":"getDb","decl":{"start":{"line":7,"column":15},"end":{"line":7,"column":20}},"loc":{"start":{"line":7,"column":23},"end":{"line":14,"column":1}},"line":7},"1":{"name":"mongoDisconnect","decl":{"start":{"line":15,"column":15},"end":{"line":15,"column":30}},"loc":{"start":{"line":15,"column":35},"end":{"line":19,"column":1}},"line":15},"2":{"name":"seedCollection","decl":{"start":{"line":20,"column":15},"end":{"line":20,"column":29}},"loc":{"start":{"line":20,"column":48},"end":{"line":29,"column":1}},"line":20}},"branchMap":{"0":{"loc":{"start":{"line":8,"column":4},"end":{"line":12,"column":5}},"type":"if","locations":[{"start":{"line":8,"column":4},"end":{"line":12,"column":5}},{"start":{"line":8,"column":4},"end":{"line":12,"column":5}}],"line":8},"1":{"loc":{"start":{"line":16,"column":4},"end":{"line":18,"column":5}},"type":"if","locations":[{"start":{"line":16,"column":4},"end":{"line":18,"column":5}},{"start":{"line":16,"column":4},"end":{"line":18,"column":5}}],"line":16}},"s":{"0":1,"1":1,"2":1,"3":1,"4":1,"5":1,"6":1,"7":1,"8":1,"9":1,"10":1,"11":1,"12":1,"13":1,"14":1,"15":1,"16":1},"f":{"0":1,"1":1,"2":1},"b":{"0":[1,0],"1":[1,0]},"inputSourceMap":{"version":3,"file":"/Users/charles/Desktop/projects/Node/react-app-express-proxy/api/src/test/seed-mongodb.ts","sources":["/Users/charles/Desktop/projects/Node/react-app-express-proxy/api/src/test/seed-mongodb.ts"],"names":[],"mappings":";;;AAAA,qCAA0C;AAE1C,IAAI,EAA8B,CAAC;AACnC,MAAM,gBAAgB,GAAG,aAAa,OAAO,CAAC,GAAG,CAAC,cAAc,IAAI,OAAO,CAAC,GAAG,CAAC,UAAU,EAAE,CAAC;AAE7F,KAAK,UAAU,KAAK;IAClB,IAAI,CAAC,EAAE,EAAE;QACP,MAAM,GAAG,GAAG,MAAM,qBAAW,CAAC,OAAO,CAAC,gBAAgB,CAAC,CAAC;QACxD,EAAE,GAAG,GAAG,CAAC,EAAE,CAAC,OAAO,CAAC,GAAG,CAAC,cAAc,CAAC,CAAC;QACxC,EAAE,CAAC,GAAG,GAAG,GAAG,CAAC;KACd;IACD,OAAO,EAAE,CAAC;AACZ,CAAC;AACD,KAAK,UAAU,eAAe,CAAC,EAA8B;IAC3D,IAAI,EAAE,EAAE,GAAG,EAAE;QACX,MAAM,EAAE,EAAE,GAAG,CAAC,KAAK,EAAE,CAAC;KACvB;AACH,CAAC;AAEM,KAAK,UAAU,cAAc,CAAC,UAAkB,EAAE,IAAS;IAChE,MAAM,QAAQ,GAAG,MAAM,KAAK,EAAE,CAAC;IAE/B,IAAI;QACF,MAAM,QAAQ,CAAC,UAAU,CAAC,UAAU,CAAC,CAAC,IAAI,EAAE,CAAC;KAC9C;IAAC,OAAO,GAAG,EAAE;KAEb;IACD,MAAM,QAAQ,CAAC,UAAU,CAAC,UAAU,CAAC,CAAC,UAAU,CAAC,IAAI,CAAC,CAAC;IACvD,MAAM,eAAe,CAAC,EAAE,CAAC,CAAC;AAC5B,CAAC;AAVD,wCAUC","sourcesContent":["import { Db, MongoClient } from 'mongodb';\n\nlet db: Db & { con?: MongoClient };\nconst connectionString = `mongodb://${process.env.MONGO_HOSTNAME}:${process.env.MONGO_PORT}`;\n\nasync function getDb() {\n  if (!db) {\n    const con = await MongoClient.connect(connectionString);\n    db = con.db(process.env.MONGO_DATABASE);\n    db.con = con;\n  }\n  return db;\n}\nasync function mongoDisconnect(db: Db & { con?: MongoClient }) {\n  if (db?.con) {\n    await db?.con.close();\n  }\n}\n\nexport async function seedCollection(collection: string, data: any) {\n  const database = await getDb();\n\n  try {\n    await database.collection(collection).drop();\n  } catch (err) {\n    // Ignore ns not found error\n  }\n  await database.collection(collection).insertMany(data);\n  await mongoDisconnect(db);\n}\n"]},"_coverageSchema":"1a1c01bbd47fc00a2c39e90264f33305004495a9","hash":"9fca4d64e31f56a86dd07237fdc544e5cd8ccdb4","contentHash":"1ec32787d5783b6d72e5f013209e53b9c5e786a66b6840b7fe3feb89da29af96"}}